<?xml version="1.0" encoding="UTF-8"?>
<testsuite name="com.rodolfobrandao.coremastermarket.tools.swagger.OpenApiConfigTest" tests="1" skipped="0" failures="0" errors="0" timestamp="2024-08-01T12:27:35" hostname="MacBook-Pro-de-Rodolfo.local" time="1.096">
  <properties/>
  <testcase name="testOpenApiConfig()" classname="com.rodolfobrandao.coremastermarket.tools.swagger.OpenApiConfigTest" time="1.096"/>
  <system-out><![CDATA[2024-08-01T09:27:33.590-03:00 DEBUG 10971 --- [coremastermarket] [    Test worker] .b.t.c.SpringBootTestContextBootstrapper : Neither @ContextConfiguration nor @ContextHierarchy found for test class [OpenApiConfigTest]: using SpringBootContextLoader
2024-08-01T09:27:33.591-03:00 DEBUG 10971 --- [coremastermarket] [    Test worker] o.s.t.c.support.AbstractContextLoader    : Could not detect default resource locations for test class [com.rodolfobrandao.coremastermarket.tools.swagger.OpenApiConfigTest]: no resource found for suffixes {-context.xml, Context.groovy}.
2024-08-01T09:27:33.591-03:00  INFO 10971 --- [coremastermarket] [    Test worker] t.c.s.AnnotationConfigContextLoaderUtils : Could not detect default configuration classes for test class [com.rodolfobrandao.coremastermarket.tools.swagger.OpenApiConfigTest]: OpenApiConfigTest does not declare any static, non-private, non-final, nested classes annotated with @Configuration.
2024-08-01T09:27:33.591-03:00 DEBUG 10971 --- [coremastermarket] [    Test worker] .b.t.c.SpringBootTestContextBootstrapper : Using ContextCustomizerFactory implementations for test class [OpenApiConfigTest]: [OverrideAutoConfigurationContextCustomizerFactory, ObservabilityContextCustomizerFactory, TypeExcludeFiltersContextCustomizerFactory, PropertyMappingContextCustomizerFactory, WebDriverContextCustomizerFactory, ImportsContextCustomizerFactory, ExcludeFilterContextCustomizerFactory, HttpGraphQlTesterContextCustomizerFactory, DuplicateJsonObjectContextCustomizerFactory, MockitoContextCustomizerFactory, TestRestTemplateContextCustomizerFactory, WebTestClientContextCustomizerFactory, DisableReactorResourceFactoryGlobalResourcesContextCustomizerFactory, MockServerContainerContextCustomizerFactory, DynamicPropertiesContextCustomizerFactory]
2024-08-01T09:27:33.592-03:00 DEBUG 10971 --- [coremastermarket] [    Test worker] .b.t.c.SpringBootTestContextBootstrapper : Using ContextCustomizers for test class [OpenApiConfigTest]: [DisableObservabilityContextCustomizer, PropertyMappingContextCustomizer, WebDriverContextCustomizer, ExcludeFilterContextCustomizer, DuplicateJsonObjectContextCustomizer, MockitoContextCustomizer, TestRestTemplateContextCustomizer, WebTestClientContextCustomizer, DisableReactorResourceFactoryGlobalResourcesContextCustomizerCustomizer]
2024-08-01T09:27:33.599-03:00 DEBUG 10971 --- [coremastermarket] [    Test worker] ssPathScanningCandidateComponentProvider : Identified candidate component class: file [/Users/rodolfobrandao/React Studio/Projeto Curso Final/coremastermarket/application-backend/build/classes/java/main/com/rodolfobrandao/coremastermarket/CoremastermarketApplication.class]
2024-08-01T09:27:33.599-03:00  INFO 10971 --- [coremastermarket] [    Test worker] .b.t.c.SpringBootTestContextBootstrapper : Found @SpringBootConfiguration com.rodolfobrandao.coremastermarket.CoremastermarketApplication for test class com.rodolfobrandao.coremastermarket.tools.swagger.OpenApiConfigTest
2024-08-01T09:27:33.600-03:00 DEBUG 10971 --- [coremastermarket] [    Test worker] .s.t.c.u.TestContextSpringFactoriesUtils : Skipping candidate TestExecutionListener [org.springframework.test.context.observation.MicrometerObservationRegistryTestExecutionListener] due to a missing dependency. Specify custom TestExecutionListener classes or make the default TestExecutionListener classes and their required dependencies available. Offending class: io.micrometer.context.ThreadLocalAccessor. MicrometerObservationRegistryTestExecutionListener requires io.micrometer:micrometer-observation:1.10.8 or higher and io.micrometer:context-propagation:1.0.3 or higher.
2024-08-01T09:27:33.600-03:00 DEBUG 10971 --- [coremastermarket] [    Test worker] .b.t.c.SpringBootTestContextBootstrapper : Using TestExecutionListeners for test class [OpenApiConfigTest]: [ServletTestExecutionListener, DirtiesContextBeforeModesTestExecutionListener, ApplicationEventsTestExecutionListener, MockitoTestExecutionListener, DependencyInjectionTestExecutionListener, DirtiesContextTestExecutionListener, TransactionalTestExecutionListener, SqlScriptsTestExecutionListener, WithSecurityContextTestExecutionListener, EventPublishingTestExecutionListener, ReactorContextTestExecutionListener, RestDocsTestExecutionListener, MockRestServiceServerResetTestExecutionListener, MockMvcPrintOnlyOnFailureTestExecutionListener, WebDriverTestExecutionListener, MockWebServiceServerTestExecutionListener, ResetMocksTestExecutionListener]
2024-08-01T09:27:33.600-03:00 DEBUG 10971 --- [coremastermarket] [    Test worker] sContextBeforeModesTestExecutionListener : Before test class: class [OpenApiConfigTest], class annotated with @DirtiesContext [false] with mode [null]
2024-08-01T09:27:33.600-03:00 DEBUG 10971 --- [coremastermarket] [    Test worker] DependencyInjectionTestExecutionListener : Performing dependency injection for test class com.rodolfobrandao.coremastermarket.tools.swagger.OpenApiConfigTest

  .   ____          _            __ _ _
 /\\ / ___'_ __ _ _(_)_ __  __ _ \ \ \ \
( ( )\___ | '_ | '_| | '_ \/ _` | \ \ \ \
 \\/  ___)| |_)| | | | | || (_| |  ) ) ) )
  '  |____| .__|_| |_|_| |_\__, | / / / /
 =========|_|==============|___/=/_/_/_/

 :: Spring Boot ::                (v3.3.2)

2024-08-01T09:27:33.631-03:00  WARN 10971 --- [coremastermarket] [    Test worker] ory$DuplicateJsonObjectContextCustomizer : 

Found multiple occurrences of org.json.JSONObject on the class path:

	jar:file:/Users/rodolfobrandao/.gradle/caches/modules-2/files-2.1/com.vaadin.external.google/android-json/0.0.20131108.vaadin1/fa26d351fe62a6a17f5cda1287c1c6110dec413f/android-json-0.0.20131108.vaadin1.jar!/org/json/JSONObject.class
	jar:file:/Users/rodolfobrandao/.gradle/caches/modules-2/files-2.1/org.json/json/20240303/ebb88e8fb5122b7506d5cf1d69f1ccdb790d22a/json-20240303.jar!/org/json/JSONObject.class

You may wish to exclude one of them to ensure predictable runtime behavior

2024-08-01T09:27:33.634-03:00  INFO 10971 --- [coremastermarket] [    Test worker] c.r.c.tools.swagger.OpenApiConfigTest    : Starting OpenApiConfigTest using Java 17.0.11 with PID 10971 (started by rodolfobrandao in /Users/rodolfobrandao/React Studio/Projeto Curso Final/coremastermarket/application-backend)
2024-08-01T09:27:33.634-03:00  INFO 10971 --- [coremastermarket] [    Test worker] c.r.c.tools.swagger.OpenApiConfigTest    : The following 1 profile is active: "test"
2024-08-01T09:27:33.634-03:00 DEBUG 10971 --- [coremastermarket] [    Test worker] o.s.boot.SpringApplication               : Loading source class com.rodolfobrandao.coremastermarket.CoremastermarketApplication
2024-08-01T09:27:33.635-03:00  WARN 10971 --- [coremastermarket] [    Test worker] ironmentPostProcessorApplicationListener : Your Okta Issuer URL is missing. You can copy your domain from the Okta Developer Console. Follow these instructions to find it: https://bit.ly/finding-okta-domain
To fix this add the `okta.oauth2.issuer` property to your application environments.
2024-08-01T09:27:33.635-03:00 DEBUG 10971 --- [coremastermarket] [    Test worker] ConfigServletWebServerApplicationContext : Refreshing org.springframework.boot.web.servlet.context.AnnotationConfigServletWebServerApplicationContext@6c3d3d83
2024-08-01T09:27:33.642-03:00 DEBUG 10971 --- [coremastermarket] [    Test worker] o.s.b.f.s.DefaultListableBeanFactory     : Creating shared instance of singleton bean 'org.springframework.context.annotation.internalConfigurationAnnotationProcessor'
2024-08-01T09:27:33.642-03:00 DEBUG 10971 --- [coremastermarket] [    Test worker] o.s.b.f.s.DefaultListableBeanFactory     : Creating shared instance of singleton bean 'org.springframework.boot.autoconfigure.internalCachingMetadataReaderFactory'
2024-08-01T09:27:33.649-03:00 DEBUG 10971 --- [coremastermarket] [    Test worker] o.s.c.a.ClassPathBeanDefinitionScanner   : Identified candidate component class: file [/Users/rodolfobrandao/React Studio/Projeto Curso Final/coremastermarket/application-backend/build/classes/java/test/com/rodolfobrandao/coremastermarket/tools/TestConfig.class]
2024-08-01T09:27:33.650-03:00 DEBUG 10971 --- [coremastermarket] [    Test worker] o.s.c.a.ClassPathBeanDefinitionScanner   : Identified candidate component class: file [/Users/rodolfobrandao/React Studio/Projeto Curso Final/coremastermarket/application-backend/build/classes/java/main/com/rodolfobrandao/coremastermarket/config/PreLoadDatabase.class]
2024-08-01T09:27:33.651-03:00 DEBUG 10971 --- [coremastermarket] [    Test worker] o.s.c.a.ClassPathBeanDefinitionScanner   : Identified candidate component class: file [/Users/rodolfobrandao/React Studio/Projeto Curso Final/coremastermarket/application-backend/build/classes/java/main/com/rodolfobrandao/coremastermarket/controllers/cliente/ClienteController.class]
2024-08-01T09:27:33.651-03:00 DEBUG 10971 --- [coremastermarket] [    Test worker] o.s.c.a.ClassPathBeanDefinitionScanner   : Identified candidate component class: file [/Users/rodolfobrandao/React Studio/Projeto Curso Final/coremastermarket/application-backend/build/classes/java/main/com/rodolfobrandao/coremastermarket/controllers/pdv/MetadosPagamentosController.class]
2024-08-01T09:27:33.651-03:00 DEBUG 10971 --- [coremastermarket] [    Test worker] o.s.c.a.ClassPathBeanDefinitionScanner   : Identified candidate component class: file [/Users/rodolfobrandao/React Studio/Projeto Curso Final/coremastermarket/application-backend/build/classes/java/main/com/rodolfobrandao/coremastermarket/controllers/pdv/ModoPagamentoController.class]
2024-08-01T09:27:33.651-03:00 DEBUG 10971 --- [coremastermarket] [    Test worker] o.s.c.a.ClassPathBeanDefinitionScanner   : Identified candidate component class: file [/Users/rodolfobrandao/React Studio/Projeto Curso Final/coremastermarket/application-backend/build/classes/java/main/com/rodolfobrandao/coremastermarket/controllers/pdv/VendaController.class]
2024-08-01T09:27:33.651-03:00 DEBUG 10971 --- [coremastermarket] [    Test worker] o.s.c.a.ClassPathBeanDefinitionScanner   : Identified candidate component class: file [/Users/rodolfobrandao/React Studio/Projeto Curso Final/coremastermarket/application-backend/build/classes/java/main/com/rodolfobrandao/coremastermarket/controllers/produto/MarcaController.class]
2024-08-01T09:27:33.651-03:00 DEBUG 10971 --- [coremastermarket] [    Test worker] o.s.c.a.ClassPathBeanDefinitionScanner   : Identified candidate component class: file [/Users/rodolfobrandao/React Studio/Projeto Curso Final/coremastermarket/application-backend/build/classes/java/main/com/rodolfobrandao/coremastermarket/controllers/produto/ProdutoController.class]
2024-08-01T09:27:33.653-03:00 DEBUG 10971 --- [coremastermarket] [    Test worker] o.s.c.a.ClassPathBeanDefinitionScanner   : Ignored because not a concrete top-level class: file [/Users/rodolfobrandao/React Studio/Projeto Curso Final/coremastermarket/application-backend/build/classes/java/main/com/rodolfobrandao/coremastermarket/repositories/cliente/ClienteRepository.class]
2024-08-01T09:27:33.653-03:00 DEBUG 10971 --- [coremastermarket] [    Test worker] o.s.c.a.ClassPathBeanDefinitionScanner   : Ignored because not a concrete top-level class: file [/Users/rodolfobrandao/React Studio/Projeto Curso Final/coremastermarket/application-backend/build/classes/java/main/com/rodolfobrandao/coremastermarket/repositories/pdv/VendaRepository.class]
2024-08-01T09:27:33.653-03:00 DEBUG 10971 --- [coremastermarket] [    Test worker] o.s.c.a.ClassPathBeanDefinitionScanner   : Ignored because not a concrete top-level class: file [/Users/rodolfobrandao/React Studio/Projeto Curso Final/coremastermarket/application-backend/build/classes/java/main/com/rodolfobrandao/coremastermarket/repositories/produto/MarcaRepository.class]
2024-08-01T09:27:33.653-03:00 DEBUG 10971 --- [coremastermarket] [    Test worker] o.s.c.a.ClassPathBeanDefinitionScanner   : Ignored because not a concrete top-level class: file [/Users/rodolfobrandao/React Studio/Projeto Curso Final/coremastermarket/application-backend/build/classes/java/main/com/rodolfobrandao/coremastermarket/repositories/produto/ProdutoRepository.class]
2024-08-01T09:27:33.653-03:00 DEBUG 10971 --- [coremastermarket] [    Test worker] o.s.c.a.ClassPathBeanDefinitionScanner   : Identified candidate component class: file [/Users/rodolfobrandao/React Studio/Projeto Curso Final/coremastermarket/application-backend/build/classes/java/main/com/rodolfobrandao/coremastermarket/repositories/tools/GenericQueryServiceConfig.class]
2024-08-01T09:27:33.654-03:00 DEBUG 10971 --- [coremastermarket] [    Test worker] o.s.c.a.ClassPathBeanDefinitionScanner   : Identified candidate component class: file [/Users/rodolfobrandao/React Studio/Projeto Curso Final/coremastermarket/application-backend/build/classes/java/main/com/rodolfobrandao/coremastermarket/security/AuthorizationService.class]
2024-08-01T09:27:33.654-03:00 DEBUG 10971 --- [coremastermarket] [    Test worker] o.s.c.a.ClassPathBeanDefinitionScanner   : Identified candidate component class: file [/Users/rodolfobrandao/React Studio/Projeto Curso Final/coremastermarket/application-backend/build/classes/java/main/com/rodolfobrandao/coremastermarket/security/config/JacksonConfig.class]
2024-08-01T09:27:33.654-03:00 DEBUG 10971 --- [coremastermarket] [    Test worker] o.s.c.a.ClassPathBeanDefinitionScanner   : Identified candidate component class: file [/Users/rodolfobrandao/React Studio/Projeto Curso Final/coremastermarket/application-backend/build/classes/java/main/com/rodolfobrandao/coremastermarket/security/config/SecurityConfiguration.class]
2024-08-01T09:27:33.654-03:00 DEBUG 10971 --- [coremastermarket] [    Test worker] o.s.c.a.ClassPathBeanDefinitionScanner   : Identified candidate component class: file [/Users/rodolfobrandao/React Studio/Projeto Curso Final/coremastermarket/application-backend/build/classes/java/main/com/rodolfobrandao/coremastermarket/security/config/TokenService.class]
2024-08-01T09:27:33.654-03:00 DEBUG 10971 --- [coremastermarket] [    Test worker] o.s.c.a.ClassPathBeanDefinitionScanner   : Identified candidate component class: file [/Users/rodolfobrandao/React Studio/Projeto Curso Final/coremastermarket/application-backend/build/classes/java/main/com/rodolfobrandao/coremastermarket/security/controllers/AuthenticationController.class]
2024-08-01T09:27:33.654-03:00 DEBUG 10971 --- [coremastermarket] [    Test worker] o.s.c.a.ClassPathBeanDefinitionScanner   : Identified candidate component class: file [/Users/rodolfobrandao/React Studio/Projeto Curso Final/coremastermarket/application-backend/build/classes/java/main/com/rodolfobrandao/coremastermarket/security/models/user/SecurityFilter.class]
2024-08-01T09:27:33.655-03:00 DEBUG 10971 --- [coremastermarket] [    Test worker] o.s.c.a.ClassPathBeanDefinitionScanner   : Identified candidate component class: file [/Users/rodolfobrandao/React Studio/Projeto Curso Final/coremastermarket/application-backend/build/classes/java/main/com/rodolfobrandao/coremastermarket/services/cliente/ClienteService.class]
2024-08-01T09:27:33.655-03:00 DEBUG 10971 --- [coremastermarket] [    Test worker] o.s.c.a.ClassPathBeanDefinitionScanner   : Identified candidate component class: file [/Users/rodolfobrandao/React Studio/Projeto Curso Final/coremastermarket/application-backend/build/classes/java/main/com/rodolfobrandao/coremastermarket/services/produto/MarcaService.class]
2024-08-01T09:27:33.655-03:00 DEBUG 10971 --- [coremastermarket] [    Test worker] o.s.c.a.ClassPathBeanDefinitionScanner   : Identified candidate component class: file [/Users/rodolfobrandao/React Studio/Projeto Curso Final/coremastermarket/application-backend/build/classes/java/main/com/rodolfobrandao/coremastermarket/services/produto/ProdutoService.class]
2024-08-01T09:27:33.655-03:00 DEBUG 10971 --- [coremastermarket] [    Test worker] o.s.c.a.ClassPathBeanDefinitionScanner   : Identified candidate component class: file [/Users/rodolfobrandao/React Studio/Projeto Curso Final/coremastermarket/application-backend/build/classes/java/main/com/rodolfobrandao/coremastermarket/services/pve/MetadosPagamentoService.class]
2024-08-01T09:27:33.655-03:00 DEBUG 10971 --- [coremastermarket] [    Test worker] o.s.c.a.ClassPathBeanDefinitionScanner   : Identified candidate component class: file [/Users/rodolfobrandao/React Studio/Projeto Curso Final/coremastermarket/application-backend/build/classes/java/main/com/rodolfobrandao/coremastermarket/services/pve/ModoPagamentoService.class]
2024-08-01T09:27:33.656-03:00 DEBUG 10971 --- [coremastermarket] [    Test worker] o.s.c.a.ClassPathBeanDefinitionScanner   : Identified candidate component class: file [/Users/rodolfobrandao/React Studio/Projeto Curso Final/coremastermarket/application-backend/build/classes/java/main/com/rodolfobrandao/coremastermarket/services/pve/VendaService.class]
2024-08-01T09:27:33.656-03:00 DEBUG 10971 --- [coremastermarket] [    Test worker] o.s.c.a.ClassPathBeanDefinitionScanner   : Identified candidate component class: file [/Users/rodolfobrandao/React Studio/Projeto Curso Final/coremastermarket/application-backend/build/classes/java/main/com/rodolfobrandao/coremastermarket/specifications/GenericQueryServiceImpl.class]
2024-08-01T09:27:33.656-03:00 DEBUG 10971 --- [coremastermarket] [    Test worker] o.s.c.a.ClassPathBeanDefinitionScanner   : Identified candidate component class: file [/Users/rodolfobrandao/React Studio/Projeto Curso Final/coremastermarket/application-backend/build/classes/java/main/com/rodolfobrandao/coremastermarket/specifications/GenericService.class]
2024-08-01T09:27:33.656-03:00 DEBUG 10971 --- [coremastermarket] [    Test worker] o.s.c.a.ClassPathBeanDefinitionScanner   : Identified candidate component class: file [/Users/rodolfobrandao/React Studio/Projeto Curso Final/coremastermarket/application-backend/build/classes/java/main/com/rodolfobrandao/coremastermarket/tools/GlobalExceptionHandler.class]
2024-08-01T09:27:33.656-03:00 DEBUG 10971 --- [coremastermarket] [    Test worker] o.s.c.a.ClassPathBeanDefinitionScanner   : Identified candidate component class: file [/Users/rodolfobrandao/React Studio/Projeto Curso Final/coremastermarket/application-backend/build/classes/java/main/com/rodolfobrandao/coremastermarket/tools/swagger/OpenApiConfig.class]
2024-08-01T09:27:33.656-03:00 DEBUG 10971 --- [coremastermarket] [    Test worker] o.s.c.a.ClassPathBeanDefinitionScanner   : Identified candidate component class: file [/Users/rodolfobrandao/React Studio/Projeto Curso Final/coremastermarket/application-backend/build/classes/java/main/com/rodolfobrandao/coremastermarket/tools/swagger/SwaggerAspect.class]
2024-08-01T09:27:33.892-03:00  INFO 10971 --- [coremastermarket] [    Test worker] .s.d.r.c.RepositoryConfigurationDelegate : Multiple Spring Data modules found, entering strict repository configuration mode
2024-08-01T09:27:33.893-03:00  INFO 10971 --- [coremastermarket] [    Test worker] .s.d.r.c.RepositoryConfigurationDelegate : Bootstrapping Spring Data JPA repositories in DEFAULT mode.
2024-08-01T09:27:33.893-03:00 DEBUG 10971 --- [coremastermarket] [    Test worker] o.s.b.f.s.DefaultListableBeanFactory     : Creating shared instance of singleton bean 'org.springframework.boot.autoconfigure.AutoConfigurationPackages'
2024-08-01T09:27:33.893-03:00 DEBUG 10971 --- [coremastermarket] [    Test worker] o.s.b.a.AutoConfigurationPackages        : @EnableAutoConfiguration was declared on a class in the package 'com.rodolfobrandao.coremastermarket'. Automatic @Repository and @Entity scanning is enabled.
2024-08-01T09:27:33.893-03:00 DEBUG 10971 --- [coremastermarket] [    Test worker] .s.d.r.c.RepositoryConfigurationDelegate : Scanning for JPA repositories in packages com.rodolfobrandao.coremastermarket.
2024-08-01T09:27:33.899-03:00 DEBUG 10971 --- [coremastermarket] [    Test worker] o.s.d.r.c.RepositoryComponentProvider    : Identified candidate component class: file [/Users/rodolfobrandao/React Studio/Projeto Curso Final/coremastermarket/application-backend/build/classes/java/main/com/rodolfobrandao/coremastermarket/repositories/cliente/ClienteRepository.class]
2024-08-01T09:27:33.899-03:00 DEBUG 10971 --- [coremastermarket] [    Test worker] o.s.d.r.c.RepositoryComponentProvider    : Identified candidate component class: file [/Users/rodolfobrandao/React Studio/Projeto Curso Final/coremastermarket/application-backend/build/classes/java/main/com/rodolfobrandao/coremastermarket/repositories/pdv/MetadosPagamentosRepository.class]
2024-08-01T09:27:33.899-03:00 DEBUG 10971 --- [coremastermarket] [    Test worker] o.s.d.r.c.RepositoryComponentProvider    : Identified candidate component class: file [/Users/rodolfobrandao/React Studio/Projeto Curso Final/coremastermarket/application-backend/build/classes/java/main/com/rodolfobrandao/coremastermarket/repositories/pdv/ModoPagamentoRepository.class]
2024-08-01T09:27:33.899-03:00 DEBUG 10971 --- [coremastermarket] [    Test worker] o.s.d.r.c.RepositoryComponentProvider    : Identified candidate component class: file [/Users/rodolfobrandao/React Studio/Projeto Curso Final/coremastermarket/application-backend/build/classes/java/main/com/rodolfobrandao/coremastermarket/repositories/pdv/VendaRepository.class]
2024-08-01T09:27:33.899-03:00 DEBUG 10971 --- [coremastermarket] [    Test worker] o.s.d.r.c.RepositoryComponentProvider    : Identified candidate component class: file [/Users/rodolfobrandao/React Studio/Projeto Curso Final/coremastermarket/application-backend/build/classes/java/main/com/rodolfobrandao/coremastermarket/repositories/produto/MarcaRepository.class]
2024-08-01T09:27:33.899-03:00 DEBUG 10971 --- [coremastermarket] [    Test worker] o.s.d.r.c.RepositoryComponentProvider    : Identified candidate component class: file [/Users/rodolfobrandao/React Studio/Projeto Curso Final/coremastermarket/application-backend/build/classes/java/main/com/rodolfobrandao/coremastermarket/repositories/produto/ProdutoRepository.class]
2024-08-01T09:27:33.901-03:00 DEBUG 10971 --- [coremastermarket] [    Test worker] o.s.d.r.c.RepositoryComponentProvider    : Identified candidate component class: file [/Users/rodolfobrandao/React Studio/Projeto Curso Final/coremastermarket/application-backend/build/classes/java/main/com/rodolfobrandao/coremastermarket/security/repositories/UserRepository.class]
2024-08-01T09:27:33.908-03:00 DEBUG 10971 --- [coremastermarket] [    Test worker] ssPathScanningCandidateComponentProvider : Identified candidate component class: file [/Users/rodolfobrandao/React Studio/Projeto Curso Final/coremastermarket/application-backend/build/classes/java/main/com/rodolfobrandao/coremastermarket/specifications/GenericQueryServiceImpl.class]
2024-08-01T09:27:33.910-03:00  INFO 10971 --- [coremastermarket] [    Test worker] .s.d.r.c.RepositoryConfigurationDelegate : Finished Spring Data repository scanning in 17 ms. Found 7 JPA repository interfaces.
2024-08-01T09:27:33.917-03:00  INFO 10971 --- [coremastermarket] [    Test worker] .s.d.r.c.RepositoryConfigurationDelegate : Multiple Spring Data modules found, entering strict repository configuration mode
2024-08-01T09:27:33.917-03:00  INFO 10971 --- [coremastermarket] [    Test worker] .s.d.r.c.RepositoryConfigurationDelegate : Bootstrapping Spring Data JDBC repositories in DEFAULT mode.
2024-08-01T09:27:33.917-03:00 DEBUG 10971 --- [coremastermarket] [    Test worker] .s.d.r.c.RepositoryConfigurationDelegate : Scanning for JDBC repositories in packages com.rodolfobrandao.coremastermarket.
2024-08-01T09:27:33.922-03:00 DEBUG 10971 --- [coremastermarket] [    Test worker] o.s.d.r.c.RepositoryComponentProvider    : Identified candidate component class: file [/Users/rodolfobrandao/React Studio/Projeto Curso Final/coremastermarket/application-backend/build/classes/java/main/com/rodolfobrandao/coremastermarket/repositories/cliente/ClienteRepository.class]
2024-08-01T09:27:33.923-03:00 DEBUG 10971 --- [coremastermarket] [    Test worker] o.s.d.r.c.RepositoryComponentProvider    : Identified candidate component class: file [/Users/rodolfobrandao/React Studio/Projeto Curso Final/coremastermarket/application-backend/build/classes/java/main/com/rodolfobrandao/coremastermarket/repositories/pdv/MetadosPagamentosRepository.class]
2024-08-01T09:27:33.923-03:00 DEBUG 10971 --- [coremastermarket] [    Test worker] o.s.d.r.c.RepositoryComponentProvider    : Identified candidate component class: file [/Users/rodolfobrandao/React Studio/Projeto Curso Final/coremastermarket/application-backend/build/classes/java/main/com/rodolfobrandao/coremastermarket/repositories/pdv/ModoPagamentoRepository.class]
2024-08-01T09:27:33.923-03:00 DEBUG 10971 --- [coremastermarket] [    Test worker] o.s.d.r.c.RepositoryComponentProvider    : Identified candidate component class: file [/Users/rodolfobrandao/React Studio/Projeto Curso Final/coremastermarket/application-backend/build/classes/java/main/com/rodolfobrandao/coremastermarket/repositories/pdv/VendaRepository.class]
2024-08-01T09:27:33.923-03:00 DEBUG 10971 --- [coremastermarket] [    Test worker] o.s.d.r.c.RepositoryComponentProvider    : Identified candidate component class: file [/Users/rodolfobrandao/React Studio/Projeto Curso Final/coremastermarket/application-backend/build/classes/java/main/com/rodolfobrandao/coremastermarket/repositories/produto/MarcaRepository.class]
2024-08-01T09:27:33.923-03:00 DEBUG 10971 --- [coremastermarket] [    Test worker] o.s.d.r.c.RepositoryComponentProvider    : Identified candidate component class: file [/Users/rodolfobrandao/React Studio/Projeto Curso Final/coremastermarket/application-backend/build/classes/java/main/com/rodolfobrandao/coremastermarket/repositories/produto/ProdutoRepository.class]
2024-08-01T09:27:33.923-03:00 DEBUG 10971 --- [coremastermarket] [    Test worker] o.s.d.r.c.RepositoryComponentProvider    : Identified candidate component class: file [/Users/rodolfobrandao/React Studio/Projeto Curso Final/coremastermarket/application-backend/build/classes/java/main/com/rodolfobrandao/coremastermarket/security/repositories/UserRepository.class]
2024-08-01T09:27:33.923-03:00  INFO 10971 --- [coremastermarket] [    Test worker] .RepositoryConfigurationExtensionSupport : Spring Data JDBC - Could not safely identify store assignment for repository candidate interface com.rodolfobrandao.coremastermarket.repositories.cliente.ClienteRepository; If you want this repository to be a JDBC repository, consider annotating your entities with one of these annotations: org.springframework.data.relational.core.mapping.Table.
2024-08-01T09:27:33.923-03:00  INFO 10971 --- [coremastermarket] [    Test worker] .RepositoryConfigurationExtensionSupport : Spring Data JDBC - Could not safely identify store assignment for repository candidate interface com.rodolfobrandao.coremastermarket.repositories.pdv.MetadosPagamentosRepository; If you want this repository to be a JDBC repository, consider annotating your entities with one of these annotations: org.springframework.data.relational.core.mapping.Table.
2024-08-01T09:27:33.923-03:00  INFO 10971 --- [coremastermarket] [    Test worker] .RepositoryConfigurationExtensionSupport : Spring Data JDBC - Could not safely identify store assignment for repository candidate interface com.rodolfobrandao.coremastermarket.repositories.pdv.ModoPagamentoRepository; If you want this repository to be a JDBC repository, consider annotating your entities with one of these annotations: org.springframework.data.relational.core.mapping.Table.
2024-08-01T09:27:33.923-03:00  INFO 10971 --- [coremastermarket] [    Test worker] .RepositoryConfigurationExtensionSupport : Spring Data JDBC - Could not safely identify store assignment for repository candidate interface com.rodolfobrandao.coremastermarket.repositories.pdv.VendaRepository; If you want this repository to be a JDBC repository, consider annotating your entities with one of these annotations: org.springframework.data.relational.core.mapping.Table.
2024-08-01T09:27:33.923-03:00  INFO 10971 --- [coremastermarket] [    Test worker] .RepositoryConfigurationExtensionSupport : Spring Data JDBC - Could not safely identify store assignment for repository candidate interface com.rodolfobrandao.coremastermarket.repositories.produto.MarcaRepository; If you want this repository to be a JDBC repository, consider annotating your entities with one of these annotations: org.springframework.data.relational.core.mapping.Table.
2024-08-01T09:27:33.923-03:00  INFO 10971 --- [coremastermarket] [    Test worker] .RepositoryConfigurationExtensionSupport : Spring Data JDBC - Could not safely identify store assignment for repository candidate interface com.rodolfobrandao.coremastermarket.repositories.produto.ProdutoRepository; If you want this repository to be a JDBC repository, consider annotating your entities with one of these annotations: org.springframework.data.relational.core.mapping.Table.
2024-08-01T09:27:33.924-03:00  INFO 10971 --- [coremastermarket] [    Test worker] .RepositoryConfigurationExtensionSupport : Spring Data JDBC - Could not safely identify store assignment for repository candidate interface com.rodolfobrandao.coremastermarket.security.repositories.UserRepository; If you want this repository to be a JDBC repository, consider annotating your entities with one of these annotations: org.springframework.data.relational.core.mapping.Table.
2024-08-01T09:27:33.924-03:00  INFO 10971 --- [coremastermarket] [    Test worker] .s.d.r.c.RepositoryConfigurationDelegate : Finished Spring Data repository scanning in 6 ms. Found 0 JDBC repository interfaces.
2024-08-01T09:27:33.961-03:00 DEBUG 10971 --- [coremastermarket] [    Test worker] o.s.b.f.s.DefaultListableBeanFactory     : Creating shared instance of singleton bean 'org.springframework.boot.test.web.client.TestRestTemplateContextCustomizer$TestRestTemplateRegistrar'
2024-08-01T09:27:33.961-03:00 DEBUG 10971 --- [coremastermarket] [    Test worker] o.s.b.f.s.DefaultListableBeanFactory     : Creating shared instance of singleton bean 'org.springframework.boot.test.web.reactive.server.WebTestClientContextCustomizer$WebTestClientRegistrar'
2024-08-01T09:27:33.962-03:00 DEBUG 10971 --- [coremastermarket] [    Test worker] o.s.b.f.s.DefaultListableBeanFactory     : Creating shared instance of singleton bean 'refreshScope'
2024-08-01T09:27:33.966-03:00 DEBUG 10971 --- [coremastermarket] [    Test worker] o.s.b.f.s.DefaultListableBeanFactory     : Creating shared instance of singleton bean 'springSecurityHandlerMappingIntrospectorBeanDefinitionRegistryPostProcessor'
2024-08-01T09:27:33.966-03:00 DEBUG 10971 --- [coremastermarket] [    Test worker] o.s.b.f.s.DefaultListableBeanFactory     : Creating shared instance of singleton bean 'authorizedClientManagerRegistrar'
2024-08-01T09:27:33.966-03:00 DEBUG 10971 --- [coremastermarket] [    Test worker] o.s.b.f.s.DefaultListableBeanFactory     : Creating shared instance of singleton bean 'org.springframework.security.config.annotation.web.configuration.OAuth2ClientConfiguration$OAuth2AuthorizedClientManagerConfiguration'
2024-08-01T09:27:33.966-03:00 DEBUG 10971 --- [coremastermarket] [    Test worker] o.s.b.f.s.DefaultListableBeanFactory     : Creating shared instance of singleton bean 'org.springframework.cloud.autoconfigure.RefreshAutoConfiguration$RefreshScopeBeanDefinitionEnhancer'
2024-08-01T09:27:33.971-03:00 DEBUG 10971 --- [coremastermarket] [    Test worker] o.s.cloud.context.scope.GenericScope     : Generating bean factory id from names: [additionalModelsConverter, applicationAvailability, applicationTaskExecutor, authenticationController, authenticationManager, authenticationManagerBuilder, authorizationService, authorizedClientManagerRegistrar, basicErrorController, beanNameHandlerMapping, beanNameViewResolver, characterEncodingFilter, chatClientBuilder, chatClientBuilderConfigurer, clienteController, clienteRepository, clienteService, compositeCompatibilityVerifier, compositeDiscoveryClient, configDataContextRefresher, configurationPropertiesBeans, configurationPropertiesRebinder, conventionErrorViewResolver, conversionServicePostProcessor, cookieSerializer, coremastermarketApplication, customOpenAPI, data-jdbc.repository-aot-processor#0, data-jpa.repository-aot-processor#0, dataAccessStrategyBean, dataSource, dataSourceScriptDatabaseInitializer, defaultCodecCustomizer, defaultServletHandlerMapping, defaultTemplateResolver, defaultValidator, defaultViewResolver, defaultsBindHandlerAdvisor, delegatingApplicationListener, delegatingMethodParameterCustomizer, dispatcherServlet, dispatcherServletRegistration, emBeanDefinitionRegistrarPostProcessor, enableGlobalAuthenticationAutowiredConfigurer, entityManagerFactory, entityManagerFactoryBuilder, environmentManager, error, errorAttributes, errorPageCustomizer, errorPageRegistrarBeanPostProcessor, exchangeStrategiesCustomizer, fileSupportConverter, fileWatcher, flashMapManager, formContentFilter, functionCatalog, functionRouter, genericQueryServiceConfig, genericQueryServiceImpl, genericReturnTypeParser, genericService, globalExceptionHandler, gson, gsonBuilder, handlerExceptionResolver, handlerFunctionAdapter, hikariPoolDataSourceMetadataProvider, httpMessageConvertersRestClientCustomizer, httpRequestHandlerAdapter, indexPageTransformer, inetUtils, inetUtilsProperties, initializeAuthenticationProviderBeanManagerConfigurer, initializeUserDetailsBeanManagerConfigurer, jacksonCodecCustomizer, jacksonConfig, jacksonGeoModule, jacksonObjectMapperBuilder, jdbcAggregateTemplate, jdbcClient, jdbcConnectionDetails, jdbcConnectionDetailsHikariBeanPostProcessor, jdbcConverter, jdbcCustomConversions, jdbcDialect, jdbcManagedTypes, jdbcMappingContext, jdbcTemplate, jpa.ClienteRepository.fragments#0, jpa.MarcaRepository.fragments#0, jpa.MetadosPagamentosRepository.fragments#0, jpa.ModoPagamentoRepository.fragments#0, jpa.ProdutoRepository.fragments#0, jpa.UserRepository.fragments#0, jpa.VendaRepository.fragments#0, jpa.named-queries#0, jpa.named-queries#1, jpa.named-queries#2, jpa.named-queries#3, jpa.named-queries#4, jpa.named-queries#5, jpa.named-queries#6, jpaContext, jpaMappingContext, jpaSharedEM_entityManagerFactory, jpaVendorAdapter, jsonComponentModule, jsonMapper, jsonMixinModule, jsonMixinModuleEntries, lifecycleProcessor, loadBalancerClientsDefaultsMappingsProvider, localSpringDocParameterNameDiscoverer, localeCharsetMappingsCustomizer, localeResolver, loggingRebinder, mappingJackson2HttpMessageConverter, marcaController, marcaRepository, marcaService, messageConverters, metadosPagamentoService, metadosPagamentosController, metadosPagamentosRepository, methodValidationPostProcessor, modelConverterRegistrar, modoPagamentoController, modoPagamentoRepository, modoPagamentoService, multipartConfigElement, multipartResolver, mvcContentNegotiationManager, mvcConversionService, mvcHandlerMappingIntrospector, mvcHandlerMappingIntrospectorRequestTransformer, mvcPathMatcher, mvcPatternParser, mvcResourceUrlProvider, mvcUriComponentsContributor, mvcUrlPathHelper, mvcValidator, mvcViewResolver, namedParameterJdbcTemplate, nativeFunctionInvocationHelper, nettyWebServerFactoryCustomizer, objectMapper, objectPostProcessor, offsetResolver, ollamaApi, ollamaChatModel, ollamaConnectionDetails, ollamaEmbeddingModel, openAPIBuilder, openApiConfig, openApiResource, openEntityManagerInViewInterceptor, openEntityManagerInViewInterceptorConfigurer, operationBuilder, org.springdoc.core.configuration.SpringDocConfiguration, org.springdoc.core.configuration.SpringDocConfiguration$OpenApiResourceAdvice, org.springdoc.core.configuration.SpringDocConfiguration$QuerydslProvider, org.springdoc.core.configuration.SpringDocConfiguration$SpringDocSpringDataWebPropertiesProvider, org.springdoc.core.configuration.SpringDocConfiguration$SpringDocWebFluxSupportConfiguration, org.springdoc.core.configuration.SpringDocConfiguration$WebConversionServiceConfiguration, org.springdoc.core.configuration.SpringDocPageableConfiguration, org.springdoc.core.configuration.SpringDocSecurityConfiguration, org.springdoc.core.configuration.SpringDocSecurityConfiguration$SpringSecurityLoginEndpointConfiguration, org.springdoc.core.configuration.SpringDocSortConfiguration, org.springdoc.core.configuration.SpringDocUIConfiguration, org.springdoc.core.properties.SpringDocConfigProperties, org.springdoc.core.properties.SwaggerUiConfigParameters, org.springdoc.core.properties.SwaggerUiConfigProperties, org.springdoc.core.properties.SwaggerUiOAuthProperties, org.springdoc.webmvc.core.configuration.SpringDocWebMvcConfiguration, org.springdoc.webmvc.core.configuration.SpringDocWebMvcConfiguration$SpringDocWebMvcRouterConfiguration, org.springdoc.webmvc.ui.SwaggerConfig, org.springframework.ai.autoconfigure.chat.client.ChatClientAutoConfiguration, org.springframework.ai.autoconfigure.ollama.OllamaAutoConfiguration, org.springframework.ai.autoconfigure.retry.SpringAiRetryAutoConfiguration, org.springframework.aop.config.internalAutoProxyCreator, org.springframework.boot.autoconfigure.AutoConfigurationPackages, org.springframework.boot.autoconfigure.aop.AopAutoConfiguration, org.springframework.boot.autoconfigure.aop.AopAutoConfiguration$AspectJAutoProxyingConfiguration, org.springframework.boot.autoconfigure.aop.AopAutoConfiguration$AspectJAutoProxyingConfiguration$CglibAutoProxyConfiguration, org.springframework.boot.autoconfigure.availability.ApplicationAvailabilityAutoConfiguration, org.springframework.boot.autoconfigure.context.ConfigurationPropertiesAutoConfiguration, org.springframework.boot.autoconfigure.context.LifecycleAutoConfiguration, org.springframework.boot.autoconfigure.context.PropertyPlaceholderAutoConfiguration, org.springframework.boot.autoconfigure.dao.PersistenceExceptionTranslationAutoConfiguration, org.springframework.boot.autoconfigure.data.jdbc.JdbcRepositoriesAutoConfiguration, org.springframework.boot.autoconfigure.data.jdbc.JdbcRepositoriesAutoConfiguration$JdbcRepositoriesConfiguration, org.springframework.boot.autoconfigure.data.jdbc.JdbcRepositoriesAutoConfiguration$SpringBootJdbcConfiguration, org.springframework.boot.autoconfigure.data.jpa.JpaRepositoriesAutoConfiguration, org.springframework.boot.autoconfigure.data.web.SpringDataWebAutoConfiguration, org.springframework.boot.autoconfigure.gson.GsonAutoConfiguration, org.springframework.boot.autoconfigure.http.GsonHttpMessageConvertersConfiguration, org.springframework.boot.autoconfigure.http.HttpMessageConvertersAutoConfiguration, org.springframework.boot.autoconfigure.http.HttpMessageConvertersAutoConfiguration$StringHttpMessageConverterConfiguration, org.springframework.boot.autoconfigure.http.JacksonHttpMessageConvertersConfiguration, org.springframework.boot.autoconfigure.http.JacksonHttpMessageConvertersConfiguration$MappingJackson2HttpMessageConverterConfiguration, org.springframework.boot.autoconfigure.http.codec.CodecsAutoConfiguration, org.springframework.boot.autoconfigure.http.codec.CodecsAutoConfiguration$DefaultCodecsConfiguration, org.springframework.boot.autoconfigure.http.codec.CodecsAutoConfiguration$JacksonCodecConfiguration, org.springframework.boot.autoconfigure.info.ProjectInfoAutoConfiguration, org.springframework.boot.autoconfigure.internalCachingMetadataReaderFactory, org.springframework.boot.autoconfigure.jackson.JacksonAutoConfiguration, org.springframework.boot.autoconfigure.jackson.JacksonAutoConfiguration$Jackson2ObjectMapperBuilderCustomizerConfiguration, org.springframework.boot.autoconfigure.jackson.JacksonAutoConfiguration$JacksonMixinConfiguration, org.springframework.boot.autoconfigure.jackson.JacksonAutoConfiguration$JacksonObjectMapperBuilderConfiguration, org.springframework.boot.autoconfigure.jackson.JacksonAutoConfiguration$JacksonObjectMapperConfiguration, org.springframework.boot.autoconfigure.jackson.JacksonAutoConfiguration$ParameterNamesModuleConfiguration, org.springframework.boot.autoconfigure.jdbc.DataSourceAutoConfiguration, org.springframework.boot.autoconfigure.jdbc.DataSourceAutoConfiguration$PooledDataSourceConfiguration, org.springframework.boot.autoconfigure.jdbc.DataSourceConfiguration$Hikari, org.springframework.boot.autoconfigure.jdbc.DataSourceTransactionManagerAutoConfiguration, org.springframework.boot.autoconfigure.jdbc.DataSourceTransactionManagerAutoConfiguration$JdbcTransactionManagerConfiguration, org.springframework.boot.autoconfigure.jdbc.JdbcClientAutoConfiguration, org.springframework.boot.autoconfigure.jdbc.JdbcTemplateAutoConfiguration, org.springframework.boot.autoconfigure.jdbc.JdbcTemplateConfiguration, org.springframework.boot.autoconfigure.jdbc.NamedParameterJdbcTemplateConfiguration, org.springframework.boot.autoconfigure.jdbc.metadata.DataSourcePoolMetadataProvidersConfiguration, org.springframework.boot.autoconfigure.jdbc.metadata.DataSourcePoolMetadataProvidersConfiguration$HikariPoolDataSourceMetadataProviderConfiguration, org.springframework.boot.autoconfigure.netty.NettyAutoConfiguration, org.springframework.boot.autoconfigure.orm.jpa.HibernateJpaAutoConfiguration, org.springframework.boot.autoconfigure.orm.jpa.HibernateJpaConfiguration, org.springframework.boot.autoconfigure.orm.jpa.JpaBaseConfiguration$JpaWebConfiguration, org.springframework.boot.autoconfigure.orm.jpa.JpaBaseConfiguration$PersistenceManagedTypesConfiguration, org.springframework.boot.autoconfigure.reactor.ReactorAutoConfiguration, org.springframework.boot.autoconfigure.reactor.netty.ReactorNettyConfigurations$ReactorResourceFactoryConfiguration, org.springframework.boot.autoconfigure.security.oauth2.client.servlet.OAuth2ClientAutoConfiguration, org.springframework.boot.autoconfigure.security.oauth2.resource.servlet.OAuth2ResourceServerAutoConfiguration, org.springframework.boot.autoconfigure.security.oauth2.resource.servlet.OAuth2ResourceServerJwtConfiguration$JwtDecoderConfiguration, org.springframework.boot.autoconfigure.security.oauth2.resource.servlet.OAuth2ResourceServerOpaqueTokenConfiguration$OpaqueTokenIntrospectionClientConfiguration, org.springframework.boot.autoconfigure.security.oauth2.resource.servlet.Oauth2ResourceServerConfiguration$JwtConfiguration, org.springframework.boot.autoconfigure.security.oauth2.resource.servlet.Oauth2ResourceServerConfiguration$OpaqueTokenConfiguration, org.springframework.boot.autoconfigure.security.reactive.ReactiveSecurityAutoConfiguration, org.springframework.boot.autoconfigure.security.servlet.SecurityFilterAutoConfiguration, org.springframework.boot.autoconfigure.session.SessionAutoConfiguration, org.springframework.boot.autoconfigure.session.SessionAutoConfiguration$ServletSessionConfiguration, org.springframework.boot.autoconfigure.session.SessionAutoConfiguration$ServletSessionConfiguration$RememberMeServicesConfiguration, org.springframework.boot.autoconfigure.session.SessionAutoConfiguration$ServletSessionConfiguration$ServletSessionRepositoryConfiguration, org.springframework.boot.autoconfigure.sql.init.DataSourceInitializationConfiguration, org.springframework.boot.autoconfigure.sql.init.SqlInitializationAutoConfiguration, org.springframework.boot.autoconfigure.ssl.SslAutoConfiguration, org.springframework.boot.autoconfigure.task.TaskExecutionAutoConfiguration, org.springframework.boot.autoconfigure.task.TaskExecutorConfigurations$SimpleAsyncTaskExecutorBuilderConfiguration, org.springframework.boot.autoconfigure.task.TaskExecutorConfigurations$TaskExecutorBuilderConfiguration, org.springframework.boot.autoconfigure.task.TaskExecutorConfigurations$TaskExecutorConfiguration, org.springframework.boot.autoconfigure.task.TaskExecutorConfigurations$ThreadPoolTaskExecutorBuilderConfiguration, org.springframework.boot.autoconfigure.task.TaskSchedulingAutoConfiguration, org.springframework.boot.autoconfigure.task.TaskSchedulingConfigurations$SimpleAsyncTaskSchedulerBuilderConfiguration, org.springframework.boot.autoconfigure.task.TaskSchedulingConfigurations$TaskSchedulerBuilderConfiguration, org.springframework.boot.autoconfigure.task.TaskSchedulingConfigurations$ThreadPoolTaskSchedulerBuilderConfiguration, org.springframework.boot.autoconfigure.thymeleaf.TemplateEngineConfigurations$DefaultTemplateEngineConfiguration, org.springframework.boot.autoconfigure.thymeleaf.ThymeleafAutoConfiguration, org.springframework.boot.autoconfigure.thymeleaf.ThymeleafAutoConfiguration$DefaultTemplateResolverConfiguration, org.springframework.boot.autoconfigure.thymeleaf.ThymeleafAutoConfiguration$ThymeleafWebMvcConfiguration, org.springframework.boot.autoconfigure.thymeleaf.ThymeleafAutoConfiguration$ThymeleafWebMvcConfiguration$ThymeleafViewResolverConfiguration, org.springframework.boot.autoconfigure.transaction.TransactionAutoConfiguration, org.springframework.boot.autoconfigure.transaction.TransactionAutoConfiguration$EnableTransactionManagementConfiguration, org.springframework.boot.autoconfigure.transaction.TransactionAutoConfiguration$EnableTransactionManagementConfiguration$CglibAutoProxyConfiguration, org.springframework.boot.autoconfigure.transaction.TransactionAutoConfiguration$TransactionTemplateConfiguration, org.springframework.boot.autoconfigure.transaction.TransactionManagerCustomizationAutoConfiguration, org.springframework.boot.autoconfigure.transaction.jta.JtaAutoConfiguration, org.springframework.boot.autoconfigure.validation.ValidationAutoConfiguration, org.springframework.boot.autoconfigure.web.client.RestClientAutoConfiguration, org.springframework.boot.autoconfigure.web.client.RestTemplateAutoConfiguration, org.springframework.boot.autoconfigure.web.embedded.EmbeddedWebServerFactoryCustomizerAutoConfiguration, org.springframework.boot.autoconfigure.web.embedded.EmbeddedWebServerFactoryCustomizerAutoConfiguration$NettyWebServerFactoryCustomizerConfiguration, org.springframework.boot.autoconfigure.web.embedded.EmbeddedWebServerFactoryCustomizerAutoConfiguration$TomcatWebServerFactoryCustomizerConfiguration, org.springframework.boot.autoconfigure.web.reactive.function.client.ClientHttpConnectorAutoConfiguration, org.springframework.boot.autoconfigure.web.reactive.function.client.ClientHttpConnectorFactoryConfiguration$ReactorNetty, org.springframework.boot.autoconfigure.web.reactive.function.client.WebClientAutoConfiguration, org.springframework.boot.autoconfigure.web.reactive.function.client.WebClientAutoConfiguration$WebClientCodecsConfiguration, org.springframework.boot.autoconfigure.web.servlet.DispatcherServletAutoConfiguration, org.springframework.boot.autoconfigure.web.servlet.DispatcherServletAutoConfiguration$DispatcherServletConfiguration, org.springframework.boot.autoconfigure.web.servlet.DispatcherServletAutoConfiguration$DispatcherServletRegistrationConfiguration, org.springframework.boot.autoconfigure.web.servlet.HttpEncodingAutoConfiguration, org.springframework.boot.autoconfigure.web.servlet.MultipartAutoConfiguration, org.springframework.boot.autoconfigure.web.servlet.ServletWebServerFactoryAutoConfiguration, org.springframework.boot.autoconfigure.web.servlet.ServletWebServerFactoryConfiguration$EmbeddedTomcat, org.springframework.boot.autoconfigure.web.servlet.WebMvcAutoConfiguration, org.springframework.boot.autoconfigure.web.servlet.WebMvcAutoConfiguration$EnableWebMvcConfiguration, org.springframework.boot.autoconfigure.web.servlet.WebMvcAutoConfiguration$WebMvcAutoConfigurationAdapter, org.springframework.boot.autoconfigure.web.servlet.error.ErrorMvcAutoConfiguration, org.springframework.boot.autoconfigure.web.servlet.error.ErrorMvcAutoConfiguration$DefaultErrorViewResolverConfiguration, org.springframework.boot.autoconfigure.web.servlet.error.ErrorMvcAutoConfiguration$WhitelabelErrorViewConfiguration, org.springframework.boot.autoconfigure.websocket.servlet.WebSocketServletAutoConfiguration, org.springframework.boot.autoconfigure.websocket.servlet.WebSocketServletAutoConfiguration$TomcatWebSocketConfiguration, org.springframework.boot.context.internalConfigurationPropertiesBinder, org.springframework.boot.context.properties.BoundConfigurationProperties, org.springframework.boot.context.properties.ConfigurationPropertiesBindingPostProcessor, org.springframework.boot.context.properties.EnableConfigurationPropertiesRegistrar.methodValidationExcludeFilter, org.springframework.boot.sql.init.dependency.DatabaseInitializationDependencyConfigurer$DependsOnDatabaseInitializationPostProcessor, org.springframework.boot.test.mock.mockito.MockitoPostProcessor, org.springframework.boot.test.mock.mockito.MockitoPostProcessor$SpyPostProcessor, org.springframework.boot.test.web.client.TestRestTemplate, org.springframework.boot.test.web.client.TestRestTemplateContextCustomizer$TestRestTemplateRegistrar, org.springframework.boot.test.web.reactive.server.WebTestClientContextCustomizer$WebTestClientRegistrar, org.springframework.cloud.autoconfigure.ConfigurationPropertiesRebinderAutoConfiguration, org.springframework.cloud.autoconfigure.LifecycleMvcEndpointAutoConfiguration, org.springframework.cloud.autoconfigure.RefreshAutoConfiguration, org.springframework.cloud.autoconfigure.RefreshAutoConfiguration$JpaInvokerConfiguration, org.springframework.cloud.autoconfigure.RefreshAutoConfiguration$RefreshScopeBeanDefinitionEnhancer, org.springframework.cloud.client.CommonsClientAutoConfiguration, org.springframework.cloud.client.ReactiveCommonsClientAutoConfiguration, org.springframework.cloud.client.discovery.composite.CompositeDiscoveryClientAutoConfiguration, org.springframework.cloud.client.discovery.composite.reactive.ReactiveCompositeDiscoveryClientAutoConfiguration, org.springframework.cloud.client.discovery.simple.SimpleDiscoveryClientAutoConfiguration, org.springframework.cloud.client.discovery.simple.reactive.SimpleReactiveDiscoveryClientAutoConfiguration, org.springframework.cloud.client.loadbalancer.LoadBalancerDefaultMappingsProviderAutoConfiguration, org.springframework.cloud.client.serviceregistry.AutoServiceRegistrationAutoConfiguration, org.springframework.cloud.client.serviceregistry.AutoServiceRegistrationConfiguration, org.springframework.cloud.client.serviceregistry.ServiceRegistryAutoConfiguration, org.springframework.cloud.commons.config.CommonsConfigAutoConfiguration, org.springframework.cloud.commons.security.ResourceServerTokenRelayAutoConfiguration, org.springframework.cloud.commons.security.ResourceServerTokenRelayAutoConfiguration$ResourceServerTokenRelayRegistrationAutoConfiguration, org.springframework.cloud.commons.util.UtilAutoConfiguration, org.springframework.cloud.configuration.CompatibilityVerifierAutoConfiguration, org.springframework.cloud.function.cloudevent.CloudEventsFunctionExtensionConfiguration, org.springframework.cloud.function.context.config.ContextFunctionCatalogAutoConfiguration, org.springframework.cloud.function.context.config.ContextFunctionCatalogAutoConfiguration$JsonMapperConfiguration, org.springframework.cloud.function.context.config.ContextFunctionCatalogAutoConfiguration$PlainFunctionScanConfiguration, org.springframework.context.annotation.internalAutowiredAnnotationProcessor, org.springframework.context.annotation.internalCommonAnnotationProcessor, org.springframework.context.annotation.internalConfigurationAnnotationProcessor, org.springframework.context.annotation.internalPersistenceAnnotationProcessor, org.springframework.context.event.internalEventListenerFactory, org.springframework.context.event.internalEventListenerProcessor, org.springframework.data.jpa.repository.support.JpaEvaluationContextExtension, org.springframework.data.jpa.util.JpaMetamodelCacheCleanup, org.springframework.data.web.config.ProjectingArgumentResolverRegistrar, org.springframework.data.web.config.SpringDataJacksonConfiguration, org.springframework.data.web.config.SpringDataWebConfiguration, org.springframework.data.web.config.SpringDataWebSettings, org.springframework.security.config.annotation.authentication.configuration.AuthenticationConfiguration, org.springframework.security.config.annotation.configuration.ObjectPostProcessorConfiguration, org.springframework.security.config.annotation.web.configuration.HttpSecurityConfiguration, org.springframework.security.config.annotation.web.configuration.HttpSecurityConfiguration.httpSecurity, org.springframework.security.config.annotation.web.configuration.OAuth2ClientConfiguration, org.springframework.security.config.annotation.web.configuration.OAuth2ClientConfiguration$OAuth2AuthorizedClientManagerConfiguration, org.springframework.security.config.annotation.web.configuration.OAuth2ClientConfiguration$OAuth2ClientWebMvcSecurityConfiguration, org.springframework.security.config.annotation.web.configuration.SecurityReactorContextConfiguration, org.springframework.security.config.annotation.web.configuration.WebMvcSecurityConfiguration, org.springframework.security.config.annotation.web.configuration.WebSecurityConfiguration, org.springframework.test.web.reactive.server.WebTestClient, org.springframework.transaction.annotation.ProxyTransactionManagementConfiguration, org.springframework.transaction.config.internalTransactionAdvisor, org.springframework.transaction.config.internalTransactionalEventListenerFactory, pageModule, pageableCustomizer, pageableOpenAPIConverter, pageableResolver, parameterBuilder, parameterNamesModule, passwordEncoder, persistenceExceptionTranslationPostProcessor, persistenceManagedTypes, platformTransactionManagerCustomizers, polymorphicModelConverter, preLoadDatabase, preserveErrorControllerTargetClassPostProcessor, privilegeEvaluator, produtoController, produtoRepository, produtoService, projectingArgumentResolverBeanPostProcessor, propertyResolverUtils, propertySourcesPlaceholderConfigurer, queryDslQuerydslPredicateOperationCustomizer, reactiveCompositeDiscoveryClient, reactorClientHttpConnectorFactory, reactorResourceFactory, refreshEventListener, refreshScope, refreshScopeLifecycle, rememberMeServicesCookieSerializerCustomizer, requestBodyBuilder, requestBuilder, requestContextFilter, requestDataValueProcessor, requestMappingHandlerAdapter, requestMappingHandlerMapping, resourceHandlerMapping, responseBuilder, responseErrorHandler, responseSupportConverter, restClientBuilder, restClientBuilderConfigurer, restClientSsl, restTemplate, restTemplateBuilder, restTemplateBuilderConfigurer, retryTemplate, routerFunctionMapping, routerFunctionProvider, schemaPropertyDeprecatingConverter, securityConfiguration, securityFilter, securityFilterChain, securityFilterChainRegistration, securityParser, securityReactorContextSubscriberRegistrar, server-org.springframework.boot.autoconfigure.web.ServerProperties, servletWebServerFactoryCustomizer, simpleAsyncTaskExecutorBuilder, simpleAsyncTaskSchedulerBuilder, simpleControllerHandlerAdapter, simpleDiscoveryClient, simpleDiscoveryProperties, simpleReactiveDiscoveryClient, simpleReactiveDiscoveryProperties, sleuthPresentVerifier, sortCustomizer, sortOpenAPIConverter, sortResolver, spring.ai.chat.client-org.springframework.ai.autoconfigure.chat.client.ChatClientBuilderProperties, spring.ai.ollama-org.springframework.ai.autoconfigure.ollama.OllamaConnectionProperties, spring.ai.ollama.chat-org.springframework.ai.autoconfigure.ollama.OllamaChatProperties, spring.ai.ollama.embedding-org.springframework.ai.autoconfigure.ollama.OllamaEmbeddingProperties, spring.ai.retry-org.springframework.ai.autoconfigure.retry.SpringAiRetryProperties, spring.cloud.compatibility-verifier-org.springframework.cloud.configuration.CompatibilityVerifierProperties, spring.cloud.discovery.client.health-indicator-org.springframework.cloud.client.discovery.health.DiscoveryClientHealthIndicatorProperties, spring.cloud.function-org.springframework.cloud.function.context.FunctionProperties, spring.cloud.refresh-org.springframework.cloud.autoconfigure.RefreshAutoConfiguration$RefreshProperties, spring.cloud.service-registry.auto-registration-org.springframework.cloud.client.serviceregistry.AutoServiceRegistrationProperties, spring.codec-org.springframework.boot.autoconfigure.codec.CodecProperties, spring.data.jdbc-org.springframework.boot.autoconfigure.data.jdbc.JdbcDataProperties, spring.data.web-org.springframework.boot.autoconfigure.data.web.SpringDataWebProperties, spring.datasource-org.springframework.boot.autoconfigure.jdbc.DataSourceProperties, spring.gson-org.springframework.boot.autoconfigure.gson.GsonProperties, spring.info-org.springframework.boot.autoconfigure.info.ProjectInfoProperties, spring.jackson-org.springframework.boot.autoconfigure.jackson.JacksonProperties, spring.jdbc-org.springframework.boot.autoconfigure.jdbc.JdbcProperties, spring.jpa-org.springframework.boot.autoconfigure.orm.jpa.JpaProperties, spring.jpa.hibernate-org.springframework.boot.autoconfigure.orm.jpa.HibernateProperties, spring.lifecycle-org.springframework.boot.autoconfigure.context.LifecycleProperties, spring.mvc-org.springframework.boot.autoconfigure.web.servlet.WebMvcProperties, spring.netty-org.springframework.boot.autoconfigure.netty.NettyProperties, spring.reactor-org.springframework.boot.autoconfigure.reactor.ReactorProperties, spring.reactor.netty-org.springframework.boot.autoconfigure.reactor.netty.ReactorNettyProperties, spring.security-org.springframework.boot.autoconfigure.security.SecurityProperties, spring.security.oauth2.resourceserver-org.springframework.boot.autoconfigure.security.oauth2.resource.OAuth2ResourceServerProperties, spring.servlet.multipart-org.springframework.boot.autoconfigure.web.servlet.MultipartProperties, spring.session-org.springframework.boot.autoconfigure.session.SessionProperties, spring.sql.init-org.springframework.boot.autoconfigure.sql.init.SqlInitializationProperties, spring.ssl-org.springframework.boot.autoconfigure.ssl.SslProperties, spring.task.execution-org.springframework.boot.autoconfigure.task.TaskExecutionProperties, spring.task.scheduling-org.springframework.boot.autoconfigure.task.TaskSchedulingProperties, spring.thymeleaf-org.springframework.boot.autoconfigure.thymeleaf.ThymeleafProperties, spring.transaction-org.springframework.boot.autoconfigure.transaction.TransactionProperties, spring.web-org.springframework.boot.autoconfigure.web.WebProperties, spring.webflux-org.springframework.boot.autoconfigure.web.reactive.WebFluxProperties, springBootVersionVerifier, springDataWebPropertiesProvider, springDocCustomizers, springDocProviders, springSecurityFilterChain, springSecurityHandlerMappingIntrospectorBeanDefinitionRegistryPostProcessor, springWebProvider, springdocObjectMapperProvider, sslBundleRegistry, sslPropertiesSslBundleRegistrar, standardGsonBuilderCustomizer, standardJacksonObjectMapperBuilderCustomizer, stringHttpMessageConverter, swaggerAspect, swaggerConfigResource, swaggerResourceResolver, swaggerWebMvcConfigurer, swaggerWelcome, taskExecutorBuilder, taskSchedulerBuilder, templateEngine, testConfig, themeResolver, threadPoolTaskExecutorBuilder, threadPoolTaskSchedulerBuilder, thymeleafViewResolver, tokenService, tomcatServletWebServerFactory, tomcatServletWebServerFactoryCustomizer, tomcatWebServerFactoryCustomizer, transactionAttributeSource, transactionExecutionListeners, transactionInterceptor, transactionManager, transactionTemplate, userRepository, vendaController, vendaQueryService, vendaRepository, vendaService, viewControllerHandlerMapping, viewNameTranslator, viewResolver, webClientBuilder, webClientHttpConnector, webClientHttpConnectorCustomizer, webClientSsl, webConversionServiceProvider, webFluxSupportConverter, webSecurityExpressionHandler, webServerFactoryCustomizerBeanPostProcessor, websocketServletWebServerCustomizer, welcomePageHandlerMapping, welcomePageNotAcceptableHandlerMapping]
2024-08-01T09:27:33.971-03:00  INFO 10971 --- [coremastermarket] [    Test worker] o.s.cloud.context.scope.GenericScope     : BeanFactory id=1f71ff16-875e-3479-a3e8-a4026b6801f4
2024-08-01T09:27:33.972-03:00 DEBUG 10971 --- [coremastermarket] [    Test worker] o.s.b.f.s.DefaultListableBeanFactory     : Creating shared instance of singleton bean 'propertySourcesPlaceholderConfigurer'
2024-08-01T09:27:33.972-03:00 DEBUG 10971 --- [coremastermarket] [    Test worker] o.s.b.f.s.DefaultListableBeanFactory     : Creating shared instance of singleton bean 'org.springframework.boot.test.mock.mockito.MockitoPostProcessor'
2024-08-01T09:27:33.973-03:00 DEBUG 10971 --- [coremastermarket] [    Test worker] o.s.b.f.s.DefaultListableBeanFactory     : Creating shared instance of singleton bean 'org.springframework.boot.sql.init.dependency.DatabaseInitializationDependencyConfigurer$DependsOnDatabaseInitializationPostProcessor'
2024-08-01T09:27:33.973-03:00 DEBUG 10971 --- [coremastermarket] [    Test worker] o.s.b.f.s.DefaultListableBeanFactory     : Creating shared instance of singleton bean 'emBeanDefinitionRegistrarPostProcessor'
2024-08-01T09:27:33.984-03:00 DEBUG 10971 --- [coremastermarket] [    Test worker] o.s.b.f.s.DefaultListableBeanFactory     : Creating shared instance of singleton bean 'org.springframework.context.event.internalEventListenerProcessor'
2024-08-01T09:27:33.984-03:00 DEBUG 10971 --- [coremastermarket] [    Test worker] o.s.b.f.s.DefaultListableBeanFactory     : Creating shared instance of singleton bean 'conversionServicePostProcessor'
2024-08-01T09:27:33.984-03:00 DEBUG 10971 --- [coremastermarket] [    Test worker] o.s.b.f.s.DefaultListableBeanFactory     : Creating shared instance of singleton bean 'preserveErrorControllerTargetClassPostProcessor'
2024-08-01T09:27:33.985-03:00 DEBUG 10971 --- [coremastermarket] [    Test worker] o.s.b.f.s.DefaultListableBeanFactory     : Creating shared instance of singleton bean 'org.springframework.context.event.internalEventListenerFactory'
2024-08-01T09:27:33.985-03:00 DEBUG 10971 --- [coremastermarket] [    Test worker] o.s.b.f.s.DefaultListableBeanFactory     : Creating shared instance of singleton bean 'org.springframework.transaction.config.internalTransactionalEventListenerFactory'
2024-08-01T09:27:33.990-03:00 DEBUG 10971 --- [coremastermarket] [    Test worker] o.s.b.f.s.DefaultListableBeanFactory     : Creating shared instance of singleton bean 'org.springframework.context.annotation.internalAutowiredAnnotationProcessor'
2024-08-01T09:27:33.990-03:00 DEBUG 10971 --- [coremastermarket] [    Test worker] o.s.b.f.s.DefaultListableBeanFactory     : Creating shared instance of singleton bean 'org.springframework.context.annotation.internalCommonAnnotationProcessor'
2024-08-01T09:27:33.991-03:00 DEBUG 10971 --- [coremastermarket] [    Test worker] o.s.b.f.s.DefaultListableBeanFactory     : Creating shared instance of singleton bean 'org.springframework.context.annotation.internalPersistenceAnnotationProcessor'
2024-08-01T09:27:33.991-03:00 DEBUG 10971 --- [coremastermarket] [    Test worker] o.s.b.f.s.DefaultListableBeanFactory     : Creating shared instance of singleton bean 'org.springframework.boot.test.mock.mockito.MockitoPostProcessor$SpyPostProcessor'
2024-08-01T09:27:33.991-03:00 DEBUG 10971 --- [coremastermarket] [    Test worker] o.s.b.f.s.DefaultListableBeanFactory     : Creating shared instance of singleton bean 'org.springframework.boot.context.properties.ConfigurationPropertiesBindingPostProcessor'
2024-08-01T09:27:33.991-03:00 DEBUG 10971 --- [coremastermarket] [    Test worker] o.s.b.f.s.DefaultListableBeanFactory     : Creating shared instance of singleton bean 'org.springframework.boot.context.internalConfigurationPropertiesBinder'
2024-08-01T09:27:33.992-03:00 DEBUG 10971 --- [coremastermarket] [    Test worker] o.s.b.f.s.DefaultListableBeanFactory     : Creating shared instance of singleton bean 'jdbcConnectionDetailsHikariBeanPostProcessor'
2024-08-01T09:27:33.992-03:00 DEBUG 10971 --- [coremastermarket] [    Test worker] o.s.b.f.s.DefaultListableBeanFactory     : Creating shared instance of singleton bean 'methodValidationPostProcessor'
2024-08-01T09:27:33.992-03:00 DEBUG 10971 --- [coremastermarket] [    Test worker] o.s.b.f.s.DefaultListableBeanFactory     : Autowiring by type from bean name 'methodValidationPostProcessor' via factory method to bean named 'environment'
2024-08-01T09:27:33.993-03:00 DEBUG 10971 --- [coremastermarket] [    Test worker] o.s.b.f.s.DefaultListableBeanFactory     : Creating shared instance of singleton bean 'org.springframework.boot.context.properties.EnableConfigurationPropertiesRegistrar.methodValidationExcludeFilter'
2024-08-01T09:27:33.993-03:00 DEBUG 10971 --- [coremastermarket] [    Test worker] o.s.b.f.s.DefaultListableBeanFactory     : Creating shared instance of singleton bean 'org.springframework.aop.config.internalAutoProxyCreator'
2024-08-01T09:27:33.994-03:00 DEBUG 10971 --- [coremastermarket] [    Test worker] o.s.b.f.s.DefaultListableBeanFactory     : Creating shared instance of singleton bean 'persistenceExceptionTranslationPostProcessor'
2024-08-01T09:27:33.994-03:00 DEBUG 10971 --- [coremastermarket] [    Test worker] o.s.b.f.s.DefaultListableBeanFactory     : Autowiring by type from bean name 'persistenceExceptionTranslationPostProcessor' via factory method to bean named 'environment'
2024-08-01T09:27:33.995-03:00 DEBUG 10971 --- [coremastermarket] [    Test worker] o.s.b.f.s.DefaultListableBeanFactory     : Creating shared instance of singleton bean 'webServerFactoryCustomizerBeanPostProcessor'
2024-08-01T09:27:33.995-03:00 DEBUG 10971 --- [coremastermarket] [    Test worker] o.s.b.f.s.DefaultListableBeanFactory     : Creating shared instance of singleton bean 'errorPageRegistrarBeanPostProcessor'
2024-08-01T09:27:33.995-03:00 DEBUG 10971 --- [coremastermarket] [    Test worker] o.s.b.f.s.DefaultListableBeanFactory     : Creating shared instance of singleton bean 'projectingArgumentResolverBeanPostProcessor'
2024-08-01T09:27:33.995-03:00 DEBUG 10971 --- [coremastermarket] [    Test worker] o.s.b.f.s.DefaultListableBeanFactory     : Creating shared instance of singleton bean 'org.springframework.transaction.config.internalTransactionAdvisor'
2024-08-01T09:27:33.995-03:00 DEBUG 10971 --- [coremastermarket] [    Test worker] o.s.b.f.s.DefaultListableBeanFactory     : Creating shared instance of singleton bean 'org.springframework.transaction.annotation.ProxyTransactionManagementConfiguration'
2024-08-01T09:27:33.996-03:00 DEBUG 10971 --- [coremastermarket] [    Test worker] .s.a.a.a.ReflectiveAspectJAdvisorFactory : Found AspectJ method: public void com.rodolfobrandao.coremastermarket.tools.swagger.SwaggerAspect.processDefaultOperation(org.aspectj.lang.JoinPoint) throws java.lang.Throwable
2024-08-01T09:27:34.001-03:00 DEBUG 10971 --- [coremastermarket] [    Test worker] o.s.b.f.s.DefaultListableBeanFactory     : Creating shared instance of singleton bean 'transactionAttributeSource'
2024-08-01T09:27:34.002-03:00 DEBUG 10971 --- [coremastermarket] [    Test worker] o.s.b.f.s.DefaultListableBeanFactory     : Creating shared instance of singleton bean 'transactionInterceptor'
2024-08-01T09:27:34.002-03:00 DEBUG 10971 --- [coremastermarket] [    Test worker] o.s.b.f.s.DefaultListableBeanFactory     : Autowiring by type from bean name 'transactionInterceptor' via factory method to bean named 'transactionAttributeSource'
2024-08-01T09:27:34.003-03:00 DEBUG 10971 --- [coremastermarket] [    Test worker] o.s.b.f.s.DefaultListableBeanFactory     : Autowiring by type from bean name 'org.springframework.transaction.config.internalTransactionAdvisor' via factory method to bean named 'transactionAttributeSource'
2024-08-01T09:27:34.003-03:00 DEBUG 10971 --- [coremastermarket] [    Test worker] o.s.b.f.s.DefaultListableBeanFactory     : Autowiring by type from bean name 'org.springframework.transaction.config.internalTransactionAdvisor' via factory method to bean named 'transactionInterceptor'
2024-08-01T09:27:34.003-03:00 DEBUG 10971 --- [coremastermarket] [    Test worker] o.s.b.f.s.DefaultListableBeanFactory     : Creating shared instance of singleton bean 'configurationPropertiesBeans'
2024-08-01T09:27:34.004-03:00 DEBUG 10971 --- [coremastermarket] [    Test worker] o.s.u.c.s.UiApplicationContextUtils      : Unable to locate ThemeSource with name 'themeSource': using default [org.springframework.ui.context.support.ResourceBundleThemeSource@be305f0]
2024-08-01T09:27:34.004-03:00 DEBUG 10971 --- [coremastermarket] [    Test worker] o.s.b.f.s.DefaultListableBeanFactory     : Creating shared instance of singleton bean 'tomcatServletWebServerFactory'
2024-08-01T09:27:34.004-03:00 DEBUG 10971 --- [coremastermarket] [    Test worker] o.s.b.f.s.DefaultListableBeanFactory     : Creating shared instance of singleton bean 'org.springframework.boot.autoconfigure.web.servlet.ServletWebServerFactoryConfiguration$EmbeddedTomcat'
2024-08-01T09:27:34.006-03:00 DEBUG 10971 --- [coremastermarket] [    Test worker] o.s.b.f.s.DefaultListableBeanFactory     : Creating shared instance of singleton bean 'websocketServletWebServerCustomizer'
2024-08-01T09:27:34.006-03:00 DEBUG 10971 --- [coremastermarket] [    Test worker] o.s.b.f.s.DefaultListableBeanFactory     : Creating shared instance of singleton bean 'org.springframework.boot.autoconfigure.websocket.servlet.WebSocketServletAutoConfiguration$TomcatWebSocketConfiguration'
2024-08-01T09:27:34.007-03:00 DEBUG 10971 --- [coremastermarket] [    Test worker] o.s.b.f.s.DefaultListableBeanFactory     : Creating shared instance of singleton bean 'servletWebServerFactoryCustomizer'
2024-08-01T09:27:34.007-03:00 DEBUG 10971 --- [coremastermarket] [    Test worker] o.s.b.f.s.DefaultListableBeanFactory     : Creating shared instance of singleton bean 'org.springframework.boot.autoconfigure.web.servlet.ServletWebServerFactoryAutoConfiguration'
2024-08-01T09:27:34.008-03:00 DEBUG 10971 --- [coremastermarket] [    Test worker] o.s.b.f.s.DefaultListableBeanFactory     : Creating shared instance of singleton bean 'server-org.springframework.boot.autoconfigure.web.ServerProperties'
2024-08-01T09:27:34.008-03:00 DEBUG 10971 --- [coremastermarket] [    Test worker] o.s.b.f.s.DefaultListableBeanFactory     : Creating shared instance of singleton bean 'org.springframework.boot.context.properties.BoundConfigurationProperties'
2024-08-01T09:27:34.009-03:00 DEBUG 10971 --- [coremastermarket] [    Test worker] o.s.b.f.s.DefaultListableBeanFactory     : Creating shared instance of singleton bean 'defaultsBindHandlerAdvisor'
2024-08-01T09:27:34.009-03:00 DEBUG 10971 --- [coremastermarket] [    Test worker] o.s.b.f.s.DefaultListableBeanFactory     : Creating shared instance of singleton bean 'org.springframework.cloud.commons.config.CommonsConfigAutoConfiguration'
2024-08-01T09:27:34.010-03:00 DEBUG 10971 --- [coremastermarket] [    Test worker] o.s.b.f.s.DefaultListableBeanFactory     : Creating shared instance of singleton bean 'loadBalancerClientsDefaultsMappingsProvider'
2024-08-01T09:27:34.010-03:00 DEBUG 10971 --- [coremastermarket] [    Test worker] o.s.b.f.s.DefaultListableBeanFactory     : Creating shared instance of singleton bean 'org.springframework.cloud.client.loadbalancer.LoadBalancerDefaultMappingsProviderAutoConfiguration'
2024-08-01T09:27:34.011-03:00 DEBUG 10971 --- [coremastermarket] [    Test worker] o.s.b.f.s.DefaultListableBeanFactory     : Autowiring by type from bean name 'defaultsBindHandlerAdvisor' via factory method to bean named 'loadBalancerClientsDefaultsMappingsProvider'
2024-08-01T09:27:34.034-03:00 DEBUG 10971 --- [coremastermarket] [    Test worker] o.s.b.f.s.DefaultListableBeanFactory     : Autowiring by type from bean name 'servletWebServerFactoryCustomizer' via factory method to bean named 'server-org.springframework.boot.autoconfigure.web.ServerProperties'
2024-08-01T09:27:34.035-03:00 DEBUG 10971 --- [coremastermarket] [    Test worker] o.s.b.f.s.DefaultListableBeanFactory     : Creating shared instance of singleton bean 'sslBundleRegistry'
2024-08-01T09:27:34.035-03:00 DEBUG 10971 --- [coremastermarket] [    Test worker] o.s.b.f.s.DefaultListableBeanFactory     : Creating shared instance of singleton bean 'org.springframework.boot.autoconfigure.ssl.SslAutoConfiguration'
2024-08-01T09:27:34.035-03:00 DEBUG 10971 --- [coremastermarket] [    Test worker] o.s.b.f.s.DefaultListableBeanFactory     : Creating shared instance of singleton bean 'spring.ssl-org.springframework.boot.autoconfigure.ssl.SslProperties'
2024-08-01T09:27:34.049-03:00 DEBUG 10971 --- [coremastermarket] [    Test worker] o.s.b.f.s.DefaultListableBeanFactory     : Autowiring by type from bean name 'org.springframework.boot.autoconfigure.ssl.SslAutoConfiguration' via constructor to bean named 'spring.ssl-org.springframework.boot.autoconfigure.ssl.SslProperties'
2024-08-01T09:27:34.050-03:00 DEBUG 10971 --- [coremastermarket] [    Test worker] o.s.b.f.s.DefaultListableBeanFactory     : Creating shared instance of singleton bean 'sslPropertiesSslBundleRegistrar'
2024-08-01T09:27:34.050-03:00 DEBUG 10971 --- [coremastermarket] [    Test worker] o.s.b.f.s.DefaultListableBeanFactory     : Creating shared instance of singleton bean 'fileWatcher'
2024-08-01T09:27:34.050-03:00 DEBUG 10971 --- [coremastermarket] [    Test worker] o.s.b.f.s.DefaultListableBeanFactory     : Autowiring by type from bean name 'sslPropertiesSslBundleRegistrar' via factory method to bean named 'fileWatcher'
2024-08-01T09:27:34.052-03:00 DEBUG 10971 --- [coremastermarket] [    Test worker] o.s.b.f.s.DefaultListableBeanFactory     : Creating shared instance of singleton bean 'tomcatServletWebServerFactoryCustomizer'
2024-08-01T09:27:34.052-03:00 DEBUG 10971 --- [coremastermarket] [    Test worker] o.s.b.f.s.DefaultListableBeanFactory     : Autowiring by type from bean name 'tomcatServletWebServerFactoryCustomizer' via factory method to bean named 'server-org.springframework.boot.autoconfigure.web.ServerProperties'
2024-08-01T09:27:34.052-03:00 DEBUG 10971 --- [coremastermarket] [    Test worker] o.s.b.f.s.DefaultListableBeanFactory     : Creating shared instance of singleton bean 'nettyWebServerFactoryCustomizer'
2024-08-01T09:27:34.052-03:00 DEBUG 10971 --- [coremastermarket] [    Test worker] o.s.b.f.s.DefaultListableBeanFactory     : Creating shared instance of singleton bean 'org.springframework.boot.autoconfigure.web.embedded.EmbeddedWebServerFactoryCustomizerAutoConfiguration$NettyWebServerFactoryCustomizerConfiguration'
2024-08-01T09:27:34.053-03:00 DEBUG 10971 --- [coremastermarket] [    Test worker] o.s.b.f.s.DefaultListableBeanFactory     : Autowiring by type from bean name 'nettyWebServerFactoryCustomizer' via factory method to bean named 'environment'
2024-08-01T09:27:34.053-03:00 DEBUG 10971 --- [coremastermarket] [    Test worker] o.s.b.f.s.DefaultListableBeanFactory     : Autowiring by type from bean name 'nettyWebServerFactoryCustomizer' via factory method to bean named 'server-org.springframework.boot.autoconfigure.web.ServerProperties'
2024-08-01T09:27:34.058-03:00 DEBUG 10971 --- [coremastermarket] [    Test worker] o.s.b.f.s.DefaultListableBeanFactory     : Creating shared instance of singleton bean 'tomcatWebServerFactoryCustomizer'
2024-08-01T09:27:34.058-03:00 DEBUG 10971 --- [coremastermarket] [    Test worker] o.s.b.f.s.DefaultListableBeanFactory     : Creating shared instance of singleton bean 'org.springframework.boot.autoconfigure.web.embedded.EmbeddedWebServerFactoryCustomizerAutoConfiguration$TomcatWebServerFactoryCustomizerConfiguration'
2024-08-01T09:27:34.059-03:00 DEBUG 10971 --- [coremastermarket] [    Test worker] o.s.b.f.s.DefaultListableBeanFactory     : Autowiring by type from bean name 'tomcatWebServerFactoryCustomizer' via factory method to bean named 'environment'
2024-08-01T09:27:34.059-03:00 DEBUG 10971 --- [coremastermarket] [    Test worker] o.s.b.f.s.DefaultListableBeanFactory     : Autowiring by type from bean name 'tomcatWebServerFactoryCustomizer' via factory method to bean named 'server-org.springframework.boot.autoconfigure.web.ServerProperties'
2024-08-01T09:27:34.061-03:00 DEBUG 10971 --- [coremastermarket] [    Test worker] o.s.b.f.s.DefaultListableBeanFactory     : Creating shared instance of singleton bean 'localeCharsetMappingsCustomizer'
2024-08-01T09:27:34.062-03:00 DEBUG 10971 --- [coremastermarket] [    Test worker] o.s.b.f.s.DefaultListableBeanFactory     : Creating shared instance of singleton bean 'org.springframework.boot.autoconfigure.web.servlet.HttpEncodingAutoConfiguration'
2024-08-01T09:27:34.062-03:00 DEBUG 10971 --- [coremastermarket] [    Test worker] o.s.b.f.s.DefaultListableBeanFactory     : Autowiring by type from bean name 'org.springframework.boot.autoconfigure.web.servlet.HttpEncodingAutoConfiguration' via constructor to bean named 'server-org.springframework.boot.autoconfigure.web.ServerProperties'
2024-08-01T09:27:34.081-03:00 DEBUG 10971 --- [coremastermarket] [    Test worker] o.s.b.f.s.DefaultListableBeanFactory     : Creating shared instance of singleton bean 'errorPageCustomizer'
2024-08-01T09:27:34.081-03:00 DEBUG 10971 --- [coremastermarket] [    Test worker] o.s.b.f.s.DefaultListableBeanFactory     : Creating shared instance of singleton bean 'org.springframework.boot.autoconfigure.web.servlet.error.ErrorMvcAutoConfiguration'
2024-08-01T09:27:34.082-03:00 DEBUG 10971 --- [coremastermarket] [    Test worker] o.s.b.f.s.DefaultListableBeanFactory     : Autowiring by type from bean name 'org.springframework.boot.autoconfigure.web.servlet.error.ErrorMvcAutoConfiguration' via constructor to bean named 'server-org.springframework.boot.autoconfigure.web.ServerProperties'
2024-08-01T09:27:34.083-03:00 DEBUG 10971 --- [coremastermarket] [    Test worker] o.s.b.f.s.DefaultListableBeanFactory     : Creating shared instance of singleton bean 'dispatcherServletRegistration'
2024-08-01T09:27:34.083-03:00 DEBUG 10971 --- [coremastermarket] [    Test worker] o.s.b.f.s.DefaultListableBeanFactory     : Creating shared instance of singleton bean 'org.springframework.boot.autoconfigure.web.servlet.DispatcherServletAutoConfiguration$DispatcherServletRegistrationConfiguration'
2024-08-01T09:27:34.083-03:00 DEBUG 10971 --- [coremastermarket] [    Test worker] o.s.b.f.s.DefaultListableBeanFactory     : Creating shared instance of singleton bean 'dispatcherServlet'
2024-08-01T09:27:34.083-03:00 DEBUG 10971 --- [coremastermarket] [    Test worker] o.s.b.f.s.DefaultListableBeanFactory     : Creating shared instance of singleton bean 'org.springframework.boot.autoconfigure.web.servlet.DispatcherServletAutoConfiguration$DispatcherServletConfiguration'
2024-08-01T09:27:34.084-03:00 DEBUG 10971 --- [coremastermarket] [    Test worker] o.s.b.f.s.DefaultListableBeanFactory     : Creating shared instance of singleton bean 'spring.mvc-org.springframework.boot.autoconfigure.web.servlet.WebMvcProperties'
2024-08-01T09:27:34.090-03:00 DEBUG 10971 --- [coremastermarket] [    Test worker] o.s.b.f.s.DefaultListableBeanFactory     : Autowiring by type from bean name 'dispatcherServlet' via factory method to bean named 'spring.mvc-org.springframework.boot.autoconfigure.web.servlet.WebMvcProperties'
2024-08-01T09:27:34.096-03:00 DEBUG 10971 --- [coremastermarket] [    Test worker] o.s.b.f.s.DefaultListableBeanFactory     : Autowiring by type from bean name 'dispatcherServletRegistration' via factory method to bean named 'dispatcherServlet'
2024-08-01T09:27:34.096-03:00 DEBUG 10971 --- [coremastermarket] [    Test worker] o.s.b.f.s.DefaultListableBeanFactory     : Autowiring by type from bean name 'dispatcherServletRegistration' via factory method to bean named 'spring.mvc-org.springframework.boot.autoconfigure.web.servlet.WebMvcProperties'
[...]
      Did not match:
         - @ConditionalOnBean (types: org.springframework.transaction.aspectj.AbstractTransactionAspect; SearchStrategy: all) did not find any beans of type org.springframework.transaction.aspectj.AbstractTransactionAspect (OnBeanCondition)

   TransactionAutoConfiguration.EnableTransactionManagementConfiguration.JdkDynamicAutoProxyConfiguration:
      Did not match:
         - @ConditionalOnProperty (spring.aop.proxy-target-class=false) did not find property 'proxy-target-class' (OnPropertyCondition)

   TransformersEmbeddingModelAutoConfiguration:
      Did not match:
         - @ConditionalOnClass did not find required classes 'ai.onnxruntime.OrtSession', 'ai.djl.huggingface.tokenizers.HuggingFaceTokenizer', 'org.springframework.ai.transformers.TransformersEmbeddingModel' (OnClassCondition)

   UserDetailsServiceAutoConfiguration:
      Did not match:
         - AnyNestedCondition 0 matched 3 did not; NestedCondition on UserDetailsServiceAutoConfiguration.MissingAlternativeOrUserPropertiesConfigured.PasswordConfigured @ConditionalOnProperty (spring.security.user.password) did not find property 'password'; NestedCondition on UserDetailsServiceAutoConfiguration.MissingAlternativeOrUserPropertiesConfigured.NameConfigured @ConditionalOnProperty (spring.security.user.name) did not find property 'name'; NestedCondition on UserDetailsServiceAutoConfiguration.MissingAlternativeOrUserPropertiesConfigured.MissingAlternative @ConditionalOnMissingClass found unwanted classes 'org.springframework.security.oauth2.client.registration.ClientRegistrationRepository', 'org.springframework.security.oauth2.server.resource.introspection.OpaqueTokenIntrospector' (UserDetailsServiceAutoConfiguration.MissingAlternativeOrUserPropertiesConfigured)
      Matched:
         - @ConditionalOnClass found required class 'org.springframework.security.authentication.AuthenticationManager' (OnClassCondition)

   VertexAiGeminiAutoConfiguration:
      Did not match:
         - @ConditionalOnClass did not find required classes 'com.google.cloud.vertexai.VertexAI', 'org.springframework.ai.vertexai.gemini.VertexAiGeminiChatModel' (OnClassCondition)

   VertexAiPalm2AutoConfiguration:
      Did not match:
         - @ConditionalOnClass did not find required class 'org.springframework.ai.vertexai.palm2.api.VertexAiPaLm2Api' (OnClassCondition)

   WatsonxAiAutoConfiguration:
      Did not match:
         - @ConditionalOnClass did not find required class 'org.springframework.ai.watsonx.api.WatsonxAiApi' (OnClassCondition)

   WeaviateVectorStoreAutoConfiguration:
      Did not match:
         - @ConditionalOnClass did not find required class 'org.springframework.ai.vectorstore.WeaviateVectorStore' (OnClassCondition)

   WebFluxAutoConfiguration:
      Did not match:
         - not a reactive web application (OnWebApplicationCondition)
      Matched:
         - @ConditionalOnClass found required class 'org.springframework.web.reactive.config.WebFluxConfigurer' (OnClassCondition)

   WebMvcAutoConfiguration#hiddenHttpMethodFilter:
      Did not match:
         - @ConditionalOnProperty (spring.mvc.hiddenmethod.filter.enabled) did not find property 'enabled' (OnPropertyCondition)

   WebMvcAutoConfiguration.ProblemDetailsErrorHandlingConfiguration:
      Did not match:
         - @ConditionalOnProperty (spring.mvc.problemdetails.enabled=true) did not find property 'enabled' (OnPropertyCondition)

   WebMvcAutoConfiguration.ResourceChainCustomizerConfiguration:
      Did not match:
         - @ConditionalOnEnabledResourceChain did not find class org.webjars.WebJarAssetLocator (OnEnabledResourceChainCondition)

   WebMvcAutoConfiguration.WebMvcAutoConfigurationAdapter#beanNameViewResolver:
      Did not match:
         - @ConditionalOnMissingBean (types: org.springframework.web.servlet.view.BeanNameViewResolver; SearchStrategy: all) found beans of type 'org.springframework.web.servlet.view.BeanNameViewResolver' beanNameViewResolver (OnBeanCondition)

   WebServiceTemplateAutoConfiguration:
      Did not match:
         - @ConditionalOnClass did not find required class 'org.springframework.oxm.Marshaller' (OnClassCondition)

   WebServicesAutoConfiguration:
      Did not match:
         - @ConditionalOnClass did not find required class 'org.springframework.ws.transport.http.MessageDispatcherServlet' (OnClassCondition)

   WebSessionIdResolverAutoConfiguration:
      Did not match:
         - not a reactive web application (OnWebApplicationCondition)
      Matched:
         - @ConditionalOnClass found required classes 'org.springframework.web.server.session.WebSessionManager', 'reactor.core.publisher.Mono' (OnClassCondition)

   WebSocketMessagingAutoConfiguration:
      Did not match:
         - @ConditionalOnClass did not find required class 'org.springframework.web.socket.config.annotation.WebSocketMessageBrokerConfigurer' (OnClassCondition)

   WebSocketReactiveAutoConfiguration:
      Did not match:
         - not a reactive web application (OnWebApplicationCondition)
      Matched:
         - @ConditionalOnClass found required classes 'jakarta.servlet.Servlet', 'jakarta.websocket.server.ServerContainer' (OnClassCondition)

   WebSocketServletAutoConfiguration.JettyWebSocketConfiguration:
      Did not match:
         - @ConditionalOnClass did not find required class 'org.eclipse.jetty.ee10.websocket.jakarta.server.config.JakartaWebSocketServletContainerInitializer' (OnClassCondition)

   WebSocketServletAutoConfiguration.UndertowWebSocketConfiguration:
      Did not match:
         - @ConditionalOnClass did not find required class 'io.undertow.websockets.jsr.Bootstrap' (OnClassCondition)

   WritableEnvironmentEndpointAutoConfiguration:
      Did not match:
         - @ConditionalOnClass did not find required class 'org.springframework.boot.actuate.autoconfigure.env.EnvironmentEndpointProperties' (OnClassCondition)

   XADataSourceAutoConfiguration:
      Did not match:
         - @ConditionalOnBean (types: org.springframework.boot.jdbc.XADataSourceWrapper; SearchStrategy: all) did not find any beans of type org.springframework.boot.jdbc.XADataSourceWrapper (OnBeanCondition)
      Matched:
         - @ConditionalOnClass found required classes 'javax.sql.DataSource', 'jakarta.transaction.TransactionManager', 'org.springframework.jdbc.datasource.embedded.EmbeddedDatabaseType' (OnClassCondition)

   ZhiPuAiAutoConfiguration:
      Did not match:
         - @ConditionalOnClass did not find required class 'org.springframework.ai.zhipuai.api.ZhiPuAiApi' (OnClassCondition)


Exclusions:
-----------

    org.springframework.boot.autoconfigure.security.servlet.SecurityAutoConfiguration


Unconditional classes:
----------------------

    org.springframework.boot.autoconfigure.context.ConfigurationPropertiesAutoConfiguration

    org.springframework.cloud.client.ReactiveCommonsClientAutoConfiguration

    org.springframework.boot.autoconfigure.ssl.SslAutoConfiguration

    org.springframework.cloud.client.discovery.simple.SimpleDiscoveryClientAutoConfiguration

    org.springframework.boot.autoconfigure.context.PropertyPlaceholderAutoConfiguration

    org.springframework.boot.autoconfigure.context.LifecycleAutoConfiguration

    org.springframework.cloud.client.CommonsClientAutoConfiguration

    org.springframework.cloud.function.cloudevent.CloudEventsFunctionExtensionConfiguration

    org.springframework.cloud.commons.config.CommonsConfigAutoConfiguration

    org.springframework.cloud.function.context.config.ContextFunctionCatalogAutoConfiguration

    org.springframework.cloud.client.loadbalancer.LoadBalancerDefaultMappingsProviderAutoConfiguration

    org.springframework.cloud.client.discovery.composite.CompositeDiscoveryClientAutoConfiguration

    org.springframework.cloud.client.serviceregistry.ServiceRegistryAutoConfiguration

    org.springframework.cloud.autoconfigure.LifecycleMvcEndpointAutoConfiguration

    org.springframework.boot.autoconfigure.availability.ApplicationAvailabilityAutoConfiguration

    org.springframework.boot.autoconfigure.info.ProjectInfoAutoConfiguration



2024-08-01T09:27:35.563-03:00  INFO 10971 --- [coremastermarket] [    Test worker] c.r.c.tools.swagger.OpenApiConfigTest    : Started OpenApiConfigTest in 1.962 seconds (process running for 12.522)
2024-08-01T09:27:35.563-03:00 DEBUG 10971 --- [coremastermarket] [    Test worker] o.s.b.a.ApplicationAvailabilityBean      : Application availability state LivenessState changed to CORRECT
2024-08-01T09:27:35.563-03:00  INFO 10971 --- [coremastermarket] [    Test worker] c.r.c.config.PreLoadDatabase             : Verificando se o banco de dados está vazio...
2024-08-01T09:27:35.563-03:00 DEBUG 10971 --- [coremastermarket] [    Test worker] o.s.jdbc.core.JdbcTemplate               : Executing prepared SQL query
2024-08-01T09:27:35.563-03:00 DEBUG 10971 --- [coremastermarket] [    Test worker] o.s.jdbc.core.JdbcTemplate               : Executing prepared SQL statement [SELECT COUNT(*) FROM users]
2024-08-01T09:27:35.563-03:00 DEBUG 10971 --- [coremastermarket] [    Test worker] o.s.jdbc.datasource.DataSourceUtils      : Fetching JDBC Connection from DataSource
2024-08-01T09:27:35.566-03:00  INFO 10971 --- [coremastermarket] [    Test worker] c.r.c.config.PreLoadDatabase             : Banco de dados possui registros. Não será necessário popular o banco de dados.
2024-08-01T09:27:35.567-03:00 DEBUG 10971 --- [coremastermarket] [    Test worker] o.s.b.a.ApplicationAvailabilityBean      : Application availability state ReadinessState changed to ACCEPTING_TRAFFIC
2024-08-01T09:27:35.567-03:00 DEBUG 10971 --- [coremastermarket] [    Test worker] org.springframework.test.context.cache   : Spring test ApplicationContext cache statistics: [DefaultContextCache@6d512521 size = 3, maxSize = 32, parentContextCount = 0, hitCount = 79, missCount = 5, failureCount = 1]
2024-08-01T09:27:35.567-03:00 DEBUG 10971 --- [coremastermarket] [    Test worker] o.s.c.e.PropertySourcesPropertyResolver  : Found key 'local.server.port' in PropertySource 'environmentProperties' with value of type String
2024-08-01T09:27:35.568-03:00 DEBUG 10971 --- [coremastermarket] [    Test worker] org.springframework.test.context.cache   : Spring test ApplicationContext cache statistics: [DefaultContextCache@6d512521 size = 3, maxSize = 32, parentContextCount = 0, hitCount = 80, missCount = 5, failureCount = 1]
2024-08-01T09:27:35.569-03:00 DEBUG 10971 --- [coremastermarket] [    Test worker] sContextBeforeModesTestExecutionListener : Before test method: class [OpenApiConfigTest], method [testOpenApiConfig], class annotated with @DirtiesContext [false] with mode [null], method annotated with @DirtiesContext [false] with mode [null]
2024-08-01T09:27:35.569-03:00 DEBUG 10971 --- [coremastermarket] [    Test worker] org.springframework.test.context.cache   : Spring test ApplicationContext cache statistics: [DefaultContextCache@6d512521 size = 3, maxSize = 32, parentContextCount = 0, hitCount = 81, missCount = 5, failureCount = 1]
2024-08-01T09:27:35.569-03:00 DEBUG 10971 --- [coremastermarket] [    Test worker] org.springframework.test.context.cache   : Spring test ApplicationContext cache statistics: [DefaultContextCache@6d512521 size = 3, maxSize = 32, parentContextCount = 0, hitCount = 82, missCount = 5, failureCount = 1]
2024-08-01T09:27:35.569-03:00 DEBUG 10971 --- [coremastermarket] [    Test worker] org.springframework.test.context.cache   : Spring test ApplicationContext cache statistics: [DefaultContextCache@6d512521 size = 3, maxSize = 32, parentContextCount = 0, hitCount = 83, missCount = 5, failureCount = 1]
2024-08-01T09:27:35.591-03:00 DEBUG 10971 --- [coremastermarket] [    Test worker] org.springframework.test.context.cache   : Spring test ApplicationContext cache statistics: [DefaultContextCache@6d512521 size = 3, maxSize = 32, parentContextCount = 0, hitCount = 84, missCount = 5, failureCount = 1]
2024-08-01T09:27:35.603-03:00 DEBUG 10971 --- [coremastermarket] [    Test worker] o.s.web.client.RestTemplate              : HTTP GET http://localhost:51315/v3/api-docs
2024-08-01T09:27:35.617-03:00 DEBUG 10971 --- [coremastermarket] [    Test worker] o.s.web.client.RestTemplate              : Accept=[text/plain, application/json, application/*+json, */*]
2024-08-01T09:27:35.725-03:00  INFO 10971 --- [coremastermarket] [o-auto-1-exec-1] o.a.c.c.C.[Tomcat].[localhost].[/]       : Initializing Spring DispatcherServlet 'dispatcherServlet'
2024-08-01T09:27:35.725-03:00  INFO 10971 --- [coremastermarket] [o-auto-1-exec-1] o.s.web.servlet.DispatcherServlet        : Initializing Servlet 'dispatcherServlet'
2024-08-01T09:27:35.725-03:00 DEBUG 10971 --- [coremastermarket] [o-auto-1-exec-1] o.s.web.servlet.DispatcherServlet        : Detected StandardServletMultipartResolver
2024-08-01T09:27:35.725-03:00 DEBUG 10971 --- [coremastermarket] [o-auto-1-exec-1] o.s.web.servlet.DispatcherServlet        : Detected AcceptHeaderLocaleResolver
2024-08-01T09:27:35.725-03:00 DEBUG 10971 --- [coremastermarket] [o-auto-1-exec-1] o.s.web.servlet.DispatcherServlet        : Detected FixedThemeResolver
2024-08-01T09:27:35.726-03:00 DEBUG 10971 --- [coremastermarket] [o-auto-1-exec-1] o.s.web.servlet.DispatcherServlet        : Detected org.springframework.web.servlet.view.DefaultRequestToViewNameTranslator@4abcf005
2024-08-01T09:27:35.726-03:00 DEBUG 10971 --- [coremastermarket] [o-auto-1-exec-1] o.s.web.servlet.DispatcherServlet        : Detected org.springframework.web.servlet.support.SessionFlashMapManager@7a765284
2024-08-01T09:27:35.726-03:00 DEBUG 10971 --- [coremastermarket] [o-auto-1-exec-1] o.s.web.servlet.DispatcherServlet        : enableLoggingRequestDetails='false': request parameters and headers will be masked to prevent unsafe logging of potentially sensitive data
2024-08-01T09:27:35.726-03:00  INFO 10971 --- [coremastermarket] [o-auto-1-exec-1] o.s.web.servlet.DispatcherServlet        : Completed initialization in 1 ms
2024-08-01T09:27:35.734-03:00 DEBUG 10971 --- [coremastermarket] [o-auto-1-exec-1] o.s.security.web.FilterChainProxy        : Securing GET /v3/api-docs
2024-08-01T09:27:35.740-03:00 DEBUG 10971 --- [coremastermarket] [o-auto-1-exec-1] o.s.s.w.a.AnonymousAuthenticationFilter  : Set SecurityContextHolder to anonymous SecurityContext
2024-08-01T09:27:35.741-03:00 DEBUG 10971 --- [coremastermarket] [o-auto-1-exec-1] o.s.security.web.FilterChainProxy        : Secured GET /v3/api-docs
2024-08-01T09:27:35.741-03:00 DEBUG 10971 --- [coremastermarket] [o-auto-1-exec-1] o.s.web.servlet.DispatcherServlet        : GET "/v3/api-docs", parameters={}
2024-08-01T09:27:35.741-03:00 DEBUG 10971 --- [coremastermarket] [o-auto-1-exec-1] s.w.s.m.m.a.RequestMappingHandlerMapping : Mapped to org.springdoc.webmvc.api.OpenApiWebMvcResource#openapiJson(HttpServletRequest, String, Locale)
2024-08-01T09:27:35.742-03:00 DEBUG 10971 --- [coremastermarket] [o-auto-1-exec-1] o.j.s.OpenEntityManagerInViewInterceptor : Opening JPA EntityManager in OpenEntityManagerInViewInterceptor
2024-08-01T09:27:35.747-03:00 DEBUG 10971 --- [coremastermarket] [o-auto-1-exec-1] o.s.c.e.PropertySourcesPropertyResolver  : Found key 'springdoc.api-docs.path' in PropertySource 'environmentProperties' with value of type String
2024-08-01T09:27:36.635-03:00  INFO 10971 --- [coremastermarket] [o-auto-1-exec-1] o.springdoc.api.AbstractOpenApiResource  : Init duration for springdoc-openapi is: 881 ms
2024-08-01T09:27:36.649-03:00 DEBUG 10971 --- [coremastermarket] [o-auto-1-exec-1] m.m.a.RequestResponseBodyMethodProcessor : Using 'application/json', given [text/plain, application/json, application/*+json, */*] and supported [application/json]
2024-08-01T09:27:36.652-03:00 DEBUG 10971 --- [coremastermarket] [o-auto-1-exec-1] m.m.a.RequestResponseBodyMethodProcessor : Writing [{123, 34, 111, 112, 101, 110, 97, 112, 105, 34, 58, 34, 51, 46, 48, 46, 49, 34, 44, 34, 105, 110, 10 (truncated)...]
2024-08-01T09:27:36.655-03:00 DEBUG 10971 --- [coremastermarket] [o-auto-1-exec-1] o.j.s.OpenEntityManagerInViewInterceptor : Closing JPA EntityManager in OpenEntityManagerInViewInterceptor
2024-08-01T09:27:36.655-03:00 DEBUG 10971 --- [coremastermarket] [o-auto-1-exec-1] o.s.web.servlet.DispatcherServlet        : Completed 200 OK
2024-08-01T09:27:36.658-03:00 DEBUG 10971 --- [coremastermarket] [    Test worker] o.s.web.client.RestTemplate              : Response 200 OK
2024-08-01T09:27:36.660-03:00 DEBUG 10971 --- [coremastermarket] [    Test worker] o.s.web.client.RestTemplate              : Reading to [java.lang.String] as "application/json"
2024-08-01T09:27:36.662-03:00 DEBUG 10971 --- [coremastermarket] [    Test worker] org.springframework.test.context.cache   : Spring test ApplicationContext cache statistics: [DefaultContextCache@6d512521 size = 3, maxSize = 32, parentContextCount = 0, hitCount = 85, missCount = 5, failureCount = 1]
2024-08-01T09:27:36.662-03:00 DEBUG 10971 --- [coremastermarket] [    Test worker] org.springframework.test.context.cache   : Spring test ApplicationContext cache statistics: [DefaultContextCache@6d512521 size = 3, maxSize = 32, parentContextCount = 0, hitCount = 86, missCount = 5, failureCount = 1]
2024-08-01T09:27:36.663-03:00 DEBUG 10971 --- [coremastermarket] [    Test worker] org.springframework.test.context.cache   : Spring test ApplicationContext cache statistics: [DefaultContextCache@6d512521 size = 3, maxSize = 32, parentContextCount = 0, hitCount = 87, missCount = 5, failureCount = 1]
2024-08-01T09:27:36.663-03:00 DEBUG 10971 --- [coremastermarket] [    Test worker] org.springframework.test.context.cache   : Spring test ApplicationContext cache statistics: [DefaultContextCache@6d512521 size = 3, maxSize = 32, parentContextCount = 0, hitCount = 88, missCount = 5, failureCount = 1]
2024-08-01T09:27:36.663-03:00 DEBUG 10971 --- [coremastermarket] [    Test worker] org.springframework.test.context.cache   : Spring test ApplicationContext cache statistics: [DefaultContextCache@6d512521 size = 3, maxSize = 32, parentContextCount = 0, hitCount = 89, missCount = 5, failureCount = 1]
2024-08-01T09:27:36.663-03:00 DEBUG 10971 --- [coremastermarket] [    Test worker] org.springframework.test.context.cache   : Spring test ApplicationContext cache statistics: [DefaultContextCache@6d512521 size = 3, maxSize = 32, parentContextCount = 0, hitCount = 90, missCount = 5, failureCount = 1]
2024-08-01T09:27:36.663-03:00 DEBUG 10971 --- [coremastermarket] [    Test worker] org.springframework.test.context.cache   : Spring test ApplicationContext cache statistics: [DefaultContextCache@6d512521 size = 3, maxSize = 32, parentContextCount = 0, hitCount = 91, missCount = 5, failureCount = 1]
2024-08-01T09:27:36.664-03:00 DEBUG 10971 --- [coremastermarket] [    Test worker] org.springframework.test.context.cache   : Spring test ApplicationContext cache statistics: [DefaultContextCache@6d512521 size = 3, maxSize = 32, parentContextCount = 0, hitCount = 92, missCount = 5, failureCount = 1]
2024-08-01T09:27:36.664-03:00 DEBUG 10971 --- [coremastermarket] [    Test worker] .c.s.DirtiesContextTestExecutionListener : After test method: class [OpenApiConfigTest], method [testOpenApiConfig], class annotated with @DirtiesContext [false] with mode [null], method annotated with @DirtiesContext [false] with mode [null]
2024-08-01T09:27:36.664-03:00 DEBUG 10971 --- [coremastermarket] [    Test worker] org.springframework.test.context.cache   : Spring test ApplicationContext cache statistics: [DefaultContextCache@6d512521 size = 3, maxSize = 32, parentContextCount = 0, hitCount = 93, missCount = 5, failureCount = 1]
2024-08-01T09:27:36.664-03:00 DEBUG 10971 --- [coremastermarket] [    Test worker] .c.s.DirtiesContextTestExecutionListener : After test class: class [OpenApiConfigTest], class annotated with @DirtiesContext [false] with mode [null]
]]></system-out>
  <system-err><![CDATA[]]></system-err>
</testsuite>
