<?xml version="1.0" encoding="UTF-8"?>
<testsuite name="com.rodolfobrandao.coremastermarket.CoremastermarketApplicationTests" tests="1" skipped="0" failures="0" errors="0" timestamp="2024-08-01T12:27:29" hostname="MacBook-Pro-de-Rodolfo.local" time="0.336">
  <properties/>
  <testcase name="contextLoads()" classname="com.rodolfobrandao.coremastermarket.CoremastermarketApplicationTests" time="0.336"/>
  <system-out><![CDATA[09:27:23.839 [Test worker] INFO org.springframework.test.context.support.AnnotationConfigContextLoaderUtils -- Could not detect default configuration classes for test class [com.rodolfobrandao.coremastermarket.CoremastermarketApplicationTests]: CoremastermarketApplicationTests does not declare any static, non-private, non-final, nested classes annotated with @Configuration.
09:27:23.943 [Test worker] INFO org.springframework.boot.test.context.SpringBootTestContextBootstrapper -- Found @SpringBootConfiguration com.rodolfobrandao.coremastermarket.CoremastermarketApplication for test class com.rodolfobrandao.coremastermarket.CoremastermarketApplicationTests

  .   ____          _            __ _ _
 /\\ / ___'_ __ _ _(_)_ __  __ _ \ \ \ \
( ( )\___ | '_ | '_| | '_ \/ _` | \ \ \ \
 \\/  ___)| |_)| | | | | || (_| |  ) ) ) )
  '  |____| .__|_| |_|_| |_\__, | / / / /
 =========|_|==============|___/=/_/_/_/

 :: Spring Boot ::                (v3.3.2)

2024-08-01T09:27:24.380-03:00  WARN 10971 --- [coremastermarket] [    Test worker] ory$DuplicateJsonObjectContextCustomizer : 

Found multiple occurrences of org.json.JSONObject on the class path:

	jar:file:/Users/rodolfobrandao/.gradle/caches/modules-2/files-2.1/com.vaadin.external.google/android-json/0.0.20131108.vaadin1/fa26d351fe62a6a17f5cda1287c1c6110dec413f/android-json-0.0.20131108.vaadin1.jar!/org/json/JSONObject.class
	jar:file:/Users/rodolfobrandao/.gradle/caches/modules-2/files-2.1/org.json/json/20240303/ebb88e8fb5122b7506d5cf1d69f1ccdb790d22a/json-20240303.jar!/org/json/JSONObject.class

You may wish to exclude one of them to ensure predictable runtime behavior

2024-08-01T09:27:24.405-03:00  INFO 10971 --- [coremastermarket] [    Test worker] c.r.c.CoremastermarketApplicationTests   : Starting CoremastermarketApplicationTests using Java 17.0.11 with PID 10971 (started by rodolfobrandao in /Users/rodolfobrandao/React Studio/Projeto Curso Final/coremastermarket/application-backend)
2024-08-01T09:27:24.406-03:00  INFO 10971 --- [coremastermarket] [    Test worker] c.r.c.CoremastermarketApplicationTests   : No active profile set, falling back to 1 default profile: "default"
2024-08-01T09:27:24.408-03:00 DEBUG 10971 --- [coremastermarket] [    Test worker] o.s.boot.SpringApplication               : Loading source class com.rodolfobrandao.coremastermarket.CoremastermarketApplication
2024-08-01T09:27:24.449-03:00  WARN 10971 --- [coremastermarket] [    Test worker] ironmentPostProcessorApplicationListener : Your Okta Issuer URL is missing. You can copy your domain from the Okta Developer Console. Follow these instructions to find it: https://bit.ly/finding-okta-domain
To fix this add the `okta.oauth2.issuer` property to your application environments.
2024-08-01T09:27:24.449-03:00 DEBUG 10971 --- [coremastermarket] [    Test worker] o.s.w.c.s.GenericWebApplicationContext   : Refreshing org.springframework.web.context.support.GenericWebApplicationContext@7495699f
2024-08-01T09:27:24.475-03:00 DEBUG 10971 --- [coremastermarket] [    Test worker] o.s.b.f.s.DefaultListableBeanFactory     : Creating shared instance of singleton bean 'org.springframework.context.annotation.internalConfigurationAnnotationProcessor'
2024-08-01T09:27:24.494-03:00 DEBUG 10971 --- [coremastermarket] [    Test worker] o.s.b.f.s.DefaultListableBeanFactory     : Creating shared instance of singleton bean 'org.springframework.boot.autoconfigure.internalCachingMetadataReaderFactory'
2024-08-01T09:27:24.542-03:00 DEBUG 10971 --- [coremastermarket] [    Test worker] o.s.c.a.ClassPathBeanDefinitionScanner   : Identified candidate component class: file [/Users/rodolfobrandao/React Studio/Projeto Curso Final/coremastermarket/application-backend/build/classes/java/test/com/rodolfobrandao/coremastermarket/tools/TestConfig.class]
2024-08-01T09:27:24.545-03:00 DEBUG 10971 --- [coremastermarket] [    Test worker] o.s.c.a.ClassPathBeanDefinitionScanner   : Identified candidate component class: file [/Users/rodolfobrandao/React Studio/Projeto Curso Final/coremastermarket/application-backend/build/classes/java/main/com/rodolfobrandao/coremastermarket/config/PreLoadDatabase.class]
2024-08-01T09:27:24.556-03:00  WARN 10971 --- [coremastermarket] [    Test worker] o.s.c.annotation.AnnotationTypeMapping   : Support for convention-based annotation attribute overrides is deprecated and will be removed in Spring Framework 6.2. Please annotate the following attributes in @com.rodolfobrandao.coremastermarket.tools.swagger.DefaultOperation with appropriate @AliasFor declarations: [summary, description, tags]
2024-08-01T09:27:24.557-03:00  WARN 10971 --- [coremastermarket] [    Test worker] o.s.c.annotation.AnnotationTypeMapping   : Support for convention-based annotation attribute overrides is deprecated and will be removed in Spring Framework 6.2. Please annotate the following attributes in @com.rodolfobrandao.coremastermarket.tools.swagger.DefaultOperation with appropriate @AliasFor declarations: [description]
2024-08-01T09:27:24.558-03:00 DEBUG 10971 --- [coremastermarket] [    Test worker] o.s.c.a.ClassPathBeanDefinitionScanner   : Identified candidate component class: file [/Users/rodolfobrandao/React Studio/Projeto Curso Final/coremastermarket/application-backend/build/classes/java/main/com/rodolfobrandao/coremastermarket/controllers/cliente/ClienteController.class]
2024-08-01T09:27:24.560-03:00 DEBUG 10971 --- [coremastermarket] [    Test worker] o.s.c.a.ClassPathBeanDefinitionScanner   : Identified candidate component class: file [/Users/rodolfobrandao/React Studio/Projeto Curso Final/coremastermarket/application-backend/build/classes/java/main/com/rodolfobrandao/coremastermarket/controllers/pdv/MetadosPagamentosController.class]
2024-08-01T09:27:24.560-03:00 DEBUG 10971 --- [coremastermarket] [    Test worker] o.s.c.a.ClassPathBeanDefinitionScanner   : Identified candidate component class: file [/Users/rodolfobrandao/React Studio/Projeto Curso Final/coremastermarket/application-backend/build/classes/java/main/com/rodolfobrandao/coremastermarket/controllers/pdv/ModoPagamentoController.class]
2024-08-01T09:27:24.561-03:00 DEBUG 10971 --- [coremastermarket] [    Test worker] o.s.c.a.ClassPathBeanDefinitionScanner   : Identified candidate component class: file [/Users/rodolfobrandao/React Studio/Projeto Curso Final/coremastermarket/application-backend/build/classes/java/main/com/rodolfobrandao/coremastermarket/controllers/pdv/VendaController.class]
2024-08-01T09:27:24.562-03:00 DEBUG 10971 --- [coremastermarket] [    Test worker] o.s.c.a.ClassPathBeanDefinitionScanner   : Identified candidate component class: file [/Users/rodolfobrandao/React Studio/Projeto Curso Final/coremastermarket/application-backend/build/classes/java/main/com/rodolfobrandao/coremastermarket/controllers/produto/MarcaController.class]
2024-08-01T09:27:24.563-03:00 DEBUG 10971 --- [coremastermarket] [    Test worker] o.s.c.a.ClassPathBeanDefinitionScanner   : Identified candidate component class: file [/Users/rodolfobrandao/React Studio/Projeto Curso Final/coremastermarket/application-backend/build/classes/java/main/com/rodolfobrandao/coremastermarket/controllers/produto/ProdutoController.class]
2024-08-01T09:27:24.573-03:00 DEBUG 10971 --- [coremastermarket] [    Test worker] o.s.c.a.ClassPathBeanDefinitionScanner   : Ignored because not a concrete top-level class: file [/Users/rodolfobrandao/React Studio/Projeto Curso Final/coremastermarket/application-backend/build/classes/java/main/com/rodolfobrandao/coremastermarket/repositories/cliente/ClienteRepository.class]
2024-08-01T09:27:24.573-03:00 DEBUG 10971 --- [coremastermarket] [    Test worker] o.s.c.a.ClassPathBeanDefinitionScanner   : Ignored because not a concrete top-level class: file [/Users/rodolfobrandao/React Studio/Projeto Curso Final/coremastermarket/application-backend/build/classes/java/main/com/rodolfobrandao/coremastermarket/repositories/pdv/VendaRepository.class]
2024-08-01T09:27:24.573-03:00 DEBUG 10971 --- [coremastermarket] [    Test worker] o.s.c.a.ClassPathBeanDefinitionScanner   : Ignored because not a concrete top-level class: file [/Users/rodolfobrandao/React Studio/Projeto Curso Final/coremastermarket/application-backend/build/classes/java/main/com/rodolfobrandao/coremastermarket/repositories/produto/MarcaRepository.class]
2024-08-01T09:27:24.574-03:00 DEBUG 10971 --- [coremastermarket] [    Test worker] o.s.c.a.ClassPathBeanDefinitionScanner   : Ignored because not a concrete top-level class: file [/Users/rodolfobrandao/React Studio/Projeto Curso Final/coremastermarket/application-backend/build/classes/java/main/com/rodolfobrandao/coremastermarket/repositories/produto/ProdutoRepository.class]
2024-08-01T09:27:24.574-03:00 DEBUG 10971 --- [coremastermarket] [    Test worker] o.s.c.a.ClassPathBeanDefinitionScanner   : Identified candidate component class: file [/Users/rodolfobrandao/React Studio/Projeto Curso Final/coremastermarket/application-backend/build/classes/java/main/com/rodolfobrandao/coremastermarket/repositories/tools/GenericQueryServiceConfig.class]
2024-08-01T09:27:24.575-03:00 DEBUG 10971 --- [coremastermarket] [    Test worker] o.s.c.a.ClassPathBeanDefinitionScanner   : Identified candidate component class: file [/Users/rodolfobrandao/React Studio/Projeto Curso Final/coremastermarket/application-backend/build/classes/java/main/com/rodolfobrandao/coremastermarket/security/AuthorizationService.class]
2024-08-01T09:27:24.576-03:00 DEBUG 10971 --- [coremastermarket] [    Test worker] o.s.c.a.ClassPathBeanDefinitionScanner   : Identified candidate component class: file [/Users/rodolfobrandao/React Studio/Projeto Curso Final/coremastermarket/application-backend/build/classes/java/main/com/rodolfobrandao/coremastermarket/security/config/JacksonConfig.class]
2024-08-01T09:27:24.580-03:00 DEBUG 10971 --- [coremastermarket] [    Test worker] o.s.c.a.ClassPathBeanDefinitionScanner   : Identified candidate component class: file [/Users/rodolfobrandao/React Studio/Projeto Curso Final/coremastermarket/application-backend/build/classes/java/main/com/rodolfobrandao/coremastermarket/security/config/SecurityConfiguration.class]
2024-08-01T09:27:24.581-03:00 DEBUG 10971 --- [coremastermarket] [    Test worker] o.s.c.a.ClassPathBeanDefinitionScanner   : Identified candidate component class: file [/Users/rodolfobrandao/React Studio/Projeto Curso Final/coremastermarket/application-backend/build/classes/java/main/com/rodolfobrandao/coremastermarket/security/config/TokenService.class]
2024-08-01T09:27:24.581-03:00 DEBUG 10971 --- [coremastermarket] [    Test worker] o.s.c.a.ClassPathBeanDefinitionScanner   : Identified candidate component class: file [/Users/rodolfobrandao/React Studio/Projeto Curso Final/coremastermarket/application-backend/build/classes/java/main/com/rodolfobrandao/coremastermarket/security/controllers/AuthenticationController.class]
2024-08-01T09:27:24.582-03:00 DEBUG 10971 --- [coremastermarket] [    Test worker] o.s.c.a.ClassPathBeanDefinitionScanner   : Identified candidate component class: file [/Users/rodolfobrandao/React Studio/Projeto Curso Final/coremastermarket/application-backend/build/classes/java/main/com/rodolfobrandao/coremastermarket/security/models/user/SecurityFilter.class]
2024-08-01T09:27:24.585-03:00 DEBUG 10971 --- [coremastermarket] [    Test worker] o.s.c.a.ClassPathBeanDefinitionScanner   : Identified candidate component class: file [/Users/rodolfobrandao/React Studio/Projeto Curso Final/coremastermarket/application-backend/build/classes/java/main/com/rodolfobrandao/coremastermarket/services/cliente/ClienteService.class]
2024-08-01T09:27:24.585-03:00 DEBUG 10971 --- [coremastermarket] [    Test worker] o.s.c.a.ClassPathBeanDefinitionScanner   : Identified candidate component class: file [/Users/rodolfobrandao/React Studio/Projeto Curso Final/coremastermarket/application-backend/build/classes/java/main/com/rodolfobrandao/coremastermarket/services/produto/MarcaService.class]
2024-08-01T09:27:24.587-03:00 DEBUG 10971 --- [coremastermarket] [    Test worker] o.s.c.a.ClassPathBeanDefinitionScanner   : Identified candidate component class: file [/Users/rodolfobrandao/React Studio/Projeto Curso Final/coremastermarket/application-backend/build/classes/java/main/com/rodolfobrandao/coremastermarket/services/produto/ProdutoService.class]
2024-08-01T09:27:24.587-03:00 DEBUG 10971 --- [coremastermarket] [    Test worker] o.s.c.a.ClassPathBeanDefinitionScanner   : Identified candidate component class: file [/Users/rodolfobrandao/React Studio/Projeto Curso Final/coremastermarket/application-backend/build/classes/java/main/com/rodolfobrandao/coremastermarket/services/pve/MetadosPagamentoService.class]
2024-08-01T09:27:24.588-03:00 DEBUG 10971 --- [coremastermarket] [    Test worker] o.s.c.a.ClassPathBeanDefinitionScanner   : Identified candidate component class: file [/Users/rodolfobrandao/React Studio/Projeto Curso Final/coremastermarket/application-backend/build/classes/java/main/com/rodolfobrandao/coremastermarket/services/pve/ModoPagamentoService.class]
2024-08-01T09:27:24.588-03:00 DEBUG 10971 --- [coremastermarket] [    Test worker] o.s.c.a.ClassPathBeanDefinitionScanner   : Identified candidate component class: file [/Users/rodolfobrandao/React Studio/Projeto Curso Final/coremastermarket/application-backend/build/classes/java/main/com/rodolfobrandao/coremastermarket/services/pve/VendaService.class]
2024-08-01T09:27:24.588-03:00 DEBUG 10971 --- [coremastermarket] [    Test worker] o.s.c.a.ClassPathBeanDefinitionScanner   : Identified candidate component class: file [/Users/rodolfobrandao/React Studio/Projeto Curso Final/coremastermarket/application-backend/build/classes/java/main/com/rodolfobrandao/coremastermarket/specifications/GenericQueryServiceImpl.class]
2024-08-01T09:27:24.589-03:00 DEBUG 10971 --- [coremastermarket] [    Test worker] o.s.c.a.ClassPathBeanDefinitionScanner   : Identified candidate component class: file [/Users/rodolfobrandao/React Studio/Projeto Curso Final/coremastermarket/application-backend/build/classes/java/main/com/rodolfobrandao/coremastermarket/specifications/GenericService.class]
2024-08-01T09:27:24.590-03:00 DEBUG 10971 --- [coremastermarket] [    Test worker] o.s.c.a.ClassPathBeanDefinitionScanner   : Identified candidate component class: file [/Users/rodolfobrandao/React Studio/Projeto Curso Final/coremastermarket/application-backend/build/classes/java/main/com/rodolfobrandao/coremastermarket/tools/GlobalExceptionHandler.class]
2024-08-01T09:27:24.600-03:00 DEBUG 10971 --- [coremastermarket] [    Test worker] o.s.c.a.ClassPathBeanDefinitionScanner   : Identified candidate component class: file [/Users/rodolfobrandao/React Studio/Projeto Curso Final/coremastermarket/application-backend/build/classes/java/main/com/rodolfobrandao/coremastermarket/tools/swagger/OpenApiConfig.class]
2024-08-01T09:27:24.601-03:00 DEBUG 10971 --- [coremastermarket] [    Test worker] o.s.c.a.ClassPathBeanDefinitionScanner   : Identified candidate component class: file [/Users/rodolfobrandao/React Studio/Projeto Curso Final/coremastermarket/application-backend/build/classes/java/main/com/rodolfobrandao/coremastermarket/tools/swagger/SwaggerAspect.class]
2024-08-01T09:27:25.372-03:00  INFO 10971 --- [coremastermarket] [    Test worker] .s.d.r.c.RepositoryConfigurationDelegate : Multiple Spring Data modules found, entering strict repository configuration mode
2024-08-01T09:27:25.374-03:00  INFO 10971 --- [coremastermarket] [    Test worker] .s.d.r.c.RepositoryConfigurationDelegate : Bootstrapping Spring Data JPA repositories in DEFAULT mode.
2024-08-01T09:27:25.379-03:00 DEBUG 10971 --- [coremastermarket] [    Test worker] o.s.b.f.s.DefaultListableBeanFactory     : Creating shared instance of singleton bean 'org.springframework.boot.autoconfigure.AutoConfigurationPackages'
2024-08-01T09:27:25.388-03:00 DEBUG 10971 --- [coremastermarket] [    Test worker] o.s.b.a.AutoConfigurationPackages        : @EnableAutoConfiguration was declared on a class in the package 'com.rodolfobrandao.coremastermarket'. Automatic @Repository and @Entity scanning is enabled.
2024-08-01T09:27:25.388-03:00 DEBUG 10971 --- [coremastermarket] [    Test worker] .s.d.r.c.RepositoryConfigurationDelegate : Scanning for JPA repositories in packages com.rodolfobrandao.coremastermarket.
2024-08-01T09:27:25.398-03:00 DEBUG 10971 --- [coremastermarket] [    Test worker] o.s.d.r.c.RepositoryComponentProvider    : Identified candidate component class: file [/Users/rodolfobrandao/React Studio/Projeto Curso Final/coremastermarket/application-backend/build/classes/java/main/com/rodolfobrandao/coremastermarket/repositories/cliente/ClienteRepository.class]
2024-08-01T09:27:25.398-03:00 DEBUG 10971 --- [coremastermarket] [    Test worker] o.s.d.r.c.RepositoryComponentProvider    : Identified candidate component class: file [/Users/rodolfobrandao/React Studio/Projeto Curso Final/coremastermarket/application-backend/build/classes/java/main/com/rodolfobrandao/coremastermarket/repositories/pdv/MetadosPagamentosRepository.class]
2024-08-01T09:27:25.398-03:00 DEBUG 10971 --- [coremastermarket] [    Test worker] o.s.d.r.c.RepositoryComponentProvider    : Identified candidate component class: file [/Users/rodolfobrandao/React Studio/Projeto Curso Final/coremastermarket/application-backend/build/classes/java/main/com/rodolfobrandao/coremastermarket/repositories/pdv/ModoPagamentoRepository.class]
2024-08-01T09:27:25.398-03:00 DEBUG 10971 --- [coremastermarket] [    Test worker] o.s.d.r.c.RepositoryComponentProvider    : Identified candidate component class: file [/Users/rodolfobrandao/React Studio/Projeto Curso Final/coremastermarket/application-backend/build/classes/java/main/com/rodolfobrandao/coremastermarket/repositories/pdv/VendaRepository.class]
2024-08-01T09:27:25.399-03:00 DEBUG 10971 --- [coremastermarket] [    Test worker] o.s.d.r.c.RepositoryComponentProvider    : Identified candidate component class: file [/Users/rodolfobrandao/React Studio/Projeto Curso Final/coremastermarket/application-backend/build/classes/java/main/com/rodolfobrandao/coremastermarket/repositories/produto/MarcaRepository.class]
2024-08-01T09:27:25.399-03:00 DEBUG 10971 --- [coremastermarket] [    Test worker] o.s.d.r.c.RepositoryComponentProvider    : Identified candidate component class: file [/Users/rodolfobrandao/React Studio/Projeto Curso Final/coremastermarket/application-backend/build/classes/java/main/com/rodolfobrandao/coremastermarket/repositories/produto/ProdutoRepository.class]
2024-08-01T09:27:25.400-03:00 DEBUG 10971 --- [coremastermarket] [    Test worker] o.s.d.r.c.RepositoryComponentProvider    : Identified candidate component class: file [/Users/rodolfobrandao/React Studio/Projeto Curso Final/coremastermarket/application-backend/build/classes/java/main/com/rodolfobrandao/coremastermarket/security/repositories/UserRepository.class]
2024-08-01T09:27:25.506-03:00 DEBUG 10971 --- [coremastermarket] [    Test worker] ssPathScanningCandidateComponentProvider : Identified candidate component class: file [/Users/rodolfobrandao/React Studio/Projeto Curso Final/coremastermarket/application-backend/build/classes/java/main/com/rodolfobrandao/coremastermarket/specifications/GenericQueryServiceImpl.class]
2024-08-01T09:27:25.517-03:00  INFO 10971 --- [coremastermarket] [    Test worker] .s.d.r.c.RepositoryConfigurationDelegate : Finished Spring Data repository scanning in 127 ms. Found 7 JPA repository interfaces.
2024-08-01T09:27:25.548-03:00  INFO 10971 --- [coremastermarket] [    Test worker] .s.d.r.c.RepositoryConfigurationDelegate : Multiple Spring Data modules found, entering strict repository configuration mode
2024-08-01T09:27:25.549-03:00  INFO 10971 --- [coremastermarket] [    Test worker] .s.d.r.c.RepositoryConfigurationDelegate : Bootstrapping Spring Data JDBC repositories in DEFAULT mode.
2024-08-01T09:27:25.549-03:00 DEBUG 10971 --- [coremastermarket] [    Test worker] .s.d.r.c.RepositoryConfigurationDelegate : Scanning for JDBC repositories in packages com.rodolfobrandao.coremastermarket.
2024-08-01T09:27:25.553-03:00 DEBUG 10971 --- [coremastermarket] [    Test worker] o.s.d.r.c.RepositoryComponentProvider    : Identified candidate component class: file [/Users/rodolfobrandao/React Studio/Projeto Curso Final/coremastermarket/application-backend/build/classes/java/main/com/rodolfobrandao/coremastermarket/repositories/cliente/ClienteRepository.class]
2024-08-01T09:27:25.554-03:00 DEBUG 10971 --- [coremastermarket] [    Test worker] o.s.d.r.c.RepositoryComponentProvider    : Identified candidate component class: file [/Users/rodolfobrandao/React Studio/Projeto Curso Final/coremastermarket/application-backend/build/classes/java/main/com/rodolfobrandao/coremastermarket/repositories/pdv/MetadosPagamentosRepository.class]
2024-08-01T09:27:25.554-03:00 DEBUG 10971 --- [coremastermarket] [    Test worker] o.s.d.r.c.RepositoryComponentProvider    : Identified candidate component class: file [/Users/rodolfobrandao/React Studio/Projeto Curso Final/coremastermarket/application-backend/build/classes/java/main/com/rodolfobrandao/coremastermarket/repositories/pdv/ModoPagamentoRepository.class]
2024-08-01T09:27:25.554-03:00 DEBUG 10971 --- [coremastermarket] [    Test worker] o.s.d.r.c.RepositoryComponentProvider    : Identified candidate component class: file [/Users/rodolfobrandao/React Studio/Projeto Curso Final/coremastermarket/application-backend/build/classes/java/main/com/rodolfobrandao/coremastermarket/repositories/pdv/VendaRepository.class]
2024-08-01T09:27:25.554-03:00 DEBUG 10971 --- [coremastermarket] [    Test worker] o.s.d.r.c.RepositoryComponentProvider    : Identified candidate component class: file [/Users/rodolfobrandao/React Studio/Projeto Curso Final/coremastermarket/application-backend/build/classes/java/main/com/rodolfobrandao/coremastermarket/repositories/produto/MarcaRepository.class]
2024-08-01T09:27:25.554-03:00 DEBUG 10971 --- [coremastermarket] [    Test worker] o.s.d.r.c.RepositoryComponentProvider    : Identified candidate component class: file [/Users/rodolfobrandao/React Studio/Projeto Curso Final/coremastermarket/application-backend/build/classes/java/main/com/rodolfobrandao/coremastermarket/repositories/produto/ProdutoRepository.class]
2024-08-01T09:27:25.554-03:00 DEBUG 10971 --- [coremastermarket] [    Test worker] o.s.d.r.c.RepositoryComponentProvider    : Identified candidate component class: file [/Users/rodolfobrandao/React Studio/Projeto Curso Final/coremastermarket/application-backend/build/classes/java/main/com/rodolfobrandao/coremastermarket/security/repositories/UserRepository.class]
2024-08-01T09:27:25.555-03:00  INFO 10971 --- [coremastermarket] [    Test worker] .RepositoryConfigurationExtensionSupport : Spring Data JDBC - Could not safely identify store assignment for repository candidate interface com.rodolfobrandao.coremastermarket.repositories.cliente.ClienteRepository; If you want this repository to be a JDBC repository, consider annotating your entities with one of these annotations: org.springframework.data.relational.core.mapping.Table.
2024-08-01T09:27:25.556-03:00  INFO 10971 --- [coremastermarket] [    Test worker] .RepositoryConfigurationExtensionSupport : Spring Data JDBC - Could not safely identify store assignment for repository candidate interface com.rodolfobrandao.coremastermarket.repositories.pdv.MetadosPagamentosRepository; If you want this repository to be a JDBC repository, consider annotating your entities with one of these annotations: org.springframework.data.relational.core.mapping.Table.
2024-08-01T09:27:25.556-03:00  INFO 10971 --- [coremastermarket] [    Test worker] .RepositoryConfigurationExtensionSupport : Spring Data JDBC - Could not safely identify store assignment for repository candidate interface com.rodolfobrandao.coremastermarket.repositories.pdv.ModoPagamentoRepository; If you want this repository to be a JDBC repository, consider annotating your entities with one of these annotations: org.springframework.data.relational.core.mapping.Table.
2024-08-01T09:27:25.556-03:00  INFO 10971 --- [coremastermarket] [    Test worker] .RepositoryConfigurationExtensionSupport : Spring Data JDBC - Could not safely identify store assignment for repository candidate interface com.rodolfobrandao.coremastermarket.repositories.pdv.VendaRepository; If you want this repository to be a JDBC repository, consider annotating your entities with one of these annotations: org.springframework.data.relational.core.mapping.Table.
2024-08-01T09:27:25.556-03:00  INFO 10971 --- [coremastermarket] [    Test worker] .RepositoryConfigurationExtensionSupport : Spring Data JDBC - Could not safely identify store assignment for repository candidate interface com.rodolfobrandao.coremastermarket.repositories.produto.MarcaRepository; If you want this repository to be a JDBC repository, consider annotating your entities with one of these annotations: org.springframework.data.relational.core.mapping.Table.
2024-08-01T09:27:25.556-03:00  INFO 10971 --- [coremastermarket] [    Test worker] .RepositoryConfigurationExtensionSupport : Spring Data JDBC - Could not safely identify store assignment for repository candidate interface com.rodolfobrandao.coremastermarket.repositories.produto.ProdutoRepository; If you want this repository to be a JDBC repository, consider annotating your entities with one of these annotations: org.springframework.data.relational.core.mapping.Table.
2024-08-01T09:27:25.557-03:00  INFO 10971 --- [coremastermarket] [    Test worker] .RepositoryConfigurationExtensionSupport : Spring Data JDBC - Could not safely identify store assignment for repository candidate interface com.rodolfobrandao.coremastermarket.security.repositories.UserRepository; If you want this repository to be a JDBC repository, consider annotating your entities with one of these annotations: org.springframework.data.relational.core.mapping.Table.
2024-08-01T09:27:25.557-03:00  INFO 10971 --- [coremastermarket] [    Test worker] .s.d.r.c.RepositoryConfigurationDelegate : Finished Spring Data repository scanning in 8 ms. Found 0 JDBC repository interfaces.
2024-08-01T09:27:25.649-03:00 DEBUG 10971 --- [coremastermarket] [    Test worker] o.s.b.f.s.DefaultListableBeanFactory     : Creating shared instance of singleton bean 'refreshScope'
2024-08-01T09:27:25.650-03:00 DEBUG 10971 --- [coremastermarket] [    Test worker] o.s.b.f.s.DefaultListableBeanFactory     : Creating shared instance of singleton bean 'springSecurityHandlerMappingIntrospectorBeanDefinitionRegistryPostProcessor'
2024-08-01T09:27:25.651-03:00 DEBUG 10971 --- [coremastermarket] [    Test worker] o.s.b.f.s.DefaultListableBeanFactory     : Creating shared instance of singleton bean 'authorizedClientManagerRegistrar'
2024-08-01T09:27:25.651-03:00 DEBUG 10971 --- [coremastermarket] [    Test worker] o.s.b.f.s.DefaultListableBeanFactory     : Creating shared instance of singleton bean 'org.springframework.security.config.annotation.web.configuration.OAuth2ClientConfiguration$OAuth2AuthorizedClientManagerConfiguration'
2024-08-01T09:27:25.654-03:00 DEBUG 10971 --- [coremastermarket] [    Test worker] o.s.b.f.s.DefaultListableBeanFactory     : Creating shared instance of singleton bean 'org.springframework.cloud.autoconfigure.RefreshAutoConfiguration$RefreshScopeBeanDefinitionEnhancer'
2024-08-01T09:27:25.743-03:00 DEBUG 10971 --- [coremastermarket] [    Test worker] o.s.cloud.context.scope.GenericScope     : Generating bean factory id from names: [additionalModelsConverter, applicationAvailability, applicationTaskExecutor, authenticationController, authenticationManager, authenticationManagerBuilder, authorizationService, authorizedClientManagerRegistrar, basicErrorController, beanNameHandlerMapping, beanNameViewResolver, characterEncodingFilter, chatClientBuilder, chatClientBuilderConfigurer, clienteController, clienteRepository, clienteService, compositeCompatibilityVerifier, compositeDiscoveryClient, configDataContextRefresher, configurationPropertiesBeans, configurationPropertiesRebinder, conventionErrorViewResolver, conversionServicePostProcessor, cookieSerializer, coremastermarketApplication, customOpenAPI, data-jdbc.repository-aot-processor#0, data-jpa.repository-aot-processor#0, dataAccessStrategyBean, dataSource, dataSourceScriptDatabaseInitializer, defaultCodecCustomizer, defaultServletHandlerMapping, defaultTemplateResolver, defaultValidator, defaultViewResolver, defaultsBindHandlerAdvisor, delegatingApplicationListener, delegatingMethodParameterCustomizer, dispatcherServlet, dispatcherServletRegistration, emBeanDefinitionRegistrarPostProcessor, enableGlobalAuthenticationAutowiredConfigurer, entityManagerFactory, entityManagerFactoryBuilder, environmentManager, error, errorAttributes, errorPageCustomizer, errorPageRegistrarBeanPostProcessor, exchangeStrategiesCustomizer, fileSupportConverter, fileWatcher, flashMapManager, formContentFilter, functionCatalog, functionRouter, genericQueryServiceConfig, genericQueryServiceImpl, genericReturnTypeParser, genericService, globalExceptionHandler, gson, gsonBuilder, handlerExceptionResolver, handlerFunctionAdapter, hikariPoolDataSourceMetadataProvider, httpMessageConvertersRestClientCustomizer, httpRequestHandlerAdapter, indexPageTransformer, inetUtils, inetUtilsProperties, initializeAuthenticationProviderBeanManagerConfigurer, initializeUserDetailsBeanManagerConfigurer, jacksonCodecCustomizer, jacksonConfig, jacksonGeoModule, jacksonObjectMapperBuilder, jdbcAggregateTemplate, jdbcClient, jdbcConnectionDetails, jdbcConnectionDetailsHikariBeanPostProcessor, jdbcConverter, jdbcCustomConversions, jdbcDialect, jdbcManagedTypes, jdbcMappingContext, jdbcTemplate, jpa.ClienteRepository.fragments#0, jpa.MarcaRepository.fragments#0, jpa.MetadosPagamentosRepository.fragments#0, jpa.ModoPagamentoRepository.fragments#0, jpa.ProdutoRepository.fragments#0, jpa.UserRepository.fragments#0, jpa.VendaRepository.fragments#0, jpa.named-queries#0, jpa.named-queries#1, jpa.named-queries#2, jpa.named-queries#3, jpa.named-queries#4, jpa.named-queries#5, jpa.named-queries#6, jpaContext, jpaMappingContext, jpaSharedEM_entityManagerFactory, jpaVendorAdapter, jsonComponentModule, jsonMapper, jsonMixinModule, jsonMixinModuleEntries, lifecycleProcessor, loadBalancerClientsDefaultsMappingsProvider, localSpringDocParameterNameDiscoverer, localeCharsetMappingsCustomizer, localeResolver, loggingRebinder, mappingJackson2HttpMessageConverter, marcaController, marcaRepository, marcaService, messageConverters, metadosPagamentoService, metadosPagamentosController, metadosPagamentosRepository, methodValidationPostProcessor, modelConverterRegistrar, modoPagamentoController, modoPagamentoRepository, modoPagamentoService, multipartConfigElement, multipartResolver, mvcContentNegotiationManager, mvcConversionService, mvcHandlerMappingIntrospector, mvcHandlerMappingIntrospectorRequestTransformer, mvcPathMatcher, mvcPatternParser, mvcResourceUrlProvider, mvcUriComponentsContributor, mvcUrlPathHelper, mvcValidator, mvcViewResolver, namedParameterJdbcTemplate, nativeFunctionInvocationHelper, objectMapper, objectPostProcessor, offsetResolver, ollamaApi, ollamaChatModel, ollamaConnectionDetails, ollamaEmbeddingModel, openAPIBuilder, openApiConfig, openApiResource, openEntityManagerInViewInterceptor, openEntityManagerInViewInterceptorConfigurer, operationBuilder, org.springdoc.core.configuration.SpringDocConfiguration, org.springdoc.core.configuration.SpringDocConfiguration$OpenApiResourceAdvice, org.springdoc.core.configuration.SpringDocConfiguration$QuerydslProvider, org.springdoc.core.configuration.SpringDocConfiguration$SpringDocSpringDataWebPropertiesProvider, org.springdoc.core.configuration.SpringDocConfiguration$SpringDocWebFluxSupportConfiguration, org.springdoc.core.configuration.SpringDocConfiguration$WebConversionServiceConfiguration, org.springdoc.core.configuration.SpringDocPageableConfiguration, org.springdoc.core.configuration.SpringDocSecurityConfiguration, org.springdoc.core.configuration.SpringDocSecurityConfiguration$SpringSecurityLoginEndpointConfiguration, org.springdoc.core.configuration.SpringDocSortConfiguration, org.springdoc.core.configuration.SpringDocUIConfiguration, org.springdoc.core.properties.SpringDocConfigProperties, org.springdoc.core.properties.SwaggerUiConfigParameters, org.springdoc.core.properties.SwaggerUiConfigProperties, org.springdoc.core.properties.SwaggerUiOAuthProperties, org.springdoc.webmvc.core.configuration.SpringDocWebMvcConfiguration, org.springdoc.webmvc.core.configuration.SpringDocWebMvcConfiguration$SpringDocWebMvcRouterConfiguration, org.springdoc.webmvc.ui.SwaggerConfig, org.springframework.ai.autoconfigure.chat.client.ChatClientAutoConfiguration, org.springframework.ai.autoconfigure.ollama.OllamaAutoConfiguration, org.springframework.ai.autoconfigure.retry.SpringAiRetryAutoConfiguration, org.springframework.aop.config.internalAutoProxyCreator, org.springframework.boot.autoconfigure.AutoConfigurationPackages, org.springframework.boot.autoconfigure.aop.AopAutoConfiguration, org.springframework.boot.autoconfigure.aop.AopAutoConfiguration$AspectJAutoProxyingConfiguration, org.springframework.boot.autoconfigure.aop.AopAutoConfiguration$AspectJAutoProxyingConfiguration$CglibAutoProxyConfiguration, org.springframework.boot.autoconfigure.availability.ApplicationAvailabilityAutoConfiguration, org.springframework.boot.autoconfigure.context.ConfigurationPropertiesAutoConfiguration, org.springframework.boot.autoconfigure.context.LifecycleAutoConfiguration, org.springframework.boot.autoconfigure.context.PropertyPlaceholderAutoConfiguration, org.springframework.boot.autoconfigure.dao.PersistenceExceptionTranslationAutoConfiguration, org.springframework.boot.autoconfigure.data.jdbc.JdbcRepositoriesAutoConfiguration, org.springframework.boot.autoconfigure.data.jdbc.JdbcRepositoriesAutoConfiguration$JdbcRepositoriesConfiguration, org.springframework.boot.autoconfigure.data.jdbc.JdbcRepositoriesAutoConfiguration$SpringBootJdbcConfiguration, org.springframework.boot.autoconfigure.data.jpa.JpaRepositoriesAutoConfiguration, org.springframework.boot.autoconfigure.data.web.SpringDataWebAutoConfiguration, org.springframework.boot.autoconfigure.gson.GsonAutoConfiguration, org.springframework.boot.autoconfigure.http.GsonHttpMessageConvertersConfiguration, org.springframework.boot.autoconfigure.http.HttpMessageConvertersAutoConfiguration, org.springframework.boot.autoconfigure.http.HttpMessageConvertersAutoConfiguration$StringHttpMessageConverterConfiguration, org.springframework.boot.autoconfigure.http.JacksonHttpMessageConvertersConfiguration, org.springframework.boot.autoconfigure.http.JacksonHttpMessageConvertersConfiguration$MappingJackson2HttpMessageConverterConfiguration, org.springframework.boot.autoconfigure.http.codec.CodecsAutoConfiguration, org.springframework.boot.autoconfigure.http.codec.CodecsAutoConfiguration$DefaultCodecsConfiguration, org.springframework.boot.autoconfigure.http.codec.CodecsAutoConfiguration$JacksonCodecConfiguration, org.springframework.boot.autoconfigure.info.ProjectInfoAutoConfiguration, org.springframework.boot.autoconfigure.internalCachingMetadataReaderFactory, org.springframework.boot.autoconfigure.jackson.JacksonAutoConfiguration, org.springframework.boot.autoconfigure.jackson.JacksonAutoConfiguration$Jackson2ObjectMapperBuilderCustomizerConfiguration, org.springframework.boot.autoconfigure.jackson.JacksonAutoConfiguration$JacksonMixinConfiguration, org.springframework.boot.autoconfigure.jackson.JacksonAutoConfiguration$JacksonObjectMapperBuilderConfiguration, org.springframework.boot.autoconfigure.jackson.JacksonAutoConfiguration$JacksonObjectMapperConfiguration, org.springframework.boot.autoconfigure.jackson.JacksonAutoConfiguration$ParameterNamesModuleConfiguration, org.springframework.boot.autoconfigure.jdbc.DataSourceAutoConfiguration, org.springframework.boot.autoconfigure.jdbc.DataSourceAutoConfiguration$PooledDataSourceConfiguration, org.springframework.boot.autoconfigure.jdbc.DataSourceConfiguration$Hikari, org.springframework.boot.autoconfigure.jdbc.DataSourceTransactionManagerAutoConfiguration, org.springframework.boot.autoconfigure.jdbc.DataSourceTransactionManagerAutoConfiguration$JdbcTransactionManagerConfiguration, org.springframework.boot.autoconfigure.jdbc.JdbcClientAutoConfiguration, org.springframework.boot.autoconfigure.jdbc.JdbcTemplateAutoConfiguration, org.springframework.boot.autoconfigure.jdbc.JdbcTemplateConfiguration, org.springframework.boot.autoconfigure.jdbc.NamedParameterJdbcTemplateConfiguration, org.springframework.boot.autoconfigure.jdbc.metadata.DataSourcePoolMetadataProvidersConfiguration, org.springframework.boot.autoconfigure.jdbc.metadata.DataSourcePoolMetadataProvidersConfiguration$HikariPoolDataSourceMetadataProviderConfiguration, org.springframework.boot.autoconfigure.netty.NettyAutoConfiguration, org.springframework.boot.autoconfigure.orm.jpa.HibernateJpaAutoConfiguration, org.springframework.boot.autoconfigure.orm.jpa.HibernateJpaConfiguration, org.springframework.boot.autoconfigure.orm.jpa.JpaBaseConfiguration$JpaWebConfiguration, org.springframework.boot.autoconfigure.orm.jpa.JpaBaseConfiguration$PersistenceManagedTypesConfiguration, org.springframework.boot.autoconfigure.reactor.ReactorAutoConfiguration, org.springframework.boot.autoconfigure.reactor.netty.ReactorNettyConfigurations$ReactorResourceFactoryConfiguration, org.springframework.boot.autoconfigure.security.oauth2.client.servlet.OAuth2ClientAutoConfiguration, org.springframework.boot.autoconfigure.security.oauth2.resource.servlet.OAuth2ResourceServerAutoConfiguration, org.springframework.boot.autoconfigure.security.oauth2.resource.servlet.OAuth2ResourceServerJwtConfiguration$JwtDecoderConfiguration, org.springframework.boot.autoconfigure.security.oauth2.resource.servlet.OAuth2ResourceServerOpaqueTokenConfiguration$OpaqueTokenIntrospectionClientConfiguration, org.springframework.boot.autoconfigure.security.oauth2.resource.servlet.Oauth2ResourceServerConfiguration$JwtConfiguration, org.springframework.boot.autoconfigure.security.oauth2.resource.servlet.Oauth2ResourceServerConfiguration$OpaqueTokenConfiguration, org.springframework.boot.autoconfigure.security.reactive.ReactiveSecurityAutoConfiguration, org.springframework.boot.autoconfigure.security.servlet.SecurityFilterAutoConfiguration, org.springframework.boot.autoconfigure.session.SessionAutoConfiguration, org.springframework.boot.autoconfigure.session.SessionAutoConfiguration$ServletSessionConfiguration, org.springframework.boot.autoconfigure.session.SessionAutoConfiguration$ServletSessionConfiguration$RememberMeServicesConfiguration, org.springframework.boot.autoconfigure.session.SessionAutoConfiguration$ServletSessionConfiguration$ServletSessionRepositoryConfiguration, org.springframework.boot.autoconfigure.sql.init.DataSourceInitializationConfiguration, org.springframework.boot.autoconfigure.sql.init.SqlInitializationAutoConfiguration, org.springframework.boot.autoconfigure.ssl.SslAutoConfiguration, org.springframework.boot.autoconfigure.task.TaskExecutionAutoConfiguration, org.springframework.boot.autoconfigure.task.TaskExecutorConfigurations$SimpleAsyncTaskExecutorBuilderConfiguration, org.springframework.boot.autoconfigure.task.TaskExecutorConfigurations$TaskExecutorBuilderConfiguration, org.springframework.boot.autoconfigure.task.TaskExecutorConfigurations$TaskExecutorConfiguration, org.springframework.boot.autoconfigure.task.TaskExecutorConfigurations$ThreadPoolTaskExecutorBuilderConfiguration, org.springframework.boot.autoconfigure.task.TaskSchedulingAutoConfiguration, org.springframework.boot.autoconfigure.task.TaskSchedulingConfigurations$SimpleAsyncTaskSchedulerBuilderConfiguration, org.springframework.boot.autoconfigure.task.TaskSchedulingConfigurations$TaskSchedulerBuilderConfiguration, org.springframework.boot.autoconfigure.task.TaskSchedulingConfigurations$ThreadPoolTaskSchedulerBuilderConfiguration, org.springframework.boot.autoconfigure.thymeleaf.TemplateEngineConfigurations$DefaultTemplateEngineConfiguration, org.springframework.boot.autoconfigure.thymeleaf.ThymeleafAutoConfiguration, org.springframework.boot.autoconfigure.thymeleaf.ThymeleafAutoConfiguration$DefaultTemplateResolverConfiguration, org.springframework.boot.autoconfigure.thymeleaf.ThymeleafAutoConfiguration$ThymeleafWebMvcConfiguration, org.springframework.boot.autoconfigure.thymeleaf.ThymeleafAutoConfiguration$ThymeleafWebMvcConfiguration$ThymeleafViewResolverConfiguration, org.springframework.boot.autoconfigure.transaction.TransactionAutoConfiguration, org.springframework.boot.autoconfigure.transaction.TransactionAutoConfiguration$EnableTransactionManagementConfiguration, org.springframework.boot.autoconfigure.transaction.TransactionAutoConfiguration$EnableTransactionManagementConfiguration$CglibAutoProxyConfiguration, org.springframework.boot.autoconfigure.transaction.TransactionAutoConfiguration$TransactionTemplateConfiguration, org.springframework.boot.autoconfigure.transaction.TransactionManagerCustomizationAutoConfiguration, org.springframework.boot.autoconfigure.transaction.jta.JtaAutoConfiguration, org.springframework.boot.autoconfigure.validation.ValidationAutoConfiguration, org.springframework.boot.autoconfigure.web.client.RestClientAutoConfiguration, org.springframework.boot.autoconfigure.web.client.RestTemplateAutoConfiguration, org.springframework.boot.autoconfigure.web.reactive.function.client.ClientHttpConnectorAutoConfiguration, org.springframework.boot.autoconfigure.web.reactive.function.client.ClientHttpConnectorFactoryConfiguration$ReactorNetty, org.springframework.boot.autoconfigure.web.reactive.function.client.WebClientAutoConfiguration, org.springframework.boot.autoconfigure.web.reactive.function.client.WebClientAutoConfiguration$WebClientCodecsConfiguration, org.springframework.boot.autoconfigure.web.servlet.DispatcherServletAutoConfiguration, org.springframework.boot.autoconfigure.web.servlet.DispatcherServletAutoConfiguration$DispatcherServletConfiguration, org.springframework.boot.autoconfigure.web.servlet.DispatcherServletAutoConfiguration$DispatcherServletRegistrationConfiguration, org.springframework.boot.autoconfigure.web.servlet.HttpEncodingAutoConfiguration, org.springframework.boot.autoconfigure.web.servlet.MultipartAutoConfiguration, org.springframework.boot.autoconfigure.web.servlet.ServletWebServerFactoryAutoConfiguration, org.springframework.boot.autoconfigure.web.servlet.ServletWebServerFactoryConfiguration$EmbeddedTomcat, org.springframework.boot.autoconfigure.web.servlet.WebMvcAutoConfiguration, org.springframework.boot.autoconfigure.web.servlet.WebMvcAutoConfiguration$EnableWebMvcConfiguration, org.springframework.boot.autoconfigure.web.servlet.WebMvcAutoConfiguration$WebMvcAutoConfigurationAdapter, org.springframework.boot.autoconfigure.web.servlet.error.ErrorMvcAutoConfiguration, org.springframework.boot.autoconfigure.web.servlet.error.ErrorMvcAutoConfiguration$DefaultErrorViewResolverConfiguration, org.springframework.boot.autoconfigure.web.servlet.error.ErrorMvcAutoConfiguration$WhitelabelErrorViewConfiguration, org.springframework.boot.autoconfigure.websocket.servlet.WebSocketServletAutoConfiguration, org.springframework.boot.autoconfigure.websocket.servlet.WebSocketServletAutoConfiguration$TomcatWebSocketConfiguration, org.springframework.boot.context.internalConfigurationPropertiesBinder, org.springframework.boot.context.properties.BoundConfigurationProperties, org.springframework.boot.context.properties.ConfigurationPropertiesBindingPostProcessor, org.springframework.boot.context.properties.EnableConfigurationPropertiesRegistrar.methodValidationExcludeFilter, org.springframework.boot.sql.init.dependency.DatabaseInitializationDependencyConfigurer$DependsOnDatabaseInitializationPostProcessor, org.springframework.boot.test.mock.mockito.MockitoPostProcessor, org.springframework.boot.test.mock.mockito.MockitoPostProcessor$SpyPostProcessor, org.springframework.cloud.autoconfigure.ConfigurationPropertiesRebinderAutoConfiguration, org.springframework.cloud.autoconfigure.LifecycleMvcEndpointAutoConfiguration, org.springframework.cloud.autoconfigure.RefreshAutoConfiguration, org.springframework.cloud.autoconfigure.RefreshAutoConfiguration$JpaInvokerConfiguration, org.springframework.cloud.autoconfigure.RefreshAutoConfiguration$RefreshScopeBeanDefinitionEnhancer, org.springframework.cloud.client.CommonsClientAutoConfiguration, org.springframework.cloud.client.ReactiveCommonsClientAutoConfiguration, org.springframework.cloud.client.discovery.composite.CompositeDiscoveryClientAutoConfiguration, org.springframework.cloud.client.discovery.composite.reactive.ReactiveCompositeDiscoveryClientAutoConfiguration, org.springframework.cloud.client.discovery.simple.SimpleDiscoveryClientAutoConfiguration, org.springframework.cloud.client.discovery.simple.reactive.SimpleReactiveDiscoveryClientAutoConfiguration, org.springframework.cloud.client.loadbalancer.LoadBalancerDefaultMappingsProviderAutoConfiguration, org.springframework.cloud.client.serviceregistry.AutoServiceRegistrationAutoConfiguration, org.springframework.cloud.client.serviceregistry.AutoServiceRegistrationConfiguration, org.springframework.cloud.client.serviceregistry.ServiceRegistryAutoConfiguration, org.springframework.cloud.commons.config.CommonsConfigAutoConfiguration, org.springframework.cloud.commons.security.ResourceServerTokenRelayAutoConfiguration, org.springframework.cloud.commons.security.ResourceServerTokenRelayAutoConfiguration$ResourceServerTokenRelayRegistrationAutoConfiguration, org.springframework.cloud.commons.util.UtilAutoConfiguration, org.springframework.cloud.configuration.CompatibilityVerifierAutoConfiguration, org.springframework.cloud.function.cloudevent.CloudEventsFunctionExtensionConfiguration, org.springframework.cloud.function.context.config.ContextFunctionCatalogAutoConfiguration, org.springframework.cloud.function.context.config.ContextFunctionCatalogAutoConfiguration$JsonMapperConfiguration, org.springframework.cloud.function.context.config.ContextFunctionCatalogAutoConfiguration$PlainFunctionScanConfiguration, org.springframework.context.annotation.internalAutowiredAnnotationProcessor, org.springframework.context.annotation.internalCommonAnnotationProcessor, org.springframework.context.annotation.internalConfigurationAnnotationProcessor, org.springframework.context.annotation.internalPersistenceAnnotationProcessor, org.springframework.context.event.internalEventListenerFactory, org.springframework.context.event.internalEventListenerProcessor, org.springframework.data.jpa.repository.support.JpaEvaluationContextExtension, org.springframework.data.jpa.util.JpaMetamodelCacheCleanup, org.springframework.data.web.config.ProjectingArgumentResolverRegistrar, org.springframework.data.web.config.SpringDataJacksonConfiguration, org.springframework.data.web.config.SpringDataWebConfiguration, org.springframework.data.web.config.SpringDataWebSettings, org.springframework.security.config.annotation.authentication.configuration.AuthenticationConfiguration, org.springframework.security.config.annotation.configuration.ObjectPostProcessorConfiguration, org.springframework.security.config.annotation.web.configuration.HttpSecurityConfiguration, org.springframework.security.config.annotation.web.configuration.HttpSecurityConfiguration.httpSecurity, org.springframework.security.config.annotation.web.configuration.OAuth2ClientConfiguration, org.springframework.security.config.annotation.web.configuration.OAuth2ClientConfiguration$OAuth2AuthorizedClientManagerConfiguration, org.springframework.security.config.annotation.web.configuration.OAuth2ClientConfiguration$OAuth2ClientWebMvcSecurityConfiguration, org.springframework.security.config.annotation.web.configuration.SecurityReactorContextConfiguration, org.springframework.security.config.annotation.web.configuration.WebMvcSecurityConfiguration, org.springframework.security.config.annotation.web.configuration.WebSecurityConfiguration, org.springframework.transaction.annotation.ProxyTransactionManagementConfiguration, org.springframework.transaction.config.internalTransactionAdvisor, org.springframework.transaction.config.internalTransactionalEventListenerFactory, pageModule, pageableCustomizer, pageableOpenAPIConverter, pageableResolver, parameterBuilder, parameterNamesModule, passwordEncoder, persistenceExceptionTranslationPostProcessor, persistenceManagedTypes, platformTransactionManagerCustomizers, polymorphicModelConverter, preLoadDatabase, preserveErrorControllerTargetClassPostProcessor, privilegeEvaluator, produtoController, produtoRepository, produtoService, projectingArgumentResolverBeanPostProcessor, propertyResolverUtils, propertySourcesPlaceholderConfigurer, queryDslQuerydslPredicateOperationCustomizer, reactiveCompositeDiscoveryClient, reactorClientHttpConnectorFactory, reactorResourceFactory, refreshEventListener, refreshScope, refreshScopeLifecycle, rememberMeServicesCookieSerializerCustomizer, requestBodyBuilder, requestBuilder, requestContextFilter, requestDataValueProcessor, requestMappingHandlerAdapter, requestMappingHandlerMapping, resourceHandlerMapping, responseBuilder, responseErrorHandler, responseSupportConverter, restClientBuilder, restClientBuilderConfigurer, restClientSsl, restTemplate, restTemplateBuilder, restTemplateBuilderConfigurer, retryTemplate, routerFunctionMapping, routerFunctionProvider, schemaPropertyDeprecatingConverter, securityConfiguration, securityFilter, securityFilterChain, securityFilterChainRegistration, securityParser, securityReactorContextSubscriberRegistrar, server-org.springframework.boot.autoconfigure.web.ServerProperties, servletWebServerFactoryCustomizer, simpleAsyncTaskExecutorBuilder, simpleAsyncTaskSchedulerBuilder, simpleControllerHandlerAdapter, simpleDiscoveryClient, simpleDiscoveryProperties, simpleReactiveDiscoveryClient, simpleReactiveDiscoveryProperties, sleuthPresentVerifier, sortCustomizer, sortOpenAPIConverter, sortResolver, spring.ai.chat.client-org.springframework.ai.autoconfigure.chat.client.ChatClientBuilderProperties, spring.ai.ollama-org.springframework.ai.autoconfigure.ollama.OllamaConnectionProperties, spring.ai.ollama.chat-org.springframework.ai.autoconfigure.ollama.OllamaChatProperties, spring.ai.ollama.embedding-org.springframework.ai.autoconfigure.ollama.OllamaEmbeddingProperties, spring.ai.retry-org.springframework.ai.autoconfigure.retry.SpringAiRetryProperties, spring.cloud.compatibility-verifier-org.springframework.cloud.configuration.CompatibilityVerifierProperties, spring.cloud.discovery.client.health-indicator-org.springframework.cloud.client.discovery.health.DiscoveryClientHealthIndicatorProperties, spring.cloud.function-org.springframework.cloud.function.context.FunctionProperties, spring.cloud.refresh-org.springframework.cloud.autoconfigure.RefreshAutoConfiguration$RefreshProperties, spring.cloud.service-registry.auto-registration-org.springframework.cloud.client.serviceregistry.AutoServiceRegistrationProperties, spring.codec-org.springframework.boot.autoconfigure.codec.CodecProperties, spring.data.jdbc-org.springframework.boot.autoconfigure.data.jdbc.JdbcDataProperties, spring.data.web-org.springframework.boot.autoconfigure.data.web.SpringDataWebProperties, spring.datasource-org.springframework.boot.autoconfigure.jdbc.DataSourceProperties, spring.gson-org.springframework.boot.autoconfigure.gson.GsonProperties, spring.info-org.springframework.boot.autoconfigure.info.ProjectInfoProperties, spring.jackson-org.springframework.boot.autoconfigure.jackson.JacksonProperties, spring.jdbc-org.springframework.boot.autoconfigure.jdbc.JdbcProperties, spring.jpa-org.springframework.boot.autoconfigure.orm.jpa.JpaProperties, spring.jpa.hibernate-org.springframework.boot.autoconfigure.orm.jpa.HibernateProperties, spring.lifecycle-org.springframework.boot.autoconfigure.context.LifecycleProperties, spring.mvc-org.springframework.boot.autoconfigure.web.servlet.WebMvcProperties, spring.netty-org.springframework.boot.autoconfigure.netty.NettyProperties, spring.reactor-org.springframework.boot.autoconfigure.reactor.ReactorProperties, spring.reactor.netty-org.springframework.boot.autoconfigure.reactor.netty.ReactorNettyProperties, spring.security-org.springframework.boot.autoconfigure.security.SecurityProperties, spring.security.oauth2.resourceserver-org.springframework.boot.autoconfigure.security.oauth2.resource.OAuth2ResourceServerProperties, spring.servlet.multipart-org.springframework.boot.autoconfigure.web.servlet.MultipartProperties, spring.session-org.springframework.boot.autoconfigure.session.SessionProperties, spring.sql.init-org.springframework.boot.autoconfigure.sql.init.SqlInitializationProperties, spring.ssl-org.springframework.boot.autoconfigure.ssl.SslProperties, spring.task.execution-org.springframework.boot.autoconfigure.task.TaskExecutionProperties, spring.task.scheduling-org.springframework.boot.autoconfigure.task.TaskSchedulingProperties, spring.thymeleaf-org.springframework.boot.autoconfigure.thymeleaf.ThymeleafProperties, spring.transaction-org.springframework.boot.autoconfigure.transaction.TransactionProperties, spring.web-org.springframework.boot.autoconfigure.web.WebProperties, spring.webflux-org.springframework.boot.autoconfigure.web.reactive.WebFluxProperties, springBootVersionVerifier, springDataWebPropertiesProvider, springDocCustomizers, springDocProviders, springSecurityFilterChain, springSecurityHandlerMappingIntrospectorBeanDefinitionRegistryPostProcessor, springWebProvider, springdocObjectMapperProvider, sslBundleRegistry, sslPropertiesSslBundleRegistrar, standardGsonBuilderCustomizer, standardJacksonObjectMapperBuilderCustomizer, stringHttpMessageConverter, swaggerAspect, swaggerConfigResource, swaggerResourceResolver, swaggerWebMvcConfigurer, swaggerWelcome, taskExecutorBuilder, taskSchedulerBuilder, templateEngine, testConfig, themeResolver, threadPoolTaskExecutorBuilder, threadPoolTaskSchedulerBuilder, thymeleafViewResolver, tokenService, tomcatServletWebServerFactory, tomcatServletWebServerFactoryCustomizer, transactionAttributeSource, transactionExecutionListeners, transactionInterceptor, transactionManager, transactionTemplate, userRepository, vendaController, vendaQueryService, vendaRepository, vendaService, viewControllerHandlerMapping, viewNameTranslator, viewResolver, webClientBuilder, webClientHttpConnector, webClientHttpConnectorCustomizer, webClientSsl, webConversionServiceProvider, webFluxSupportConverter, webSecurityExpressionHandler, webServerFactoryCustomizerBeanPostProcessor, websocketServletWebServerCustomizer, welcomePageHandlerMapping, welcomePageNotAcceptableHandlerMapping]
2024-08-01T09:27:25.745-03:00  INFO 10971 --- [coremastermarket] [    Test worker] o.s.cloud.context.scope.GenericScope     : BeanFactory id=efa0ffcb-3b4d-3f91-8c9f-9a97101dc8d7
2024-08-01T09:27:25.746-03:00 DEBUG 10971 --- [coremastermarket] [    Test worker] o.s.b.f.s.DefaultListableBeanFactory     : Creating shared instance of singleton bean 'propertySourcesPlaceholderConfigurer'
2024-08-01T09:27:25.749-03:00 DEBUG 10971 --- [coremastermarket] [    Test worker] o.s.b.f.s.DefaultListableBeanFactory     : Creating shared instance of singleton bean 'org.springframework.boot.test.mock.mockito.MockitoPostProcessor'
2024-08-01T09:27:25.750-03:00 DEBUG 10971 --- [coremastermarket] [    Test worker] o.s.b.f.s.DefaultListableBeanFactory     : Creating shared instance of singleton bean 'org.springframework.boot.sql.init.dependency.DatabaseInitializationDependencyConfigurer$DependsOnDatabaseInitializationPostProcessor'
2024-08-01T09:27:25.751-03:00 DEBUG 10971 --- [coremastermarket] [    Test worker] o.s.b.f.s.DefaultListableBeanFactory     : Creating shared instance of singleton bean 'emBeanDefinitionRegistrarPostProcessor'
2024-08-01T09:27:25.798-03:00 DEBUG 10971 --- [coremastermarket] [    Test worker] o.s.b.f.s.DefaultListableBeanFactory     : Creating shared instance of singleton bean 'org.springframework.context.event.internalEventListenerProcessor'
2024-08-01T09:27:25.799-03:00 DEBUG 10971 --- [coremastermarket] [    Test worker] o.s.b.f.s.DefaultListableBeanFactory     : Creating shared instance of singleton bean 'conversionServicePostProcessor'
2024-08-01T09:27:25.804-03:00 DEBUG 10971 --- [coremastermarket] [    Test worker] o.s.b.f.s.DefaultListableBeanFactory     : Creating shared instance of singleton bean 'preserveErrorControllerTargetClassPostProcessor'
2024-08-01T09:27:25.805-03:00 DEBUG 10971 --- [coremastermarket] [    Test worker] o.s.b.f.s.DefaultListableBeanFactory     : Creating shared instance of singleton bean 'org.springframework.context.event.internalEventListenerFactory'
2024-08-01T09:27:25.805-03:00 DEBUG 10971 --- [coremastermarket] [    Test worker] o.s.b.f.s.DefaultListableBeanFactory     : Creating shared instance of singleton bean 'org.springframework.transaction.config.internalTransactionalEventListenerFactory'
2024-08-01T09:27:25.808-03:00 DEBUG 10971 --- [coremastermarket] [    Test worker] o.s.b.f.s.DefaultListableBeanFactory     : Creating shared instance of singleton bean 'org.springframework.boot.test.mock.mockito.MockitoPostProcessor$SpyPostProcessor'
2024-08-01T09:27:25.809-03:00 DEBUG 10971 --- [coremastermarket] [    Test worker] o.s.b.f.s.DefaultListableBeanFactory     : Creating shared instance of singleton bean 'org.springframework.context.annotation.internalAutowiredAnnotationProcessor'
2024-08-01T09:27:25.810-03:00 DEBUG 10971 --- [coremastermarket] [    Test worker] o.s.b.f.s.DefaultListableBeanFactory     : Creating shared instance of singleton bean 'org.springframework.context.annotation.internalCommonAnnotationProcessor'
2024-08-01T09:27:25.812-03:00 DEBUG 10971 --- [coremastermarket] [    Test worker] o.s.b.f.s.DefaultListableBeanFactory     : Creating shared instance of singleton bean 'org.springframework.context.annotation.internalPersistenceAnnotationProcessor'
2024-08-01T09:27:25.813-03:00 DEBUG 10971 --- [coremastermarket] [    Test worker] o.s.b.f.s.DefaultListableBeanFactory     : Creating shared instance of singleton bean 'org.springframework.boot.context.properties.ConfigurationPropertiesBindingPostProcessor'
2024-08-01T09:27:25.813-03:00 DEBUG 10971 --- [coremastermarket] [    Test worker] o.s.b.f.s.DefaultListableBeanFactory     : Creating shared instance of singleton bean 'org.springframework.boot.context.internalConfigurationPropertiesBinder'
2024-08-01T09:27:25.814-03:00 DEBUG 10971 --- [coremastermarket] [    Test worker] o.s.b.f.s.DefaultListableBeanFactory     : Creating shared instance of singleton bean 'jdbcConnectionDetailsHikariBeanPostProcessor'
2024-08-01T09:27:25.816-03:00 DEBUG 10971 --- [coremastermarket] [    Test worker] o.s.b.f.s.DefaultListableBeanFactory     : Creating shared instance of singleton bean 'methodValidationPostProcessor'
2024-08-01T09:27:25.818-03:00 DEBUG 10971 --- [coremastermarket] [    Test worker] o.s.b.f.s.DefaultListableBeanFactory     : Autowiring by type from bean name 'methodValidationPostProcessor' via factory method to bean named 'environment'
2024-08-01T09:27:25.819-03:00 DEBUG 10971 --- [coremastermarket] [    Test worker] o.s.b.f.s.DefaultListableBeanFactory     : Creating shared instance of singleton bean 'org.springframework.boot.context.properties.EnableConfigurationPropertiesRegistrar.methodValidationExcludeFilter'
2024-08-01T09:27:25.831-03:00 DEBUG 10971 --- [coremastermarket] [    Test worker] o.s.b.f.s.DefaultListableBeanFactory     : Creating shared instance of singleton bean 'org.springframework.aop.config.internalAutoProxyCreator'
2024-08-01T09:27:25.844-03:00 DEBUG 10971 --- [coremastermarket] [    Test worker] o.s.b.f.s.DefaultListableBeanFactory     : Creating shared instance of singleton bean 'persistenceExceptionTranslationPostProcessor'
2024-08-01T09:27:25.845-03:00 DEBUG 10971 --- [coremastermarket] [    Test worker] o.s.b.f.s.DefaultListableBeanFactory     : Autowiring by type from bean name 'persistenceExceptionTranslationPostProcessor' via factory method to bean named 'environment'
2024-08-01T09:27:25.846-03:00 DEBUG 10971 --- [coremastermarket] [    Test worker] o.s.b.f.s.DefaultListableBeanFactory     : Creating shared instance of singleton bean 'webServerFactoryCustomizerBeanPostProcessor'
2024-08-01T09:27:25.846-03:00 DEBUG 10971 --- [coremastermarket] [    Test worker] o.s.b.f.s.DefaultListableBeanFactory     : Creating shared instance of singleton bean 'errorPageRegistrarBeanPostProcessor'
2024-08-01T09:27:25.847-03:00 DEBUG 10971 --- [coremastermarket] [    Test worker] o.s.b.f.s.DefaultListableBeanFactory     : Creating shared instance of singleton bean 'projectingArgumentResolverBeanPostProcessor'
2024-08-01T09:27:25.848-03:00 DEBUG 10971 --- [coremastermarket] [    Test worker] o.s.b.f.s.DefaultListableBeanFactory     : Creating shared instance of singleton bean 'org.springframework.transaction.config.internalTransactionAdvisor'
2024-08-01T09:27:25.848-03:00 DEBUG 10971 --- [coremastermarket] [    Test worker] o.s.b.f.s.DefaultListableBeanFactory     : Creating shared instance of singleton bean 'org.springframework.transaction.annotation.ProxyTransactionManagementConfiguration'
2024-08-01T09:27:25.861-03:00 DEBUG 10971 --- [coremastermarket] [    Test worker] .s.a.a.a.ReflectiveAspectJAdvisorFactory : Found AspectJ method: public void com.rodolfobrandao.coremastermarket.tools.swagger.SwaggerAspect.processDefaultOperation(org.aspectj.lang.JoinPoint) throws java.lang.Throwable
2024-08-01T09:27:25.960-03:00 DEBUG 10971 --- [coremastermarket] [    Test worker] o.s.b.f.s.DefaultListableBeanFactory     : Creating shared instance of singleton bean 'transactionAttributeSource'
2024-08-01T09:27:25.965-03:00 DEBUG 10971 --- [coremastermarket] [    Test worker] o.s.b.f.s.DefaultListableBeanFactory     : Creating shared instance of singleton bean 'transactionInterceptor'
2024-08-01T09:27:25.965-03:00 DEBUG 10971 --- [coremastermarket] [    Test worker] o.s.b.f.s.DefaultListableBeanFactory     : Autowiring by type from bean name 'transactionInterceptor' via factory method to bean named 'transactionAttributeSource'
2024-08-01T09:27:25.969-03:00 DEBUG 10971 --- [coremastermarket] [    Test worker] o.s.b.f.s.DefaultListableBeanFactory     : Autowiring by type from bean name 'org.springframework.transaction.config.internalTransactionAdvisor' via factory method to bean named 'transactionAttributeSource'
2024-08-01T09:27:25.969-03:00 DEBUG 10971 --- [coremastermarket] [    Test worker] o.s.b.f.s.DefaultListableBeanFactory     : Autowiring by type from bean name 'org.springframework.transaction.config.internalTransactionAdvisor' via factory method to bean named 'transactionInterceptor'
2024-08-01T09:27:25.985-03:00 DEBUG 10971 --- [coremastermarket] [    Test worker] o.s.b.f.s.DefaultListableBeanFactory     : Creating shared instance of singleton bean 'configurationPropertiesBeans'
2024-08-01T09:27:25.989-03:00 DEBUG 10971 --- [coremastermarket] [    Test worker] o.s.u.c.s.UiApplicationContextUtils      : Unable to locate ThemeSource with name 'themeSource': using default [org.springframework.ui.context.support.ResourceBundleThemeSource@4b50c21]
2024-08-01T09:27:25.991-03:00 DEBUG 10971 --- [coremastermarket] [    Test worker] o.s.b.f.s.DefaultListableBeanFactory     : Creating shared instance of singleton bean 'org.springframework.cloud.autoconfigure.RefreshAutoConfiguration$JpaInvokerConfiguration'
2024-08-01T09:27:25.994-03:00 DEBUG 10971 --- [coremastermarket] [    Test worker] o.s.b.f.s.DefaultListableBeanFactory     : Creating shared instance of singleton bean 'dataSourceScriptDatabaseInitializer'
2024-08-01T09:27:25.994-03:00 DEBUG 10971 --- [coremastermarket] [    Test worker] o.s.b.f.s.DefaultListableBeanFactory     : Creating shared instance of singleton bean 'org.springframework.boot.autoconfigure.sql.init.DataSourceInitializationConfiguration'
2024-08-01T09:27:25.995-03:00 DEBUG 10971 --- [coremastermarket] [    Test worker] o.s.b.f.s.DefaultListableBeanFactory     : Creating shared instance of singleton bean 'dataSource'
2024-08-01T09:27:25.995-03:00 DEBUG 10971 --- [coremastermarket] [    Test worker] o.s.b.f.s.DefaultListableBeanFactory     : Creating shared instance of singleton bean 'org.springframework.boot.autoconfigure.jdbc.DataSourceConfiguration$Hikari'
2024-08-01T09:27:25.996-03:00 DEBUG 10971 --- [coremastermarket] [    Test worker] o.s.b.f.s.DefaultListableBeanFactory     : Creating shared instance of singleton bean 'spring.datasource-org.springframework.boot.autoconfigure.jdbc.DataSourceProperties'
2024-08-01T09:27:25.997-03:00 DEBUG 10971 --- [coremastermarket] [    Test worker] o.s.b.f.s.DefaultListableBeanFactory     : Creating shared instance of singleton bean 'org.springframework.boot.context.properties.BoundConfigurationProperties'
2024-08-01T09:27:25.999-03:00 DEBUG 10971 --- [coremastermarket] [    Test worker] o.s.b.f.s.DefaultListableBeanFactory     : Creating shared instance of singleton bean 'defaultsBindHandlerAdvisor'
2024-08-01T09:27:25.999-03:00 DEBUG 10971 --- [coremastermarket] [    Test worker] o.s.b.f.s.DefaultListableBeanFactory     : Creating shared instance of singleton bean 'org.springframework.cloud.commons.config.CommonsConfigAutoConfiguration'
2024-08-01T09:27:26.002-03:00 DEBUG 10971 --- [coremastermarket] [    Test worker] o.s.b.f.s.DefaultListableBeanFactory     : Creating shared instance of singleton bean 'loadBalancerClientsDefaultsMappingsProvider'
2024-08-01T09:27:26.002-03:00 DEBUG 10971 --- [coremastermarket] [    Test worker] o.s.b.f.s.DefaultListableBeanFactory     : Creating shared instance of singleton bean 'org.springframework.cloud.client.loadbalancer.LoadBalancerDefaultMappingsProviderAutoConfiguration'
2024-08-01T09:27:26.004-03:00 DEBUG 10971 --- [coremastermarket] [    Test worker] o.s.b.f.s.DefaultListableBeanFactory     : Autowiring by type from bean name 'defaultsBindHandlerAdvisor' via factory method to bean named 'loadBalancerClientsDefaultsMappingsProvider'
2024-08-01T09:27:26.018-03:00 DEBUG 10971 --- [coremastermarket] [    Test worker] o.s.b.f.s.DefaultListableBeanFactory     : Creating shared instance of singleton bean 'jdbcConnectionDetails'
2024-08-01T09:27:26.018-03:00 DEBUG 10971 --- [coremastermarket] [    Test worker] o.s.b.f.s.DefaultListableBeanFactory     : Creating shared instance of singleton bean 'org.springframework.boot.autoconfigure.jdbc.DataSourceAutoConfiguration$PooledDataSourceConfiguration'
2024-08-01T09:27:26.019-03:00 DEBUG 10971 --- [coremastermarket] [    Test worker] o.s.b.f.s.DefaultListableBeanFactory     : Autowiring by type from bean name 'jdbcConnectionDetails' via factory method to bean named 'spring.datasource-org.springframework.boot.autoconfigure.jdbc.DataSourceProperties'
2024-08-01T09:27:26.021-03:00 DEBUG 10971 --- [coremastermarket] [    Test worker] o.s.b.f.s.DefaultListableBeanFactory     : Autowiring by type from bean name 'dataSource' via factory method to bean named 'spring.datasource-org.springframework.boot.autoconfigure.jdbc.DataSourceProperties'
2024-08-01T09:27:26.021-03:00 DEBUG 10971 --- [coremastermarket] [    Test worker] o.s.b.f.s.DefaultListableBeanFactory     : Autowiring by type from bean name 'dataSource' via factory method to bean named 'jdbcConnectionDetails'
2024-08-01T09:27:26.057-03:00 DEBUG 10971 --- [coremastermarket] [    Test worker] o.s.b.f.s.DefaultListableBeanFactory     : Creating shared instance of singleton bean 'spring.sql.init-org.springframework.boot.autoconfigure.sql.init.SqlInitializationProperties'
2024-08-01T09:27:26.061-03:00 DEBUG 10971 --- [coremastermarket] [    Test worker] o.s.b.f.s.DefaultListableBeanFactory     : Autowiring by type from bean name 'dataSourceScriptDatabaseInitializer' via factory method to bean named 'dataSource'
2024-08-01T09:27:26.061-03:00 DEBUG 10971 --- [coremastermarket] [    Test worker] o.s.b.f.s.DefaultListableBeanFactory     : Autowiring by type from bean name 'dataSourceScriptDatabaseInitializer' via factory method to bean named 'spring.sql.init-org.springframework.boot.autoconfigure.sql.init.SqlInitializationProperties'
2024-08-01T09:27:26.066-03:00 DEBUG 10971 --- [coremastermarket] [    Test worker] o.s.b.f.s.DefaultListableBeanFactory     : Creating shared instance of singleton bean 'entityManagerFactory'
2024-08-01T09:27:26.067-03:00 DEBUG 10971 --- [coremastermarket] [    Test worker] o.s.b.f.s.DefaultListableBeanFactory     : Creating shared instance of singleton bean 'org.springframework.boot.autoconfigure.orm.jpa.HibernateJpaConfiguration'
2024-08-01T09:27:26.068-03:00 DEBUG 10971 --- [coremastermarket] [    Test worker] o.s.b.f.s.DefaultListableBeanFactory     : Creating shared instance of singleton bean 'spring.jpa-org.springframework.boot.autoconfigure.orm.jpa.JpaProperties'
2024-08-01T09:27:26.074-03:00 DEBUG 10971 --- [coremastermarket] [    Test worker] o.s.b.f.s.DefaultListableBeanFactory     : Creating shared instance of singleton bean 'spring.jpa.hibernate-org.springframework.boot.autoconfigure.orm.jpa.HibernateProperties'
2024-08-01T09:27:26.076-03:00 DEBUG 10971 --- [coremastermarket] [    Test worker] o.s.b.f.s.DefaultListableBeanFactory     : Autowiring by type from bean name 'org.springframework.boot.autoconfigure.orm.jpa.HibernateJpaConfiguration' via constructor to bean named 'dataSource'
2024-08-01T09:27:26.077-03:00 DEBUG 10971 --- [coremastermarket] [    Test worker] o.s.b.f.s.DefaultListableBeanFactory     : Autowiring by type from bean name 'org.springframework.boot.autoconfigure.orm.jpa.HibernateJpaConfiguration' via constructor to bean named 'spring.jpa-org.springframework.boot.autoconfigure.orm.jpa.JpaProperties'
2024-08-01T09:27:26.077-03:00 DEBUG 10971 --- [coremastermarket] [    Test worker] o.s.b.f.s.DefaultListableBeanFactory     : Autowiring by type from bean name 'org.springframework.boot.autoconfigure.orm.jpa.HibernateJpaConfiguration' via constructor to bean named 'org.springframework.beans.factory.support.DefaultListableBeanFactory@66c38e51'
2024-08-01T09:27:26.077-03:00 DEBUG 10971 --- [coremastermarket] [    Test worker] o.s.b.f.s.DefaultListableBeanFactory     : Autowiring by type from bean name 'org.springframework.boot.autoconfigure.orm.jpa.HibernateJpaConfiguration' via constructor to bean named 'spring.jpa.hibernate-org.springframework.boot.autoconfigure.orm.jpa.HibernateProperties'
2024-08-01T09:27:26.078-03:00 DEBUG 10971 --- [coremastermarket] [    Test worker] o.s.b.f.s.DefaultListableBeanFactory     : Creating shared instance of singleton bean 'hikariPoolDataSourceMetadataProvider'
2024-08-01T09:27:26.078-03:00 DEBUG 10971 --- [coremastermarket] [    Test worker] o.s.b.f.s.DefaultListableBeanFactory     : Creating shared instance of singleton bean 'org.springframework.boot.autoconfigure.jdbc.metadata.DataSourcePoolMetadataProvidersConfiguration$HikariPoolDataSourceMetadataProviderConfiguration'
2024-08-01T09:27:26.083-03:00 DEBUG 10971 --- [coremastermarket] [    Test worker] o.s.b.f.s.DefaultListableBeanFactory     : Creating shared instance of singleton bean 'entityManagerFactoryBuilder'
2024-08-01T09:27:26.084-03:00 DEBUG 10971 --- [coremastermarket] [    Test worker] o.s.b.f.s.DefaultListableBeanFactory     : Creating shared instance of singleton bean 'jpaVendorAdapter'
2024-08-01T09:27:26.096-03:00 DEBUG 10971 --- [coremastermarket] [    Test worker] o.s.b.f.s.DefaultListableBeanFactory     : Autowiring by type from bean name 'entityManagerFactoryBuilder' via factory method to bean named 'jpaVendorAdapter'
2024-08-01T09:27:26.099-03:00 DEBUG 10971 --- [coremastermarket] [    Test worker] o.s.b.f.s.DefaultListableBeanFactory     : Creating shared instance of singleton bean 'persistenceManagedTypes'
2024-08-01T09:27:26.100-03:00 DEBUG 10971 --- [coremastermarket] [    Test worker] o.s.b.f.s.DefaultListableBeanFactory     : Autowiring by type from bean name 'persistenceManagedTypes' via factory method to bean named 'org.springframework.beans.factory.support.DefaultListableBeanFactory@66c38e51'
2024-08-01T09:27:26.100-03:00 DEBUG 10971 --- [coremastermarket] [    Test worker] o.s.b.f.s.DefaultListableBeanFactory     : Autowiring by type from bean name 'persistenceManagedTypes' via factory method to bean named 'org.springframework.web.context.support.GenericWebApplicationContext@7495699f'
2024-08-01T09:27:26.109-03:00 DEBUG 10971 --- [coremastermarket] [    Test worker] o.s.b.f.s.DefaultListableBeanFactory     : Autowiring by type from bean name 'entityManagerFactory' via factory method to bean named 'entityManagerFactoryBuilder'
2024-08-01T09:27:26.109-03:00 DEBUG 10971 --- [coremastermarket] [    Test worker] o.s.b.f.s.DefaultListableBeanFactory     : Autowiring by type from bean name 'entityManagerFactory' via factory method to bean named 'persistenceManagedTypes'
2024-08-01T09:27:26.132-03:00 DEBUG 10971 --- [coremastermarket] [    Test worker] j.LocalContainerEntityManagerFactoryBean : Building JPA container EntityManagerFactory for persistence unit 'default'
2024-08-01T09:27:26.149-03:00  INFO 10971 --- [coremastermarket] [    Test worker] o.hibernate.jpa.internal.util.LogHelper  : HHH000204: Processing PersistenceUnitInfo [name: default]
2024-08-01T09:27:26.207-03:00  INFO 10971 --- [coremastermarket] [    Test worker] org.hibernate.Version                    : HHH000412: Hibernate ORM core version 6.5.2.Final
2024-08-01T09:27:26.239-03:00  INFO 10971 --- [coremastermarket] [    Test worker] o.h.c.internal.RegionFactoryInitiator    : HHH000026: Second-level cache disabled
2024-08-01T09:27:26.508-03:00  INFO 10971 --- [coremastermarket] [    Test worker] o.s.o.j.p.SpringPersistenceUnitInfo      : No LoadTimeWeaver setup: ignoring JPA class transformer
2024-08-01T09:27:26.539-03:00  INFO 10971 --- [coremastermarket] [    Test worker] com.zaxxer.hikari.HikariDataSource       : HikariPool-1 - Starting...
2024-08-01T09:27:26.705-03:00  INFO 10971 --- [coremastermarket] [    Test worker] com.zaxxer.hikari.pool.HikariPool        : HikariPool-1 - Added connection org.postgresql.jdbc.PgConnection@3465edf9
2024-08-01T09:27:26.706-03:00  INFO 10971 --- [coremastermarket] [    Test worker] com.zaxxer.hikari.HikariDataSource       : HikariPool-1 - Start completed.
2024-08-01T09:27:26.745-03:00  WARN 10971 --- [coremastermarket] [    Test worker] org.hibernate.orm.deprecation            : HHH90000025: PostgreSQLDialect does not need to be specified explicitly using 'hibernate.dialect' (remove the property setting and it will be selected by default)
2024-08-01T09:27:27.798-03:00  INFO 10971 --- [coremastermarket] [    Test worker] o.h.e.t.j.p.i.JtaPlatformInitiator       : HHH000489: No JTA platform available (set 'hibernate.transaction.jta.platform' to enable JTA platform integration)
Hibernate: alter table if exists users alter column profile_img set data type TEXT
2024-08-01T09:27:27.891-03:00  INFO 10971 --- [coremastermarket] [    Test worker] j.LocalContainerEntityManagerFactoryBean : Initialized JPA EntityManagerFactory for persistence unit 'default'
2024-08-01T09:27:27.902-03:00 DEBUG 10971 --- [coremastermarket] [    Test worker] o.s.b.f.s.DefaultListableBeanFactory     : Creating shared instance of singleton bean 'coremastermarketApplication'
2024-08-01T09:27:27.903-03:00 DEBUG 10971 --- [coremastermarket] [    Test worker] o.s.b.f.s.DefaultListableBeanFactory     : Creating shared instance of singleton bean 'testConfig'
2024-08-01T09:27:27.904-03:00 DEBUG 10971 --- [coremastermarket] [    Test worker] o.s.b.f.s.DefaultListableBeanFactory     : Creating shared instance of singleton bean 'preLoadDatabase'
2024-08-01T09:27:27.907-03:00 DEBUG 10971 --- [coremastermarket] [    Test worker] o.s.b.f.s.DefaultListableBeanFactory     : Creating shared instance of singleton bean 'jdbcClient'
2024-08-01T09:27:27.907-03:00 DEBUG 10971 --- [coremastermarket] [    Test worker] o.s.b.f.s.DefaultListableBeanFactory     : Creating shared instance of singleton bean 'org.springframework.boot.autoconfigure.jdbc.JdbcClientAutoConfiguration'
2024-08-01T09:27:27.908-03:00 DEBUG 10971 --- [coremastermarket] [    Test worker] o.s.b.f.s.DefaultListableBeanFactory     : Creating shared instance of singleton bean 'namedParameterJdbcTemplate'
2024-08-01T09:27:27.908-03:00 DEBUG 10971 --- [coremastermarket] [    Test worker] o.s.b.f.s.DefaultListableBeanFactory     : Creating shared instance of singleton bean 'org.springframework.boot.autoconfigure.jdbc.NamedParameterJdbcTemplateConfiguration'
2024-08-01T09:27:27.909-03:00 DEBUG 10971 --- [coremastermarket] [    Test worker] o.s.b.f.s.DefaultListableBeanFactory     : Creating shared instance of singleton bean 'jdbcTemplate'
2024-08-01T09:27:27.909-03:00 DEBUG 10971 --- [coremastermarket] [    Test worker] o.s.b.f.s.DefaultListableBeanFactory     : Creating shared instance of singleton bean 'org.springframework.boot.autoconfigure.jdbc.JdbcTemplateConfiguration'
2024-08-01T09:27:27.910-03:00 DEBUG 10971 --- [coremastermarket] [    Test worker] o.s.b.f.s.DefaultListableBeanFactory     : Creating shared instance of singleton bean 'spring.jdbc-org.springframework.boot.autoconfigure.jdbc.JdbcProperties'
2024-08-01T09:27:27.912-03:00 DEBUG 10971 --- [coremastermarket] [    Test worker] o.s.b.f.s.DefaultListableBeanFactory     : Autowiring by type from bean name 'jdbcTemplate' via factory method to bean named 'dataSource'
2024-08-01T09:27:27.913-03:00 DEBUG 10971 --- [coremastermarket] [    Test worker] o.s.b.f.s.DefaultListableBeanFactory     : Autowiring by type from bean name 'jdbcTemplate' via factory method to bean named 'spring.jdbc-org.springframework.boot.autoconfigure.jdbc.JdbcProperties'
2024-08-01T09:27:27.942-03:00 DEBUG 10971 --- [coremastermarket] [    Test worker] o.s.b.f.s.DefaultListableBeanFactory     : Autowiring by type from bean name 'namedParameterJdbcTemplate' via factory method to bean named 'jdbcTemplate'
2024-08-01T09:27:27.953-03:00 DEBUG 10971 --- [coremastermarket] [    Test worker] o.s.b.f.s.DefaultListableBeanFactory     : Autowiring by type from bean name 'jdbcClient' via factory method to bean named 'namedParameterJdbcTemplate'
2024-08-01T09:27:27.955-03:00 DEBUG 10971 --- [coremastermarket] [    Test worker] o.s.b.f.s.DefaultListableBeanFactory     : Autowiring by type from bean name 'preLoadDatabase' via constructor to bean named 'dataSource'
2024-08-01T09:27:27.955-03:00 DEBUG 10971 --- [coremastermarket] [    Test worker] o.s.b.f.s.DefaultListableBeanFactory     : Autowiring by type from bean name 'preLoadDatabase' via constructor to bean named 'jdbcClient'
2024-08-01T09:27:27.956-03:00 DEBUG 10971 --- [coremastermarket] [    Test worker] o.s.b.f.s.DefaultListableBeanFactory     : Creating shared instance of singleton bean 'clienteController'
2024-08-01T09:27:27.961-03:00 DEBUG 10971 --- [coremastermarket] [    Test worker] o.s.b.f.s.DefaultListableBeanFactory     : Creating shared instance of singleton bean 'clienteService'
2024-08-01T09:27:27.962-03:00 DEBUG 10971 --- [coremastermarket] [    Test worker] o.s.b.f.s.DefaultListableBeanFactory     : Creating shared instance of singleton bean 'clienteRepository'
[...]

   SwaggerConfig#swaggerUiHome:
      Did not match:
         - @ConditionalOnProperty (springdoc.swagger-ui.use-root-path=true) did not find property 'springdoc.swagger-ui.use-root-path' (OnPropertyCondition)

   SwaggerConfig.SwaggerActuatorWelcomeConfiguration:
      Did not match:
         - @ConditionalOnClass did not find required class 'org.springframework.boot.actuate.endpoint.web.servlet.WebMvcEndpointHandlerMapping' (OnClassCondition)

   TaskExecutorConfigurations.SimpleAsyncTaskExecutorBuilderConfiguration#simpleAsyncTaskExecutorBuilderVirtualThreads:
      Did not match:
         - @ConditionalOnMissingBean (types: org.springframework.boot.task.SimpleAsyncTaskExecutorBuilder; SearchStrategy: all) found beans of type 'org.springframework.boot.task.SimpleAsyncTaskExecutorBuilder' simpleAsyncTaskExecutorBuilder (OnBeanCondition)

   TaskExecutorConfigurations.TaskExecutorConfiguration#applicationTaskExecutorVirtualThreads:
      Did not match:
         - @ConditionalOnThreading did not find VIRTUAL (OnThreadingCondition)

   TaskSchedulingAutoConfiguration#scheduledBeanLazyInitializationExcludeFilter:
      Did not match:
         - @ConditionalOnBean (names: org.springframework.context.annotation.internalScheduledAnnotationProcessor; SearchStrategy: all) did not find any beans named org.springframework.context.annotation.internalScheduledAnnotationProcessor (OnBeanCondition)

   TaskSchedulingConfigurations.SimpleAsyncTaskSchedulerBuilderConfiguration#simpleAsyncTaskSchedulerBuilderVirtualThreads:
      Did not match:
         - @ConditionalOnMissingBean (types: org.springframework.boot.task.SimpleAsyncTaskSchedulerBuilder; SearchStrategy: all) found beans of type 'org.springframework.boot.task.SimpleAsyncTaskSchedulerBuilder' simpleAsyncTaskSchedulerBuilder (OnBeanCondition)

   TaskSchedulingConfigurations.TaskSchedulerConfiguration:
      Did not match:
         - @ConditionalOnBean (names: org.springframework.context.annotation.internalScheduledAnnotationProcessor; SearchStrategy: all) did not find any beans named org.springframework.context.annotation.internalScheduledAnnotationProcessor (OnBeanCondition)

   TemplateEngineConfigurations.ReactiveTemplateEngineConfiguration:
      Did not match:
         - not a reactive web application (OnWebApplicationCondition)

   ThymeleafAutoConfiguration.DataAttributeDialectConfiguration:
      Did not match:
         - @ConditionalOnClass did not find required class 'com.github.mxab.thymeleaf.extras.dataattribute.dialect.DataAttributeDialect' (OnClassCondition)

   ThymeleafAutoConfiguration.ThymeleafSecurityDialectConfiguration:
      Did not match:
         - @ConditionalOnClass did not find required class 'org.thymeleaf.extras.springsecurity6.dialect.SpringSecurityDialect' (OnClassCondition)

   ThymeleafAutoConfiguration.ThymeleafWebFluxConfiguration:
      Did not match:
         - not a reactive web application (OnWebApplicationCondition)

   ThymeleafAutoConfiguration.ThymeleafWebLayoutConfiguration:
      Did not match:
         - @ConditionalOnClass did not find required class 'nz.net.ultraq.thymeleaf.layoutdialect.LayoutDialect' (OnClassCondition)

   ThymeleafAutoConfiguration.ThymeleafWebMvcConfiguration#resourceUrlEncodingFilter:
      Did not match:
         - @ConditionalOnEnabledResourceChain did not find class org.webjars.WebJarAssetLocator (OnEnabledResourceChainCondition)

   TransactionAutoConfiguration#transactionalOperator:
      Did not match:
         - @ConditionalOnSingleCandidate (types: org.springframework.transaction.ReactiveTransactionManager; SearchStrategy: all) did not find any beans (OnBeanCondition)

   TransactionAutoConfiguration.AspectJTransactionManagementConfiguration:
      Did not match:
         - @ConditionalOnBean (types: org.springframework.transaction.aspectj.AbstractTransactionAspect; SearchStrategy: all) did not find any beans of type org.springframework.transaction.aspectj.AbstractTransactionAspect (OnBeanCondition)

   TransactionAutoConfiguration.EnableTransactionManagementConfiguration.JdkDynamicAutoProxyConfiguration:
      Did not match:
         - @ConditionalOnProperty (spring.aop.proxy-target-class=false) did not find property 'proxy-target-class' (OnPropertyCondition)

   TransformersEmbeddingModelAutoConfiguration:
      Did not match:
         - @ConditionalOnClass did not find required classes 'ai.onnxruntime.OrtSession', 'ai.djl.huggingface.tokenizers.HuggingFaceTokenizer', 'org.springframework.ai.transformers.TransformersEmbeddingModel' (OnClassCondition)

   UserDetailsServiceAutoConfiguration:
      Did not match:
         - AnyNestedCondition 0 matched 3 did not; NestedCondition on UserDetailsServiceAutoConfiguration.MissingAlternativeOrUserPropertiesConfigured.PasswordConfigured @ConditionalOnProperty (spring.security.user.password) did not find property 'password'; NestedCondition on UserDetailsServiceAutoConfiguration.MissingAlternativeOrUserPropertiesConfigured.NameConfigured @ConditionalOnProperty (spring.security.user.name) did not find property 'name'; NestedCondition on UserDetailsServiceAutoConfiguration.MissingAlternativeOrUserPropertiesConfigured.MissingAlternative @ConditionalOnMissingClass found unwanted classes 'org.springframework.security.oauth2.client.registration.ClientRegistrationRepository', 'org.springframework.security.oauth2.server.resource.introspection.OpaqueTokenIntrospector' (UserDetailsServiceAutoConfiguration.MissingAlternativeOrUserPropertiesConfigured)
      Matched:
         - @ConditionalOnClass found required class 'org.springframework.security.authentication.AuthenticationManager' (OnClassCondition)

   VertexAiGeminiAutoConfiguration:
      Did not match:
         - @ConditionalOnClass did not find required classes 'com.google.cloud.vertexai.VertexAI', 'org.springframework.ai.vertexai.gemini.VertexAiGeminiChatModel' (OnClassCondition)

   VertexAiPalm2AutoConfiguration:
      Did not match:
         - @ConditionalOnClass did not find required class 'org.springframework.ai.vertexai.palm2.api.VertexAiPaLm2Api' (OnClassCondition)

   WatsonxAiAutoConfiguration:
      Did not match:
         - @ConditionalOnClass did not find required class 'org.springframework.ai.watsonx.api.WatsonxAiApi' (OnClassCondition)

   WeaviateVectorStoreAutoConfiguration:
      Did not match:
         - @ConditionalOnClass did not find required class 'org.springframework.ai.vectorstore.WeaviateVectorStore' (OnClassCondition)

   WebFluxAutoConfiguration:
      Did not match:
         - not a reactive web application (OnWebApplicationCondition)
      Matched:
         - @ConditionalOnClass found required class 'org.springframework.web.reactive.config.WebFluxConfigurer' (OnClassCondition)

   WebMvcAutoConfiguration#hiddenHttpMethodFilter:
      Did not match:
         - @ConditionalOnProperty (spring.mvc.hiddenmethod.filter.enabled) did not find property 'enabled' (OnPropertyCondition)

   WebMvcAutoConfiguration.ProblemDetailsErrorHandlingConfiguration:
      Did not match:
         - @ConditionalOnProperty (spring.mvc.problemdetails.enabled=true) did not find property 'enabled' (OnPropertyCondition)

   WebMvcAutoConfiguration.ResourceChainCustomizerConfiguration:
      Did not match:
         - @ConditionalOnEnabledResourceChain did not find class org.webjars.WebJarAssetLocator (OnEnabledResourceChainCondition)

   WebMvcAutoConfiguration.WebMvcAutoConfigurationAdapter#beanNameViewResolver:
      Did not match:
         - @ConditionalOnMissingBean (types: org.springframework.web.servlet.view.BeanNameViewResolver; SearchStrategy: all) found beans of type 'org.springframework.web.servlet.view.BeanNameViewResolver' beanNameViewResolver (OnBeanCondition)

   WebServiceTemplateAutoConfiguration:
      Did not match:
         - @ConditionalOnClass did not find required class 'org.springframework.oxm.Marshaller' (OnClassCondition)

   WebServicesAutoConfiguration:
      Did not match:
         - @ConditionalOnClass did not find required class 'org.springframework.ws.transport.http.MessageDispatcherServlet' (OnClassCondition)

   WebSessionIdResolverAutoConfiguration:
      Did not match:
         - not a reactive web application (OnWebApplicationCondition)
      Matched:
         - @ConditionalOnClass found required classes 'org.springframework.web.server.session.WebSessionManager', 'reactor.core.publisher.Mono' (OnClassCondition)

   WebSocketMessagingAutoConfiguration:
      Did not match:
         - @ConditionalOnClass did not find required class 'org.springframework.web.socket.config.annotation.WebSocketMessageBrokerConfigurer' (OnClassCondition)

   WebSocketReactiveAutoConfiguration:
      Did not match:
         - not a reactive web application (OnWebApplicationCondition)
      Matched:
         - @ConditionalOnClass found required classes 'jakarta.servlet.Servlet', 'jakarta.websocket.server.ServerContainer' (OnClassCondition)

   WebSocketServletAutoConfiguration.JettyWebSocketConfiguration:
      Did not match:
         - @ConditionalOnClass did not find required class 'org.eclipse.jetty.ee10.websocket.jakarta.server.config.JakartaWebSocketServletContainerInitializer' (OnClassCondition)

   WebSocketServletAutoConfiguration.UndertowWebSocketConfiguration:
      Did not match:
         - @ConditionalOnClass did not find required class 'io.undertow.websockets.jsr.Bootstrap' (OnClassCondition)

   WritableEnvironmentEndpointAutoConfiguration:
      Did not match:
         - @ConditionalOnClass did not find required class 'org.springframework.boot.actuate.autoconfigure.env.EnvironmentEndpointProperties' (OnClassCondition)

   XADataSourceAutoConfiguration:
      Did not match:
         - @ConditionalOnBean (types: org.springframework.boot.jdbc.XADataSourceWrapper; SearchStrategy: all) did not find any beans of type org.springframework.boot.jdbc.XADataSourceWrapper (OnBeanCondition)
      Matched:
         - @ConditionalOnClass found required classes 'javax.sql.DataSource', 'jakarta.transaction.TransactionManager', 'org.springframework.jdbc.datasource.embedded.EmbeddedDatabaseType' (OnClassCondition)

   ZhiPuAiAutoConfiguration:
      Did not match:
         - @ConditionalOnClass did not find required class 'org.springframework.ai.zhipuai.api.ZhiPuAiApi' (OnClassCondition)


Exclusions:
-----------

    org.springframework.boot.autoconfigure.security.servlet.SecurityAutoConfiguration


Unconditional classes:
----------------------

    org.springframework.boot.autoconfigure.context.ConfigurationPropertiesAutoConfiguration

    org.springframework.cloud.client.ReactiveCommonsClientAutoConfiguration

    org.springframework.boot.autoconfigure.ssl.SslAutoConfiguration

    org.springframework.cloud.client.discovery.simple.SimpleDiscoveryClientAutoConfiguration

    org.springframework.boot.autoconfigure.context.PropertyPlaceholderAutoConfiguration

    org.springframework.boot.autoconfigure.context.LifecycleAutoConfiguration

    org.springframework.cloud.client.CommonsClientAutoConfiguration

    org.springframework.cloud.function.cloudevent.CloudEventsFunctionExtensionConfiguration

    org.springframework.cloud.commons.config.CommonsConfigAutoConfiguration

    org.springframework.cloud.function.context.config.ContextFunctionCatalogAutoConfiguration

    org.springframework.cloud.client.loadbalancer.LoadBalancerDefaultMappingsProviderAutoConfiguration

    org.springframework.cloud.client.discovery.composite.CompositeDiscoveryClientAutoConfiguration

    org.springframework.cloud.client.serviceregistry.ServiceRegistryAutoConfiguration

    org.springframework.cloud.autoconfigure.LifecycleMvcEndpointAutoConfiguration

    org.springframework.boot.autoconfigure.availability.ApplicationAvailabilityAutoConfiguration

    org.springframework.boot.autoconfigure.info.ProjectInfoAutoConfiguration



2024-08-01T09:27:29.880-03:00  INFO 10971 --- [coremastermarket] [    Test worker] c.r.c.CoremastermarketApplicationTests   : Started CoremastermarketApplicationTests in 5.77 seconds (process running for 6.84)
2024-08-01T09:27:29.881-03:00 DEBUG 10971 --- [coremastermarket] [    Test worker] o.s.b.a.ApplicationAvailabilityBean      : Application availability state LivenessState changed to CORRECT
2024-08-01T09:27:29.884-03:00  INFO 10971 --- [coremastermarket] [    Test worker] c.r.c.config.PreLoadDatabase             : Verificando se o banco de dados está vazio...
2024-08-01T09:27:29.889-03:00 DEBUG 10971 --- [coremastermarket] [    Test worker] o.s.jdbc.core.JdbcTemplate               : Executing prepared SQL query
2024-08-01T09:27:29.889-03:00 DEBUG 10971 --- [coremastermarket] [    Test worker] o.s.jdbc.core.JdbcTemplate               : Executing prepared SQL statement [SELECT COUNT(*) FROM users]
2024-08-01T09:27:29.889-03:00 DEBUG 10971 --- [coremastermarket] [    Test worker] o.s.jdbc.datasource.DataSourceUtils      : Fetching JDBC Connection from DataSource
2024-08-01T09:27:29.898-03:00  INFO 10971 --- [coremastermarket] [    Test worker] c.r.c.config.PreLoadDatabase             : Banco de dados possui registros. Não será necessário popular o banco de dados.
2024-08-01T09:27:29.900-03:00 DEBUG 10971 --- [coremastermarket] [    Test worker] o.s.b.a.ApplicationAvailabilityBean      : Application availability state ReadinessState changed to ACCEPTING_TRAFFIC
2024-08-01T09:27:29.901-03:00 DEBUG 10971 --- [coremastermarket] [    Test worker] org.springframework.test.context.cache   : Spring test ApplicationContext cache statistics: [DefaultContextCache@6d512521 size = 1, maxSize = 32, parentContextCount = 0, hitCount = 0, missCount = 1, failureCount = 0]
2024-08-01T09:27:29.901-03:00 DEBUG 10971 --- [coremastermarket] [    Test worker] o.s.t.c.w.ServletTestExecutionListener   : Setting up MockHttpServletRequest, MockHttpServletResponse, ServletWebRequest, and RequestContextHolder for test class com.rodolfobrandao.coremastermarket.CoremastermarketApplicationTests
2024-08-01T09:27:29.912-03:00 DEBUG 10971 --- [coremastermarket] [    Test worker] DependencyInjectionTestExecutionListener : Performing dependency injection for test class com.rodolfobrandao.coremastermarket.CoremastermarketApplicationTests
2024-08-01T09:27:29.913-03:00 DEBUG 10971 --- [coremastermarket] [    Test worker] org.springframework.test.context.cache   : Spring test ApplicationContext cache statistics: [DefaultContextCache@6d512521 size = 1, maxSize = 32, parentContextCount = 0, hitCount = 1, missCount = 1, failureCount = 0]
2024-08-01T09:27:29.913-03:00 DEBUG 10971 --- [coremastermarket] [    Test worker] org.springframework.test.context.cache   : Spring test ApplicationContext cache statistics: [DefaultContextCache@6d512521 size = 1, maxSize = 32, parentContextCount = 0, hitCount = 2, missCount = 1, failureCount = 0]
2024-08-01T09:27:29.916-03:00 DEBUG 10971 --- [coremastermarket] [    Test worker] sContextBeforeModesTestExecutionListener : Before test method: class [CoremastermarketApplicationTests], method [contextLoads], class annotated with @DirtiesContext [false] with mode [null], method annotated with @DirtiesContext [false] with mode [null]
2024-08-01T09:27:29.917-03:00 DEBUG 10971 --- [coremastermarket] [    Test worker] org.springframework.test.context.cache   : Spring test ApplicationContext cache statistics: [DefaultContextCache@6d512521 size = 1, maxSize = 32, parentContextCount = 0, hitCount = 3, missCount = 1, failureCount = 0]
2024-08-01T09:27:29.919-03:00 DEBUG 10971 --- [coremastermarket] [    Test worker] org.springframework.test.context.cache   : Spring test ApplicationContext cache statistics: [DefaultContextCache@6d512521 size = 1, maxSize = 32, parentContextCount = 0, hitCount = 4, missCount = 1, failureCount = 0]
2024-08-01T09:27:29.920-03:00 DEBUG 10971 --- [coremastermarket] [    Test worker] org.springframework.test.context.cache   : Spring test ApplicationContext cache statistics: [DefaultContextCache@6d512521 size = 1, maxSize = 32, parentContextCount = 0, hitCount = 5, missCount = 1, failureCount = 0]
2024-08-01T09:27:30.237-03:00 DEBUG 10971 --- [coremastermarket] [    Test worker] org.springframework.test.context.cache   : Spring test ApplicationContext cache statistics: [DefaultContextCache@6d512521 size = 1, maxSize = 32, parentContextCount = 0, hitCount = 6, missCount = 1, failureCount = 0]
2024-08-01T09:27:30.240-03:00 DEBUG 10971 --- [coremastermarket] [    Test worker] org.springframework.test.context.cache   : Spring test ApplicationContext cache statistics: [DefaultContextCache@6d512521 size = 1, maxSize = 32, parentContextCount = 0, hitCount = 7, missCount = 1, failureCount = 0]
2024-08-01T09:27:30.240-03:00 DEBUG 10971 --- [coremastermarket] [    Test worker] org.springframework.test.context.cache   : Spring test ApplicationContext cache statistics: [DefaultContextCache@6d512521 size = 1, maxSize = 32, parentContextCount = 0, hitCount = 8, missCount = 1, failureCount = 0]
2024-08-01T09:27:30.242-03:00 DEBUG 10971 --- [coremastermarket] [    Test worker] org.springframework.test.context.cache   : Spring test ApplicationContext cache statistics: [DefaultContextCache@6d512521 size = 1, maxSize = 32, parentContextCount = 0, hitCount = 9, missCount = 1, failureCount = 0]
2024-08-01T09:27:30.242-03:00 DEBUG 10971 --- [coremastermarket] [    Test worker] org.springframework.test.context.cache   : Spring test ApplicationContext cache statistics: [DefaultContextCache@6d512521 size = 1, maxSize = 32, parentContextCount = 0, hitCount = 10, missCount = 1, failureCount = 0]
2024-08-01T09:27:30.243-03:00 DEBUG 10971 --- [coremastermarket] [    Test worker] org.springframework.test.context.cache   : Spring test ApplicationContext cache statistics: [DefaultContextCache@6d512521 size = 1, maxSize = 32, parentContextCount = 0, hitCount = 11, missCount = 1, failureCount = 0]
2024-08-01T09:27:30.244-03:00 DEBUG 10971 --- [coremastermarket] [    Test worker] org.springframework.test.context.cache   : Spring test ApplicationContext cache statistics: [DefaultContextCache@6d512521 size = 1, maxSize = 32, parentContextCount = 0, hitCount = 12, missCount = 1, failureCount = 0]
2024-08-01T09:27:30.244-03:00 DEBUG 10971 --- [coremastermarket] [    Test worker] org.springframework.test.context.cache   : Spring test ApplicationContext cache statistics: [DefaultContextCache@6d512521 size = 1, maxSize = 32, parentContextCount = 0, hitCount = 13, missCount = 1, failureCount = 0]
2024-08-01T09:27:30.245-03:00 DEBUG 10971 --- [coremastermarket] [    Test worker] org.springframework.test.context.cache   : Spring test ApplicationContext cache statistics: [DefaultContextCache@6d512521 size = 1, maxSize = 32, parentContextCount = 0, hitCount = 14, missCount = 1, failureCount = 0]
2024-08-01T09:27:30.245-03:00 DEBUG 10971 --- [coremastermarket] [    Test worker] .c.s.DirtiesContextTestExecutionListener : After test method: class [CoremastermarketApplicationTests], method [contextLoads], class annotated with @DirtiesContext [false] with mode [null], method annotated with @DirtiesContext [false] with mode [null]
2024-08-01T09:27:30.245-03:00 DEBUG 10971 --- [coremastermarket] [    Test worker] o.s.t.c.w.ServletTestExecutionListener   : Resetting RequestContextHolder for test class com.rodolfobrandao.coremastermarket.CoremastermarketApplicationTests
2024-08-01T09:27:30.252-03:00 DEBUG 10971 --- [coremastermarket] [    Test worker] org.springframework.test.context.cache   : Spring test ApplicationContext cache statistics: [DefaultContextCache@6d512521 size = 1, maxSize = 32, parentContextCount = 0, hitCount = 15, missCount = 1, failureCount = 0]
2024-08-01T09:27:30.253-03:00 DEBUG 10971 --- [coremastermarket] [    Test worker] .c.s.DirtiesContextTestExecutionListener : After test class: class [CoremastermarketApplicationTests], class annotated with @DirtiesContext [false] with mode [null]
]]></system-out>
  <system-err><![CDATA[]]></system-err>
</testsuite>
